<?xml version="1.0" encoding="UTF-8"?>
<coverage generated="1580593119560" clover="3.2.0">
  <project timestamp="1580593119560" name="All files">
    <metrics statements="93" coveredstatements="77" conditionals="25" coveredconditionals="15" methods="37" coveredmethods="26" elements="155" coveredelements="118" complexity="0" loc="93" ncloc="93" packages="6" files="15" classes="15"/>
    <package name="src">
      <metrics statements="2" coveredstatements="2" conditionals="0" coveredconditionals="0" methods="1" coveredmethods="1"/>
      <file name="App.js" path="/Users/hezronkimutai/SIMS/bootcamp/speechDictionary/src/App.js">
        <metrics statements="2" coveredstatements="2" conditionals="0" coveredconditionals="0" methods="1" coveredmethods="1"/>
        <line num="7" count="1" type="stmt"/>
        <line num="9" count="1" type="stmt"/>
      </file>
    </package>
    <package name="src.components">
      <metrics statements="2" coveredstatements="2" conditionals="0" coveredconditionals="0" methods="1" coveredmethods="1"/>
      <file name="Layout.js" path="/Users/hezronkimutai/SIMS/bootcamp/speechDictionary/src/components/Layout.js">
        <metrics statements="2" coveredstatements="2" conditionals="0" coveredconditionals="0" methods="1" coveredmethods="1"/>
        <line num="14" count="2" type="stmt"/>
        <line num="15" count="1" type="stmt"/>
      </file>
    </package>
    <package name="src.components.current">
      <metrics statements="55" coveredstatements="45" conditionals="16" coveredconditionals="9" methods="24" coveredmethods="17"/>
      <file name="AddTerm.js" path="/Users/hezronkimutai/SIMS/bootcamp/speechDictionary/src/components/current/AddTerm.js">
        <metrics statements="18" coveredstatements="14" conditionals="0" coveredconditionals="0" methods="7" coveredmethods="6"/>
        <line num="6" count="3" type="stmt"/>
        <line num="7" count="2" type="stmt"/>
        <line num="8" count="1" type="stmt"/>
        <line num="11" count="2" type="stmt"/>
        <line num="12" count="2" type="stmt"/>
        <line num="18" count="2" type="stmt"/>
        <line num="19" count="2" type="stmt"/>
        <line num="20" count="0" type="stmt"/>
        <line num="22" count="2" type="stmt"/>
        <line num="23" count="2" type="stmt"/>
        <line num="25" count="2" type="stmt"/>
        <line num="26" count="0" type="stmt"/>
        <line num="27" count="0" type="stmt"/>
        <line num="28" count="0" type="stmt"/>
        <line num="30" count="2" type="stmt"/>
        <line num="33" count="1" type="stmt"/>
        <line num="40" count="3" type="stmt"/>
        <line num="41" count="2" type="stmt"/>
      </file>
      <file name="AllHistory.js" path="/Users/hezronkimutai/SIMS/bootcamp/speechDictionary/src/components/current/AllHistory.js">
        <metrics statements="7" coveredstatements="6" conditionals="4" coveredconditionals="2" methods="3" coveredmethods="2"/>
        <line num="6" count="3" type="stmt"/>
        <line num="7" count="2" type="stmt"/>
        <line num="8" count="2" type="stmt"/>
        <line num="12" count="0" type="stmt"/>
        <line num="19" count="3" type="stmt"/>
        <line num="20" count="2" type="stmt"/>
        <line num="21" count="2" type="stmt"/>
      </file>
      <file name="CurrentTermDetails.js" path="/Users/hezronkimutai/SIMS/bootcamp/speechDictionary/src/components/current/CurrentTermDetails.js">
        <metrics statements="11" coveredstatements="10" conditionals="8" coveredconditionals="5" methods="4" coveredmethods="3"/>
        <line num="6" count="3" type="stmt"/>
        <line num="7" count="2" type="cond" truecount="1" falsecount="1"/>
        <line num="8" count="2" type="stmt"/>
        <line num="12" count="0" type="stmt"/>
        <line num="19" count="3" type="stmt"/>
        <line num="20" count="2" type="stmt"/>
        <line num="22" count="2" type="stmt"/>
        <line num="23" count="2" type="stmt"/>
        <line num="24" count="2" type="stmt"/>
        <line num="25" count="2" type="stmt"/>
        <line num="28" count="2" type="cond" truecount="1" falsecount="1"/>
      </file>
      <file name="Term.js" path="/Users/hezronkimutai/SIMS/bootcamp/speechDictionary/src/components/current/Term.js">
        <metrics statements="5" coveredstatements="3" conditionals="0" coveredconditionals="0" methods="3" coveredmethods="1"/>
        <line num="6" count="5" type="stmt"/>
        <line num="7" count="1" type="stmt"/>
        <line num="8" count="0" type="stmt"/>
        <line num="10" count="1" type="stmt"/>
        <line num="12" count="0" type="stmt"/>
      </file>
      <file name="TermDetails.js" path="/Users/hezronkimutai/SIMS/bootcamp/speechDictionary/src/components/current/TermDetails.js">
        <metrics statements="14" coveredstatements="12" conditionals="4" coveredconditionals="2" methods="7" coveredmethods="5"/>
        <line num="4" count="4" type="stmt"/>
        <line num="5" count="1" type="stmt"/>
        <line num="6" count="1" type="stmt"/>
        <line num="7" count="1" type="stmt"/>
        <line num="8" count="1" type="stmt"/>
        <line num="9" count="1" type="stmt"/>
        <line num="10" count="1" type="cond" truecount="1" falsecount="1"/>
        <line num="12" count="1" type="stmt"/>
        <line num="13" count="1" type="cond" truecount="1" falsecount="1"/>
        <line num="15" count="1" type="stmt"/>
        <line num="29" count="0" type="stmt"/>
        <line num="35" count="1" type="stmt"/>
        <line num="46" count="0" type="stmt"/>
        <line num="53" count="1" type="stmt"/>
      </file>
    </package>
    <package name="src.components.history">
      <metrics statements="12" coveredstatements="9" conditionals="4" coveredconditionals="3" methods="6" coveredmethods="3"/>
      <file name="AllTimeTerm.js" path="/Users/hezronkimutai/SIMS/bootcamp/speechDictionary/src/components/history/AllTimeTerm.js">
        <metrics statements="5" coveredstatements="3" conditionals="0" coveredconditionals="0" methods="3" coveredmethods="1"/>
        <line num="6" count="4" type="stmt"/>
        <line num="7" count="1" type="stmt"/>
        <line num="8" count="0" type="stmt"/>
        <line num="11" count="1" type="stmt"/>
        <line num="13" count="0" type="stmt"/>
      </file>
      <file name="AllTimeTermsHistory.js" path="/Users/hezronkimutai/SIMS/bootcamp/speechDictionary/src/components/history/AllTimeTermsHistory.js">
        <metrics statements="7" coveredstatements="6" conditionals="4" coveredconditionals="3" methods="3" coveredmethods="2"/>
        <line num="7" count="3" type="stmt"/>
        <line num="8" count="1" type="stmt"/>
        <line num="9" count="1" type="stmt"/>
        <line num="13" count="0" type="stmt"/>
        <line num="20" count="3" type="stmt"/>
        <line num="21" count="1" type="stmt"/>
        <line num="22" count="1" type="stmt"/>
      </file>
    </package>
    <package name="src.redux">
      <metrics statements="12" coveredstatements="11" conditionals="0" coveredconditionals="0" methods="4" coveredmethods="3"/>
      <file name="actionTypes.js" path="/Users/hezronkimutai/SIMS/bootcamp/speechDictionary/src/redux/actionTypes.js">
        <metrics statements="3" coveredstatements="3" conditionals="0" coveredconditionals="0" methods="0" coveredmethods="0"/>
        <line num="1" count="10" type="stmt"/>
        <line num="2" count="10" type="stmt"/>
        <line num="3" count="10" type="stmt"/>
      </file>
      <file name="actions.js" path="/Users/hezronkimutai/SIMS/bootcamp/speechDictionary/src/redux/actions.js">
        <metrics statements="8" coveredstatements="7" conditionals="0" coveredconditionals="0" methods="3" coveredmethods="2"/>
        <line num="3" count="9" type="stmt"/>
        <line num="4" count="1" type="stmt"/>
        <line num="6" count="1" type="stmt"/>
        <line num="13" count="9" type="stmt"/>
        <line num="14" count="2" type="stmt"/>
        <line num="16" count="2" type="stmt"/>
        <line num="20" count="9" type="stmt"/>
        <line num="21" count="0" type="stmt"/>
      </file>
      <file name="selectors.js" path="/Users/hezronkimutai/SIMS/bootcamp/speechDictionary/src/redux/selectors.js">
        <metrics statements="1" coveredstatements="1" conditionals="0" coveredconditionals="0" methods="1" coveredmethods="1"/>
        <line num="1" count="5" type="stmt"/>
      </file>
      <file name="store.js" path="/Users/hezronkimutai/SIMS/bootcamp/speechDictionary/src/redux/store.js">
        <metrics statements="0" coveredstatements="0" conditionals="0" coveredconditionals="0" methods="0" coveredmethods="0"/>
      </file>
    </package>
    <package name="src.redux.reducers">
      <metrics statements="10" coveredstatements="8" conditionals="5" coveredconditionals="3" methods="1" coveredmethods="1"/>
      <file name="index.js" path="/Users/hezronkimutai/SIMS/bootcamp/speechDictionary/src/redux/reducers/index.js">
        <metrics statements="0" coveredstatements="0" conditionals="0" coveredconditionals="0" methods="0" coveredmethods="0"/>
      </file>
      <file name="terms.js" path="/Users/hezronkimutai/SIMS/bootcamp/speechDictionary/src/redux/reducers/terms.js">
        <metrics statements="10" coveredstatements="8" conditionals="5" coveredconditionals="3" methods="1" coveredmethods="1"/>
        <line num="3" count="1" type="stmt"/>
        <line num="10" count="3" type="stmt"/>
        <line num="12" count="3" type="cond" truecount="3" falsecount="1"/>
        <line num="14" count="0" type="stmt"/>
        <line num="15" count="0" type="stmt"/>
        <line num="28" count="1" type="stmt"/>
        <line num="29" count="1" type="stmt"/>
        <line num="35" count="1" type="stmt"/>
        <line num="36" count="1" type="stmt"/>
        <line num="42" count="1" type="stmt"/>
      </file>
    </package>
  </project>
</coverage>
