{"/Users/hezronkimutai/SIMS/REACT/pplfrontend/src/App.js": {"path":"/Users/hezronkimutai/SIMS/REACT/pplfrontend/src/App.js","statementMap":{"0":{"start":{"line":6,"column":2},"end":{"line":8,"column":4}}},"fnMap":{"0":{"name":"App","decl":{"start":{"line":5,"column":24},"end":{"line":5,"column":27}},"loc":{"start":{"line":5,"column":30},"end":{"line":9,"column":1}},"line":5}},"branchMap":{},"s":{"0":1},"f":{"0":1},"b":{},"_coverageSchema":"43e27e138ebf9cfc5966b082cf9a028302ed4184","hash":"c2433b70a343d0d81ba82ad73f222e1006ce9950"}
,"/Users/hezronkimutai/SIMS/REACT/pplfrontend/src/index.js": {"path":"/Users/hezronkimutai/SIMS/REACT/pplfrontend/src/index.js","statementMap":{"0":{"start":{"line":7,"column":20},"end":{"line":7,"column":56}},"1":{"start":{"line":8,"column":0},"end":{"line":13,"column":2}}},"fnMap":{},"branchMap":{},"s":{"0":0,"1":0},"f":{},"b":{},"hash":"75d84b1c320afd876f5e3605d4388eaf0cf3e1d8"}
,"/Users/hezronkimutai/SIMS/REACT/pplfrontend/src/server.js": {"path":"/Users/hezronkimutai/SIMS/REACT/pplfrontend/src/server.js","statementMap":{"0":{"start":{"line":1,"column":16},"end":{"line":1,"column":34}},"1":{"start":{"line":2,"column":12},"end":{"line":2,"column":21}},"2":{"start":{"line":3,"column":13},"end":{"line":3,"column":28}},"3":{"start":{"line":4,"column":13},"end":{"line":4,"column":37}},"4":{"start":{"line":6,"column":0},"end":{"line":6,"column":57}},"5":{"start":{"line":8,"column":0},"end":{"line":14,"column":1}},"6":{"start":{"line":9,"column":2},"end":{"line":9,"column":59}},"7":{"start":{"line":11,"column":2},"end":{"line":13,"column":5}},"8":{"start":{"line":12,"column":4},"end":{"line":12,"column":64}},"9":{"start":{"line":16,"column":0},"end":{"line":18,"column":3}},"10":{"start":{"line":17,"column":2},"end":{"line":17,"column":62}},"11":{"start":{"line":20,"column":0},"end":{"line":22,"column":3}},"12":{"start":{"line":21,"column":2},"end":{"line":21,"column":51}}},"fnMap":{"0":{"name":"(anonymous_0)","decl":{"start":{"line":11,"column":15},"end":{"line":11,"column":16}},"loc":{"start":{"line":11,"column":29},"end":{"line":13,"column":3}},"line":11},"1":{"name":"(anonymous_1)","decl":{"start":{"line":16,"column":13},"end":{"line":16,"column":14}},"loc":{"start":{"line":16,"column":27},"end":{"line":18,"column":1}},"line":16},"2":{"name":"(anonymous_2)","decl":{"start":{"line":20,"column":17},"end":{"line":20,"column":18}},"loc":{"start":{"line":20,"column":31},"end":{"line":22,"column":1}},"line":20}},"branchMap":{"0":{"loc":{"start":{"line":4,"column":13},"end":{"line":4,"column":37}},"type":"binary-expr","locations":[{"start":{"line":4,"column":13},"end":{"line":4,"column":29}},{"start":{"line":4,"column":33},"end":{"line":4,"column":37}}],"line":4},"1":{"loc":{"start":{"line":8,"column":0},"end":{"line":14,"column":1}},"type":"if","locations":[{"start":{"line":8,"column":0},"end":{"line":14,"column":1}},{"start":{"line":8,"column":0},"end":{"line":14,"column":1}}],"line":8}},"s":{"0":0,"1":0,"2":0,"3":0,"4":0,"5":0,"6":0,"7":0,"8":0,"9":0,"10":0,"11":0,"12":0},"f":{"0":0,"1":0,"2":0},"b":{"0":[0,0],"1":[0,0]},"hash":"e94364acffea4636e7edb2b0db149cb68a626cf7"}
,"/Users/hezronkimutai/SIMS/REACT/pplfrontend/src/components/AddTerm.js": {"path":"/Users/hezronkimutai/SIMS/REACT/pplfrontend/src/components/AddTerm.js","statementMap":{"0":{"start":{"line":6,"column":19},"end":{"line":27,"column":1}},"1":{"start":{"line":7,"column":16},"end":{"line":7,"column":33}},"2":{"start":{"line":8,"column":22},"end":{"line":10,"column":3}},"3":{"start":{"line":9,"column":4},"end":{"line":9,"column":26}},"4":{"start":{"line":11,"column":27},"end":{"line":15,"column":3}},"5":{"start":{"line":12,"column":21},"end":{"line":12,"column":69}},"6":{"start":{"line":13,"column":21},"end":{"line":13,"column":58}},"7":{"start":{"line":14,"column":4},"end":{"line":14,"column":33}},"8":{"start":{"line":16,"column":24},"end":{"line":18,"column":3}},"9":{"start":{"line":17,"column":4},"end":{"line":17,"column":28}},"10":{"start":{"line":19,"column":2},"end":{"line":26,"column":4}},"11":{"start":{"line":21,"column":28},"end":{"line":21,"column":55}},"12":{"start":{"line":30,"column":24},"end":{"line":32,"column":1}},"13":{"start":{"line":31,"column":2},"end":{"line":31,"column":15}}},"fnMap":{"0":{"name":"(anonymous_0)","decl":{"start":{"line":6,"column":19},"end":{"line":6,"column":20}},"loc":{"start":{"line":6,"column":28},"end":{"line":27,"column":1}},"line":6},"1":{"name":"(anonymous_1)","decl":{"start":{"line":8,"column":22},"end":{"line":8,"column":23}},"loc":{"start":{"line":8,"column":31},"end":{"line":10,"column":3}},"line":8},"2":{"name":"(anonymous_2)","decl":{"start":{"line":11,"column":27},"end":{"line":11,"column":28}},"loc":{"start":{"line":11,"column":44},"end":{"line":15,"column":3}},"line":11},"3":{"name":"(anonymous_3)","decl":{"start":{"line":16,"column":24},"end":{"line":16,"column":25}},"loc":{"start":{"line":16,"column":30},"end":{"line":18,"column":3}},"line":16},"4":{"name":"(anonymous_4)","decl":{"start":{"line":21,"column":23},"end":{"line":21,"column":24}},"loc":{"start":{"line":21,"column":28},"end":{"line":21,"column":55}},"line":21},"5":{"name":"(anonymous_5)","decl":{"start":{"line":30,"column":24},"end":{"line":30,"column":25}},"loc":{"start":{"line":30,"column":33},"end":{"line":32,"column":1}},"line":30}},"branchMap":{},"s":{"0":3,"1":0,"2":0,"3":0,"4":0,"5":0,"6":0,"7":0,"8":0,"9":0,"10":0,"11":0,"12":3,"13":1},"f":{"0":0,"1":0,"2":0,"3":0,"4":0,"5":1},"b":{},"_coverageSchema":"43e27e138ebf9cfc5966b082cf9a028302ed4184","hash":"cb740695cfd90964db989c042275121e2b87ac98"}
,"/Users/hezronkimutai/SIMS/REACT/pplfrontend/src/components/AllHistory.js": {"path":"/Users/hezronkimutai/SIMS/REACT/pplfrontend/src/components/AllHistory.js","statementMap":{"0":{"start":{"line":6,"column":19},"end":{"line":20,"column":1}},"1":{"start":{"line":7,"column":19},"end":{"line":7,"column":30}},"2":{"start":{"line":8,"column":2},"end":{"line":8,"column":32}},"3":{"start":{"line":11,"column":2},"end":{"line":19,"column":4}},"4":{"start":{"line":15,"column":12},"end":{"line":15,"column":52}},"5":{"start":{"line":22,"column":24},"end":{"line":25,"column":1}},"6":{"start":{"line":23,"column":19},"end":{"line":23,"column":30}},"7":{"start":{"line":24,"column":2},"end":{"line":24,"column":16}}},"fnMap":{"0":{"name":"(anonymous_0)","decl":{"start":{"line":6,"column":19},"end":{"line":6,"column":20}},"loc":{"start":{"line":6,"column":28},"end":{"line":20,"column":1}},"line":6},"1":{"name":"(anonymous_1)","decl":{"start":{"line":14,"column":23},"end":{"line":14,"column":24}},"loc":{"start":{"line":14,"column":40},"end":{"line":16,"column":11}},"line":14},"2":{"name":"(anonymous_2)","decl":{"start":{"line":22,"column":24},"end":{"line":22,"column":25}},"loc":{"start":{"line":22,"column":33},"end":{"line":25,"column":1}},"line":22}},"branchMap":{"0":{"loc":{"start":{"line":13,"column":7},"end":{"line":17,"column":12}},"type":"cond-expr","locations":[{"start":{"line":14,"column":10},"end":{"line":16,"column":12}},{"start":{"line":17,"column":10},"end":{"line":17,"column":12}}],"line":13},"1":{"loc":{"start":{"line":13,"column":7},"end":{"line":13,"column":34}},"type":"binary-expr","locations":[{"start":{"line":13,"column":7},"end":{"line":13,"column":15}},{"start":{"line":13,"column":19},"end":{"line":13,"column":34}}],"line":13}},"s":{"0":3,"1":0,"2":0,"3":0,"4":0,"5":3,"6":1,"7":1},"f":{"0":0,"1":0,"2":1},"b":{"0":[0,0],"1":[0,0]},"_coverageSchema":"43e27e138ebf9cfc5966b082cf9a028302ed4184","hash":"dcf9429a6475b9c78a58f01b63d9844dbf56d118"}
,"/Users/hezronkimutai/SIMS/REACT/pplfrontend/src/components/CurrentTermDetails.js": {"path":"/Users/hezronkimutai/SIMS/REACT/pplfrontend/src/components/CurrentTermDetails.js","statementMap":{"0":{"start":{"line":6,"column":27},"end":{"line":17,"column":1}},"1":{"start":{"line":7,"column":19},"end":{"line":7,"column":54}},"2":{"start":{"line":8,"column":2},"end":{"line":16,"column":4}},"3":{"start":{"line":12,"column":12},"end":{"line":12,"column":59}},"4":{"start":{"line":19,"column":24},"end":{"line":27,"column":1}},"5":{"start":{"line":20,"column":17},"end":{"line":20,"column":28}},"6":{"start":{"line":21,"column":19},"end":{"line":21,"column":31}},"7":{"start":{"line":22,"column":19},"end":{"line":22,"column":35}},"8":{"start":{"line":23,"column":22},"end":{"line":25,"column":4}},"9":{"start":{"line":24,"column":4},"end":{"line":24,"column":31}},"10":{"start":{"line":26,"column":2},"end":{"line":26,"column":24}}},"fnMap":{"0":{"name":"(anonymous_0)","decl":{"start":{"line":6,"column":27},"end":{"line":6,"column":28}},"loc":{"start":{"line":6,"column":36},"end":{"line":17,"column":1}},"line":6},"1":{"name":"(anonymous_1)","decl":{"start":{"line":11,"column":23},"end":{"line":11,"column":24}},"loc":{"start":{"line":11,"column":40},"end":{"line":13,"column":11}},"line":11},"2":{"name":"(anonymous_2)","decl":{"start":{"line":19,"column":24},"end":{"line":19,"column":25}},"loc":{"start":{"line":19,"column":33},"end":{"line":27,"column":1}},"line":19},"3":{"name":"(anonymous_3)","decl":{"start":{"line":23,"column":38},"end":{"line":23,"column":39}},"loc":{"start":{"line":23,"column":46},"end":{"line":25,"column":3}},"line":23}},"branchMap":{"0":{"loc":{"start":{"line":7,"column":19},"end":{"line":7,"column":54}},"type":"cond-expr","locations":[{"start":{"line":7,"column":33},"end":{"line":7,"column":51}},{"start":{"line":7,"column":52},"end":{"line":7,"column":54}}],"line":7},"1":{"loc":{"start":{"line":10,"column":7},"end":{"line":14,"column":12}},"type":"cond-expr","locations":[{"start":{"line":11,"column":10},"end":{"line":13,"column":12}},{"start":{"line":14,"column":10},"end":{"line":14,"column":12}}],"line":10},"2":{"loc":{"start":{"line":10,"column":7},"end":{"line":10,"column":34}},"type":"binary-expr","locations":[{"start":{"line":10,"column":7},"end":{"line":10,"column":15}},{"start":{"line":10,"column":19},"end":{"line":10,"column":34}}],"line":10}},"s":{"0":2,"1":0,"2":0,"3":0,"4":2,"5":0,"6":0,"7":0,"8":0,"9":0,"10":0},"f":{"0":0,"1":0,"2":0,"3":0},"b":{"0":[0,0],"1":[0,0],"2":[0,0]},"_coverageSchema":"43e27e138ebf9cfc5966b082cf9a028302ed4184","hash":"b19243922e20fc6c73227749f8580c15f1ce6f9b"}
,"/Users/hezronkimutai/SIMS/REACT/pplfrontend/src/components/Layout.js": {"path":"/Users/hezronkimutai/SIMS/REACT/pplfrontend/src/components/Layout.js","statementMap":{"0":{"start":{"line":8,"column":16},"end":{"line":20,"column":1}},"1":{"start":{"line":9,"column":2},"end":{"line":19,"column":8}}},"fnMap":{"0":{"name":"(anonymous_0)","decl":{"start":{"line":8,"column":16},"end":{"line":8,"column":17}},"loc":{"start":{"line":9,"column":2},"end":{"line":19,"column":8}},"line":9}},"branchMap":{},"s":{"0":2,"1":0},"f":{"0":0},"b":{},"_coverageSchema":"43e27e138ebf9cfc5966b082cf9a028302ed4184","hash":"49fbb4b4b4cd4f13a78cc8f8861953a02bd20efb"}
,"/Users/hezronkimutai/SIMS/REACT/pplfrontend/src/components/Term.js": {"path":"/Users/hezronkimutai/SIMS/REACT/pplfrontend/src/components/Term.js","statementMap":{"0":{"start":{"line":6,"column":14},"end":{"line":16,"column":2}},"1":{"start":{"line":7,"column":29},"end":{"line":9,"column":3}},"2":{"start":{"line":8,"column":4},"end":{"line":8,"column":34}},"3":{"start":{"line":10,"column":3},"end":{"line":15,"column":2}},"4":{"start":{"line":12,"column":44},"end":{"line":12,"column":77}}},"fnMap":{"0":{"name":"(anonymous_0)","decl":{"start":{"line":6,"column":14},"end":{"line":6,"column":15}},"loc":{"start":{"line":6,"column":27},"end":{"line":16,"column":2}},"line":6},"1":{"name":"(anonymous_1)","decl":{"start":{"line":7,"column":29},"end":{"line":7,"column":30}},"loc":{"start":{"line":7,"column":44},"end":{"line":9,"column":3}},"line":7},"2":{"name":"(anonymous_2)","decl":{"start":{"line":12,"column":40},"end":{"line":12,"column":41}},"loc":{"start":{"line":12,"column":44},"end":{"line":12,"column":77}},"line":12}},"branchMap":{},"s":{"0":4,"1":0,"2":0,"3":0,"4":0},"f":{"0":0,"1":0,"2":0},"b":{},"_coverageSchema":"43e27e138ebf9cfc5966b082cf9a028302ed4184","hash":"0ad11f261fed5b37a5820f3a10b88114b7cdea4f"}
,"/Users/hezronkimutai/SIMS/REACT/pplfrontend/src/components/TermDetails.js": {"path":"/Users/hezronkimutai/SIMS/REACT/pplfrontend/src/components/TermDetails.js","statementMap":{"0":{"start":{"line":4,"column":20},"end":{"line":34,"column":1}},"1":{"start":{"line":5,"column":21},"end":{"line":5,"column":57}},"2":{"start":{"line":6,"column":2},"end":{"line":6,"column":48}},"3":{"start":{"line":8,"column":2},"end":{"line":10,"column":9}},"4":{"start":{"line":9,"column":7},"end":{"line":9,"column":42}},"5":{"start":{"line":11,"column":6},"end":{"line":11,"column":51}},"6":{"start":{"line":13,"column":2},"end":{"line":33,"column":4}},"7":{"start":{"line":18,"column":30},"end":{"line":18,"column":47}},"8":{"start":{"line":19,"column":58},"end":{"line":19,"column":75}},"9":{"start":{"line":31,"column":29},"end":{"line":31,"column":64}}},"fnMap":{"0":{"name":"(anonymous_0)","decl":{"start":{"line":4,"column":20},"end":{"line":4,"column":21}},"loc":{"start":{"line":4,"column":29},"end":{"line":34,"column":1}},"line":4},"1":{"name":"(anonymous_1)","decl":{"start":{"line":8,"column":33},"end":{"line":8,"column":34}},"loc":{"start":{"line":8,"column":39},"end":{"line":10,"column":7}},"line":8},"2":{"name":"(anonymous_2)","decl":{"start":{"line":18,"column":22},"end":{"line":18,"column":23}},"loc":{"start":{"line":18,"column":30},"end":{"line":18,"column":47}},"line":18},"3":{"name":"(anonymous_3)","decl":{"start":{"line":19,"column":50},"end":{"line":19,"column":51}},"loc":{"start":{"line":19,"column":58},"end":{"line":19,"column":75}},"line":19},"4":{"name":"(anonymous_4)","decl":{"start":{"line":31,"column":23},"end":{"line":31,"column":24}},"loc":{"start":{"line":31,"column":29},"end":{"line":31,"column":64}},"line":31}},"branchMap":{"0":{"loc":{"start":{"line":9,"column":15},"end":{"line":9,"column":42}},"type":"cond-expr","locations":[{"start":{"line":9,"column":35},"end":{"line":9,"column":37}},{"start":{"line":9,"column":38},"end":{"line":9,"column":42}}],"line":9}},"s":{"0":2,"1":0,"2":0,"3":0,"4":0,"5":0,"6":0,"7":0,"8":0,"9":0},"f":{"0":0,"1":0,"2":0,"3":0,"4":0},"b":{"0":[0,0]},"_coverageSchema":"43e27e138ebf9cfc5966b082cf9a028302ed4184","hash":"f58bc0780228a60529bf5172e4c55c9773737840"}
,"/Users/hezronkimutai/SIMS/REACT/pplfrontend/src/components/TermInfo.js": {"path":"/Users/hezronkimutai/SIMS/REACT/pplfrontend/src/components/TermInfo.js","statementMap":{"0":{"start":{"line":5,"column":19},"end":{"line":21,"column":3}},"1":{"start":{"line":7,"column":4},"end":{"line":20,"column":6}},"2":{"start":{"line":11,"column":12},"end":{"line":16,"column":21}},"3":{"start":{"line":15,"column":38},"end":{"line":15,"column":64}}},"fnMap":{"0":{"name":"(anonymous_0)","decl":{"start":{"line":5,"column":19},"end":{"line":5,"column":20}},"loc":{"start":{"line":5,"column":28},"end":{"line":21,"column":3}},"line":5},"1":{"name":"(anonymous_1)","decl":{"start":{"line":10,"column":50},"end":{"line":10,"column":51}},"loc":{"start":{"line":10,"column":61},"end":{"line":17,"column":12}},"line":10},"2":{"name":"(anonymous_2)","decl":{"start":{"line":15,"column":34},"end":{"line":15,"column":35}},"loc":{"start":{"line":15,"column":38},"end":{"line":15,"column":64}},"line":15}},"branchMap":{"0":{"loc":{"start":{"line":10,"column":10},"end":{"line":17,"column":18}},"type":"cond-expr","locations":[{"start":{"line":10,"column":29},"end":{"line":17,"column":14}},{"start":{"line":17,"column":16},"end":{"line":17,"column":18}}],"line":10}},"s":{"0":0,"1":0,"2":0,"3":0},"f":{"0":0,"1":0,"2":0},"b":{"0":[0,0]},"hash":"699a8e1b63c8a1355f30a78d3b10306c13e3d24e"}
,"/Users/hezronkimutai/SIMS/REACT/pplfrontend/src/redux/actionTypes.js": {"path":"/Users/hezronkimutai/SIMS/REACT/pplfrontend/src/redux/actionTypes.js","statementMap":{"0":{"start":{"line":1,"column":24},"end":{"line":1,"column":34}},"1":{"start":{"line":2,"column":25},"end":{"line":2,"column":36}},"2":{"start":{"line":3,"column":30},"end":{"line":3,"column":46}}},"fnMap":{},"branchMap":{},"s":{"0":5,"1":5,"2":5},"f":{},"b":{},"_coverageSchema":"43e27e138ebf9cfc5966b082cf9a028302ed4184","hash":"792af6d9ba219ed72cc66e16e0e3d76f7a66f7a8"}
,"/Users/hezronkimutai/SIMS/REACT/pplfrontend/src/redux/actions.js": {"path":"/Users/hezronkimutai/SIMS/REACT/pplfrontend/src/redux/actions.js","statementMap":{"0":{"start":{"line":3,"column":23},"end":{"line":12,"column":2}},"1":{"start":{"line":4,"column":15},"end":{"line":4,"column":35}},"2":{"start":{"line":6,"column":2},"end":{"line":12,"column":1}},"3":{"start":{"line":13,"column":24},"end":{"line":16,"column":2}},"4":{"start":{"line":13,"column":36},"end":{"line":16,"column":1}},"5":{"start":{"line":17,"column":28},"end":{"line":21,"column":3}},"6":{"start":{"line":18,"column":2},"end":{"line":21,"column":2}}},"fnMap":{"0":{"name":"(anonymous_0)","decl":{"start":{"line":3,"column":23},"end":{"line":3,"column":24}},"loc":{"start":{"line":3,"column":34},"end":{"line":12,"column":2}},"line":3},"1":{"name":"(anonymous_1)","decl":{"start":{"line":13,"column":24},"end":{"line":13,"column":25}},"loc":{"start":{"line":13,"column":36},"end":{"line":16,"column":1}},"line":13},"2":{"name":"(anonymous_2)","decl":{"start":{"line":17,"column":28},"end":{"line":17,"column":29}},"loc":{"start":{"line":17,"column":39},"end":{"line":21,"column":3}},"line":17}},"branchMap":{},"s":{"0":5,"1":0,"2":0,"3":5,"4":0,"5":5,"6":0},"f":{"0":0,"1":0,"2":0},"b":{},"_coverageSchema":"43e27e138ebf9cfc5966b082cf9a028302ed4184","hash":"56721d0bd77e56a1cec40d2358a4b698c4df423d"}
,"/Users/hezronkimutai/SIMS/REACT/pplfrontend/src/redux/selectors.js": {"path":"/Users/hezronkimutai/SIMS/REACT/pplfrontend/src/redux/selectors.js","statementMap":{"0":{"start":{"line":1,"column":29},"end":{"line":1,"column":49}},"1":{"start":{"line":1,"column":38},"end":{"line":1,"column":49}},"2":{"start":{"line":3,"column":29},"end":{"line":7,"column":1}},"3":{"start":{"line":5,"column":1},"end":{"line":5,"column":65}},"4":{"start":{"line":9,"column":27},"end":{"line":12,"column":1}},"5":{"start":{"line":11,"column":1},"end":{"line":11,"column":79}},"6":{"start":{"line":14,"column":24},"end":{"line":18,"column":1}},"7":{"start":{"line":16,"column":2},"end":{"line":16,"column":30}}},"fnMap":{"0":{"name":"(anonymous_0)","decl":{"start":{"line":1,"column":29},"end":{"line":1,"column":30}},"loc":{"start":{"line":1,"column":38},"end":{"line":1,"column":49}},"line":1},"1":{"name":"(anonymous_1)","decl":{"start":{"line":3,"column":29},"end":{"line":3,"column":30}},"loc":{"start":{"line":3,"column":37},"end":{"line":7,"column":1}},"line":3},"2":{"name":"(anonymous_2)","decl":{"start":{"line":9,"column":27},"end":{"line":9,"column":28}},"loc":{"start":{"line":9,"column":41},"end":{"line":12,"column":1}},"line":9},"3":{"name":"(anonymous_3)","decl":{"start":{"line":14,"column":24},"end":{"line":14,"column":25}},"loc":{"start":{"line":14,"column":32},"end":{"line":18,"column":1}},"line":14}},"branchMap":{"0":{"loc":{"start":{"line":5,"column":9},"end":{"line":5,"column":64}},"type":"cond-expr","locations":[{"start":{"line":5,"column":32},"end":{"line":5,"column":59}},{"start":{"line":5,"column":62},"end":{"line":5,"column":64}}],"line":5},"1":{"loc":{"start":{"line":11,"column":9},"end":{"line":11,"column":78}},"type":"cond-expr","locations":[{"start":{"line":11,"column":32},"end":{"line":11,"column":73}},{"start":{"line":11,"column":76},"end":{"line":11,"column":78}}],"line":11}},"s":{"0":3,"1":0,"2":3,"3":0,"4":3,"5":0,"6":3,"7":0},"f":{"0":0,"1":0,"2":0,"3":0},"b":{"0":[0,0],"1":[0,0]},"_coverageSchema":"43e27e138ebf9cfc5966b082cf9a028302ed4184","hash":"ac048b279b8d018bc98e88dfb346aab075f9239d"}
,"/Users/hezronkimutai/SIMS/REACT/pplfrontend/src/redux/store.js": {"path":"/Users/hezronkimutai/SIMS/REACT/pplfrontend/src/redux/store.js","statementMap":{},"fnMap":{},"branchMap":{},"s":{},"f":{},"b":{},"hash":"3985e8a142963206e7f3f69bc0bfc2b7e9038902"}
,"/Users/hezronkimutai/SIMS/REACT/pplfrontend/src/redux/reducers/index.js": {"path":"/Users/hezronkimutai/SIMS/REACT/pplfrontend/src/redux/reducers/index.js","statementMap":{},"fnMap":{},"branchMap":{},"s":{},"f":{},"b":{},"hash":"db47f0631d4453a7a52e364234616accced916f8"}
,"/Users/hezronkimutai/SIMS/REACT/pplfrontend/src/redux/reducers/terms.js": {"path":"/Users/hezronkimutai/SIMS/REACT/pplfrontend/src/redux/reducers/terms.js","statementMap":{"0":{"start":{"line":3,"column":21},"end":{"line":7,"column":1}},"1":{"start":{"line":11,"column":2},"end":{"line":42,"column":3}},"2":{"start":{"line":13,"column":30},"end":{"line":13,"column":44}},"3":{"start":{"line":14,"column":6},"end":{"line":24,"column":8}},"4":{"start":{"line":27,"column":26},"end":{"line":27,"column":40}},"5":{"start":{"line":28,"column":6},"end":{"line":31,"column":8}},"6":{"start":{"line":34,"column":26},"end":{"line":34,"column":40}},"7":{"start":{"line":35,"column":6},"end":{"line":38,"column":8}},"8":{"start":{"line":41,"column":6},"end":{"line":41,"column":19}}},"fnMap":{"0":{"name":"(anonymous_0)","decl":{"start":{"line":9,"column":15},"end":{"line":9,"column":16}},"loc":{"start":{"line":9,"column":54},"end":{"line":43,"column":1}},"line":9}},"branchMap":{"0":{"loc":{"start":{"line":9,"column":24},"end":{"line":9,"column":44}},"type":"default-arg","locations":[{"start":{"line":9,"column":32},"end":{"line":9,"column":44}}],"line":9},"1":{"loc":{"start":{"line":11,"column":2},"end":{"line":42,"column":3}},"type":"switch","locations":[{"start":{"line":12,"column":4},"end":{"line":25,"column":5}},{"start":{"line":26,"column":4},"end":{"line":32,"column":5}},{"start":{"line":33,"column":4},"end":{"line":39,"column":5}},{"start":{"line":40,"column":4},"end":{"line":41,"column":19}}],"line":11}},"s":{"0":0,"1":0,"2":0,"3":0,"4":0,"5":0,"6":0,"7":0,"8":0},"f":{"0":0},"b":{"0":[0],"1":[0,0,0,0]},"hash":"8f5073793d70f92117fd3787595debbe79c8b362"}
,"/Users/hezronkimutai/SIMS/REACT/pplfrontend/src/utils/textToSpeech.js": {"path":"/Users/hezronkimutai/SIMS/REACT/pplfrontend/src/utils/textToSpeech.js","statementMap":{"0":{"start":{"line":1,"column":21},"end":{"line":46,"column":1}},"1":{"start":{"line":2,"column":17},"end":{"line":2,"column":35}},"2":{"start":{"line":3,"column":15},"end":{"line":3,"column":44}},"3":{"start":{"line":4,"column":18},"end":{"line":10,"column":3}},"4":{"start":{"line":11,"column":19},"end":{"line":11,"column":95}},"5":{"start":{"line":12,"column":14},"end":{"line":12,"column":94}},"6":{"start":{"line":13,"column":2},"end":{"line":43,"column":38}},"7":{"start":{"line":15,"column":21},"end":{"line":15,"column":46}},"8":{"start":{"line":16,"column":6},"end":{"line":30,"column":9}},"9":{"start":{"line":18,"column":10},"end":{"line":18,"column":24}},"10":{"start":{"line":20,"column":12},"end":{"line":27,"column":15}},"11":{"start":{"line":21,"column":14},"end":{"line":24,"column":15}},"12":{"start":{"line":22,"column":16},"end":{"line":22,"column":35}},"13":{"start":{"line":23,"column":16},"end":{"line":23,"column":23}},"14":{"start":{"line":25,"column":14},"end":{"line":25,"column":40}},"15":{"start":{"line":26,"column":14},"end":{"line":26,"column":28}},"16":{"start":{"line":32,"column":20},"end":{"line":32,"column":40}},"17":{"start":{"line":34,"column":6},"end":{"line":34,"column":36}},"18":{"start":{"line":37,"column":6},"end":{"line":41,"column":9}},"19":{"start":{"line":38,"column":8},"end":{"line":38,"column":36}},"20":{"start":{"line":40,"column":8},"end":{"line":40,"column":45}},"21":{"start":{"line":43,"column":18},"end":{"line":43,"column":36}},"22":{"start":{"line":45,"column":2},"end":{"line":45,"column":18}}},"fnMap":{"0":{"name":"(anonymous_0)","decl":{"start":{"line":1,"column":21},"end":{"line":1,"column":22}},"loc":{"start":{"line":1,"column":38},"end":{"line":46,"column":1}},"line":1},"1":{"name":"(anonymous_1)","decl":{"start":{"line":14,"column":10},"end":{"line":14,"column":11}},"loc":{"start":{"line":14,"column":22},"end":{"line":31,"column":5}},"line":14},"2":{"name":"(anonymous_2)","decl":{"start":{"line":17,"column":8},"end":{"line":17,"column":9}},"loc":{"start":{"line":17,"column":26},"end":{"line":29,"column":9}},"line":17},"3":{"name":"pump","decl":{"start":{"line":19,"column":19},"end":{"line":19,"column":23}},"loc":{"start":{"line":19,"column":26},"end":{"line":28,"column":11}},"line":19},"4":{"name":"(anonymous_4)","decl":{"start":{"line":20,"column":38},"end":{"line":20,"column":39}},"loc":{"start":{"line":20,"column":59},"end":{"line":27,"column":13}},"line":20},"5":{"name":"(anonymous_5)","decl":{"start":{"line":32,"column":10},"end":{"line":32,"column":11}},"loc":{"start":{"line":32,"column":20},"end":{"line":32,"column":40}},"line":32},"6":{"name":"(anonymous_6)","decl":{"start":{"line":33,"column":10},"end":{"line":33,"column":11}},"loc":{"start":{"line":33,"column":22},"end":{"line":35,"column":5}},"line":33},"7":{"name":"(anonymous_7)","decl":{"start":{"line":36,"column":10},"end":{"line":36,"column":11}},"loc":{"start":{"line":36,"column":27},"end":{"line":42,"column":5}},"line":36},"8":{"name":"(anonymous_8)","decl":{"start":{"line":37,"column":39},"end":{"line":37,"column":40}},"loc":{"start":{"line":37,"column":61},"end":{"line":41,"column":7}},"line":37},"9":{"name":"(anonymous_9)","decl":{"start":{"line":43,"column":11},"end":{"line":43,"column":12}},"loc":{"start":{"line":43,"column":18},"end":{"line":43,"column":36}},"line":43}},"branchMap":{"0":{"loc":{"start":{"line":21,"column":14},"end":{"line":24,"column":15}},"type":"if","locations":[{"start":{"line":21,"column":14},"end":{"line":24,"column":15}},{"start":{"line":21,"column":14},"end":{"line":24,"column":15}}],"line":21}},"s":{"0":2,"1":0,"2":0,"3":0,"4":0,"5":0,"6":0,"7":0,"8":0,"9":0,"10":0,"11":0,"12":0,"13":0,"14":0,"15":0,"16":0,"17":0,"18":0,"19":0,"20":0,"21":0,"22":0},"f":{"0":0,"1":0,"2":0,"3":0,"4":0,"5":0,"6":0,"7":0,"8":0,"9":0},"b":{"0":[0,0]},"_coverageSchema":"43e27e138ebf9cfc5966b082cf9a028302ed4184","hash":"8e9ff80b99ffcea127c8d027658e5cb65c49888c"}
}
