{"/Users/hezronkimutai/SIMS/bootcamp/speechDictionary/src/App.js": {"path":"/Users/hezronkimutai/SIMS/bootcamp/speechDictionary/src/App.js","statementMap":{"0":{"start":{"line":7,"column":13},"end":{"line":12,"column":1}},"1":{"start":{"line":9,"column":2},"end":{"line":11,"column":4}}},"fnMap":{"0":{"name":"(anonymous_0)","decl":{"start":{"line":7,"column":13},"end":{"line":7,"column":14}},"loc":{"start":{"line":7,"column":19},"end":{"line":12,"column":1}},"line":7}},"branchMap":{},"s":{"0":1,"1":1},"f":{"0":1},"b":{},"_coverageSchema":"43e27e138ebf9cfc5966b082cf9a028302ed4184","hash":"61b4af7595e60a54b4fa3de1e68c16daf1973d00"}
,"/Users/hezronkimutai/SIMS/bootcamp/speechDictionary/src/components/Layout.js": {"path":"/Users/hezronkimutai/SIMS/bootcamp/speechDictionary/src/components/Layout.js","statementMap":{"0":{"start":{"line":14,"column":15},"end":{"line":65,"column":1}},"1":{"start":{"line":15,"column":2},"end":{"line":64,"column":11}}},"fnMap":{"0":{"name":"(anonymous_0)","decl":{"start":{"line":14,"column":15},"end":{"line":14,"column":16}},"loc":{"start":{"line":15,"column":2},"end":{"line":64,"column":11}},"line":15}},"branchMap":{},"s":{"0":2,"1":1},"f":{"0":1},"b":{},"_coverageSchema":"43e27e138ebf9cfc5966b082cf9a028302ed4184","hash":"9e319d667b886fddf2a4d59bcb7c11ad35f69e99"}
,"/Users/hezronkimutai/SIMS/bootcamp/speechDictionary/src/components/current/AddTerm.js": {"path":"/Users/hezronkimutai/SIMS/bootcamp/speechDictionary/src/components/current/AddTerm.js","statementMap":{"0":{"start":{"line":6,"column":19},"end":{"line":41,"column":1}},"1":{"start":{"line":7,"column":22},"end":{"line":11,"column":3}},"2":{"start":{"line":8,"column":4},"end":{"line":8,"column":47}},"3":{"start":{"line":10,"column":4},"end":{"line":10,"column":26}},"4":{"start":{"line":13,"column":27},"end":{"line":23,"column":3}},"5":{"start":{"line":14,"column":20},"end":{"line":19,"column":5}},"6":{"start":{"line":20,"column":21},"end":{"line":20,"column":93}},"7":{"start":{"line":21,"column":21},"end":{"line":21,"column":66}},"8":{"start":{"line":22,"column":4},"end":{"line":22,"column":33}},"9":{"start":{"line":24,"column":2},"end":{"line":28,"column":8}},"10":{"start":{"line":25,"column":4},"end":{"line":25,"column":44}},"11":{"start":{"line":27,"column":4},"end":{"line":27,"column":40}},"12":{"start":{"line":29,"column":24},"end":{"line":33,"column":3}},"13":{"start":{"line":30,"column":4},"end":{"line":30,"column":40}},"14":{"start":{"line":31,"column":4},"end":{"line":31,"column":23}},"15":{"start":{"line":32,"column":4},"end":{"line":32,"column":23}},"16":{"start":{"line":34,"column":2},"end":{"line":40,"column":4}},"17":{"start":{"line":37,"column":55},"end":{"line":37,"column":82}},"18":{"start":{"line":44,"column":24},"end":{"line":46,"column":1}},"19":{"start":{"line":45,"column":2},"end":{"line":45,"column":15}}},"fnMap":{"0":{"name":"(anonymous_0)","decl":{"start":{"line":6,"column":19},"end":{"line":6,"column":20}},"loc":{"start":{"line":6,"column":28},"end":{"line":41,"column":1}},"line":6},"1":{"name":"(anonymous_1)","decl":{"start":{"line":7,"column":22},"end":{"line":7,"column":23}},"loc":{"start":{"line":7,"column":31},"end":{"line":11,"column":3}},"line":7},"2":{"name":"(anonymous_2)","decl":{"start":{"line":13,"column":27},"end":{"line":13,"column":28}},"loc":{"start":{"line":13,"column":44},"end":{"line":23,"column":3}},"line":13},"3":{"name":"(anonymous_3)","decl":{"start":{"line":24,"column":12},"end":{"line":24,"column":13}},"loc":{"start":{"line":24,"column":18},"end":{"line":28,"column":3}},"line":24},"4":{"name":"(anonymous_4)","decl":{"start":{"line":29,"column":24},"end":{"line":29,"column":25}},"loc":{"start":{"line":29,"column":31},"end":{"line":33,"column":3}},"line":29},"5":{"name":"(anonymous_5)","decl":{"start":{"line":37,"column":50},"end":{"line":37,"column":51}},"loc":{"start":{"line":37,"column":55},"end":{"line":37,"column":82}},"line":37},"6":{"name":"(anonymous_6)","decl":{"start":{"line":44,"column":24},"end":{"line":44,"column":25}},"loc":{"start":{"line":44,"column":33},"end":{"line":46,"column":1}},"line":44}},"branchMap":{},"s":{"0":3,"1":2,"2":0,"3":0,"4":2,"5":2,"6":2,"7":2,"8":0,"9":2,"10":2,"11":2,"12":2,"13":0,"14":0,"15":0,"16":2,"17":0,"18":3,"19":2},"f":{"0":2,"1":0,"2":2,"3":2,"4":0,"5":0,"6":2},"b":{},"_coverageSchema":"43e27e138ebf9cfc5966b082cf9a028302ed4184","hash":"111b3d3e63cdf93e6b0bd18984227440caa8812b"}
,"/Users/hezronkimutai/SIMS/bootcamp/speechDictionary/src/components/current/AllHistory.js": {"path":"/Users/hezronkimutai/SIMS/bootcamp/speechDictionary/src/components/current/AllHistory.js","statementMap":{"0":{"start":{"line":6,"column":19},"end":{"line":17,"column":1}},"1":{"start":{"line":7,"column":19},"end":{"line":7,"column":30}},"2":{"start":{"line":8,"column":2},"end":{"line":16,"column":4}},"3":{"start":{"line":12,"column":12},"end":{"line":12,"column":52}},"4":{"start":{"line":19,"column":24},"end":{"line":22,"column":1}},"5":{"start":{"line":20,"column":19},"end":{"line":20,"column":34}},"6":{"start":{"line":21,"column":2},"end":{"line":21,"column":16}}},"fnMap":{"0":{"name":"(anonymous_0)","decl":{"start":{"line":6,"column":19},"end":{"line":6,"column":20}},"loc":{"start":{"line":6,"column":28},"end":{"line":17,"column":1}},"line":6},"1":{"name":"(anonymous_1)","decl":{"start":{"line":11,"column":23},"end":{"line":11,"column":24}},"loc":{"start":{"line":11,"column":40},"end":{"line":13,"column":11}},"line":11},"2":{"name":"(anonymous_2)","decl":{"start":{"line":19,"column":24},"end":{"line":19,"column":25}},"loc":{"start":{"line":19,"column":33},"end":{"line":22,"column":1}},"line":19}},"branchMap":{"0":{"loc":{"start":{"line":10,"column":7},"end":{"line":14,"column":12}},"type":"cond-expr","locations":[{"start":{"line":11,"column":10},"end":{"line":13,"column":12}},{"start":{"line":14,"column":10},"end":{"line":14,"column":12}}],"line":10},"1":{"loc":{"start":{"line":10,"column":7},"end":{"line":10,"column":34}},"type":"binary-expr","locations":[{"start":{"line":10,"column":7},"end":{"line":10,"column":15}},{"start":{"line":10,"column":19},"end":{"line":10,"column":34}}],"line":10}},"s":{"0":3,"1":2,"2":2,"3":0,"4":3,"5":2,"6":2},"f":{"0":2,"1":0,"2":2},"b":{"0":[0,2],"1":[2,0]},"_coverageSchema":"43e27e138ebf9cfc5966b082cf9a028302ed4184","hash":"885ef33cf512b00f5d581a3214b855cda0aabcf6"}
,"/Users/hezronkimutai/SIMS/bootcamp/speechDictionary/src/components/current/CurrentTermDetails.js": {"path":"/Users/hezronkimutai/SIMS/bootcamp/speechDictionary/src/components/current/CurrentTermDetails.js","statementMap":{"0":{"start":{"line":6,"column":27},"end":{"line":17,"column":1}},"1":{"start":{"line":7,"column":19},"end":{"line":7,"column":54}},"2":{"start":{"line":8,"column":2},"end":{"line":16,"column":4}},"3":{"start":{"line":12,"column":12},"end":{"line":12,"column":59}},"4":{"start":{"line":19,"column":24},"end":{"line":29,"column":1}},"5":{"start":{"line":20,"column":2},"end":{"line":20,"column":31}},"6":{"start":{"line":22,"column":19},"end":{"line":22,"column":30}},"7":{"start":{"line":23,"column":19},"end":{"line":23,"column":34}},"8":{"start":{"line":24,"column":22},"end":{"line":26,"column":4}},"9":{"start":{"line":25,"column":4},"end":{"line":25,"column":31}},"10":{"start":{"line":28,"column":2},"end":{"line":28,"column":43}}},"fnMap":{"0":{"name":"(anonymous_0)","decl":{"start":{"line":6,"column":27},"end":{"line":6,"column":28}},"loc":{"start":{"line":6,"column":36},"end":{"line":17,"column":1}},"line":6},"1":{"name":"(anonymous_1)","decl":{"start":{"line":11,"column":23},"end":{"line":11,"column":24}},"loc":{"start":{"line":11,"column":40},"end":{"line":13,"column":11}},"line":11},"2":{"name":"(anonymous_2)","decl":{"start":{"line":19,"column":24},"end":{"line":19,"column":25}},"loc":{"start":{"line":19,"column":33},"end":{"line":29,"column":1}},"line":19},"3":{"name":"(anonymous_3)","decl":{"start":{"line":24,"column":38},"end":{"line":24,"column":39}},"loc":{"start":{"line":24,"column":46},"end":{"line":26,"column":3}},"line":24}},"branchMap":{"0":{"loc":{"start":{"line":7,"column":19},"end":{"line":7,"column":54}},"type":"cond-expr","locations":[{"start":{"line":7,"column":33},"end":{"line":7,"column":51}},{"start":{"line":7,"column":52},"end":{"line":7,"column":54}}],"line":7},"1":{"loc":{"start":{"line":10,"column":7},"end":{"line":14,"column":12}},"type":"cond-expr","locations":[{"start":{"line":11,"column":10},"end":{"line":13,"column":12}},{"start":{"line":14,"column":10},"end":{"line":14,"column":12}}],"line":10},"2":{"loc":{"start":{"line":10,"column":7},"end":{"line":10,"column":34}},"type":"binary-expr","locations":[{"start":{"line":10,"column":7},"end":{"line":10,"column":15}},{"start":{"line":10,"column":19},"end":{"line":10,"column":34}}],"line":10},"3":{"loc":{"start":{"line":28,"column":9},"end":{"line":28,"column":42}},"type":"cond-expr","locations":[{"start":{"line":28,"column":25},"end":{"line":28,"column":39}},{"start":{"line":28,"column":40},"end":{"line":28,"column":42}}],"line":28}},"s":{"0":3,"1":2,"2":2,"3":0,"4":3,"5":2,"6":2,"7":2,"8":2,"9":2,"10":2},"f":{"0":2,"1":0,"2":2,"3":2},"b":{"0":[0,2],"1":[0,2],"2":[2,2],"3":[0,2]},"_coverageSchema":"43e27e138ebf9cfc5966b082cf9a028302ed4184","hash":"779a8f0e3828a5086518fe2f8d3a69a5083e5fce"}
,"/Users/hezronkimutai/SIMS/bootcamp/speechDictionary/src/components/current/Term.js": {"path":"/Users/hezronkimutai/SIMS/bootcamp/speechDictionary/src/components/current/Term.js","statementMap":{"0":{"start":{"line":6,"column":14},"end":{"line":16,"column":2}},"1":{"start":{"line":7,"column":29},"end":{"line":9,"column":3}},"2":{"start":{"line":8,"column":4},"end":{"line":8,"column":34}},"3":{"start":{"line":10,"column":3},"end":{"line":15,"column":2}},"4":{"start":{"line":12,"column":44},"end":{"line":12,"column":77}}},"fnMap":{"0":{"name":"(anonymous_0)","decl":{"start":{"line":6,"column":14},"end":{"line":6,"column":15}},"loc":{"start":{"line":6,"column":27},"end":{"line":16,"column":2}},"line":6},"1":{"name":"(anonymous_1)","decl":{"start":{"line":7,"column":29},"end":{"line":7,"column":30}},"loc":{"start":{"line":7,"column":44},"end":{"line":9,"column":3}},"line":7},"2":{"name":"(anonymous_2)","decl":{"start":{"line":12,"column":40},"end":{"line":12,"column":41}},"loc":{"start":{"line":12,"column":44},"end":{"line":12,"column":77}},"line":12}},"branchMap":{},"s":{"0":5,"1":1,"2":0,"3":1,"4":0},"f":{"0":1,"1":0,"2":0},"b":{},"_coverageSchema":"43e27e138ebf9cfc5966b082cf9a028302ed4184","hash":"48175a0e501a0840abd5a278329bb7adcc95737d"}
,"/Users/hezronkimutai/SIMS/bootcamp/speechDictionary/src/components/current/TermDetails.js": {"path":"/Users/hezronkimutai/SIMS/bootcamp/speechDictionary/src/components/current/TermDetails.js","statementMap":{"0":{"start":{"line":4,"column":20},"end":{"line":73,"column":1}},"1":{"start":{"line":5,"column":13},"end":{"line":5,"column":44}},"2":{"start":{"line":6,"column":2},"end":{"line":6,"column":35}},"3":{"start":{"line":7,"column":20},"end":{"line":7,"column":56}},"4":{"start":{"line":8,"column":17},"end":{"line":8,"column":50}},"5":{"start":{"line":9,"column":2},"end":{"line":11,"column":5}},"6":{"start":{"line":10,"column":4},"end":{"line":10,"column":42}},"7":{"start":{"line":12,"column":2},"end":{"line":14,"column":5}},"8":{"start":{"line":13,"column":4},"end":{"line":13,"column":42}},"9":{"start":{"line":15,"column":2},"end":{"line":72,"column":4}},"10":{"start":{"line":29,"column":35},"end":{"line":29,"column":70}},"11":{"start":{"line":35,"column":10},"end":{"line":37,"column":16}},"12":{"start":{"line":46,"column":35},"end":{"line":46,"column":67}},"13":{"start":{"line":53,"column":10},"end":{"line":55,"column":16}}},"fnMap":{"0":{"name":"(anonymous_0)","decl":{"start":{"line":4,"column":20},"end":{"line":4,"column":21}},"loc":{"start":{"line":4,"column":29},"end":{"line":73,"column":1}},"line":4},"1":{"name":"(anonymous_1)","decl":{"start":{"line":9,"column":32},"end":{"line":9,"column":33}},"loc":{"start":{"line":9,"column":40},"end":{"line":11,"column":3}},"line":9},"2":{"name":"(anonymous_2)","decl":{"start":{"line":12,"column":26},"end":{"line":12,"column":27}},"loc":{"start":{"line":12,"column":34},"end":{"line":14,"column":3}},"line":12},"3":{"name":"(anonymous_3)","decl":{"start":{"line":29,"column":29},"end":{"line":29,"column":30}},"loc":{"start":{"line":29,"column":35},"end":{"line":29,"column":70}},"line":29},"4":{"name":"(anonymous_4)","decl":{"start":{"line":34,"column":25},"end":{"line":34,"column":26}},"loc":{"start":{"line":35,"column":10},"end":{"line":37,"column":16}},"line":35},"5":{"name":"(anonymous_5)","decl":{"start":{"line":46,"column":29},"end":{"line":46,"column":30}},"loc":{"start":{"line":46,"column":35},"end":{"line":46,"column":67}},"line":46},"6":{"name":"(anonymous_6)","decl":{"start":{"line":52,"column":22},"end":{"line":52,"column":23}},"loc":{"start":{"line":53,"column":10},"end":{"line":55,"column":16}},"line":53}},"branchMap":{"0":{"loc":{"start":{"line":10,"column":11},"end":{"line":10,"column":41}},"type":"cond-expr","locations":[{"start":{"line":10,"column":32},"end":{"line":10,"column":34}},{"start":{"line":10,"column":37},"end":{"line":10,"column":41}}],"line":10},"1":{"loc":{"start":{"line":13,"column":11},"end":{"line":13,"column":41}},"type":"cond-expr","locations":[{"start":{"line":13,"column":32},"end":{"line":13,"column":34}},{"start":{"line":13,"column":37},"end":{"line":13,"column":41}}],"line":13}},"s":{"0":4,"1":1,"2":1,"3":1,"4":1,"5":1,"6":1,"7":1,"8":1,"9":1,"10":0,"11":1,"12":0,"13":1},"f":{"0":1,"1":1,"2":1,"3":0,"4":1,"5":0,"6":1},"b":{"0":[0,1],"1":[0,1]},"_coverageSchema":"43e27e138ebf9cfc5966b082cf9a028302ed4184","hash":"7768a68e7d80f3d28767f2f6c9cf646eb2895eea"}
,"/Users/hezronkimutai/SIMS/bootcamp/speechDictionary/src/components/history/AllTimeTerm.js": {"path":"/Users/hezronkimutai/SIMS/bootcamp/speechDictionary/src/components/history/AllTimeTerm.js","statementMap":{"0":{"start":{"line":6,"column":14},"end":{"line":17,"column":2}},"1":{"start":{"line":7,"column":29},"end":{"line":9,"column":3}},"2":{"start":{"line":8,"column":4},"end":{"line":8,"column":34}},"3":{"start":{"line":11,"column":3},"end":{"line":16,"column":2}},"4":{"start":{"line":13,"column":44},"end":{"line":13,"column":77}}},"fnMap":{"0":{"name":"(anonymous_0)","decl":{"start":{"line":6,"column":14},"end":{"line":6,"column":15}},"loc":{"start":{"line":6,"column":27},"end":{"line":17,"column":2}},"line":6},"1":{"name":"(anonymous_1)","decl":{"start":{"line":7,"column":29},"end":{"line":7,"column":30}},"loc":{"start":{"line":7,"column":44},"end":{"line":9,"column":3}},"line":7},"2":{"name":"(anonymous_2)","decl":{"start":{"line":13,"column":40},"end":{"line":13,"column":41}},"loc":{"start":{"line":13,"column":44},"end":{"line":13,"column":77}},"line":13}},"branchMap":{},"s":{"0":4,"1":1,"2":0,"3":1,"4":0},"f":{"0":1,"1":0,"2":0},"b":{},"_coverageSchema":"43e27e138ebf9cfc5966b082cf9a028302ed4184","hash":"35ced5b043fd09814dca0cb5d5ad58fcf0fd1a34"}
,"/Users/hezronkimutai/SIMS/bootcamp/speechDictionary/src/components/history/AllTimeTermsHistory.js": {"path":"/Users/hezronkimutai/SIMS/bootcamp/speechDictionary/src/components/history/AllTimeTermsHistory.js","statementMap":{"0":{"start":{"line":7,"column":28},"end":{"line":18,"column":1}},"1":{"start":{"line":8,"column":19},"end":{"line":8,"column":30}},"2":{"start":{"line":9,"column":2},"end":{"line":17,"column":4}},"3":{"start":{"line":13,"column":12},"end":{"line":13,"column":134}},"4":{"start":{"line":20,"column":24},"end":{"line":23,"column":1}},"5":{"start":{"line":21,"column":17},"end":{"line":21,"column":32}},"6":{"start":{"line":22,"column":0},"end":{"line":22,"column":14}}},"fnMap":{"0":{"name":"(anonymous_0)","decl":{"start":{"line":7,"column":28},"end":{"line":7,"column":29}},"loc":{"start":{"line":7,"column":37},"end":{"line":18,"column":1}},"line":7},"1":{"name":"(anonymous_1)","decl":{"start":{"line":12,"column":23},"end":{"line":12,"column":24}},"loc":{"start":{"line":12,"column":40},"end":{"line":14,"column":11}},"line":12},"2":{"name":"(anonymous_2)","decl":{"start":{"line":20,"column":24},"end":{"line":20,"column":25}},"loc":{"start":{"line":20,"column":33},"end":{"line":23,"column":1}},"line":20}},"branchMap":{"0":{"loc":{"start":{"line":11,"column":7},"end":{"line":15,"column":12}},"type":"cond-expr","locations":[{"start":{"line":12,"column":10},"end":{"line":14,"column":12}},{"start":{"line":15,"column":10},"end":{"line":15,"column":12}}],"line":11},"1":{"loc":{"start":{"line":11,"column":7},"end":{"line":11,"column":34}},"type":"binary-expr","locations":[{"start":{"line":11,"column":7},"end":{"line":11,"column":15}},{"start":{"line":11,"column":19},"end":{"line":11,"column":34}}],"line":11}},"s":{"0":3,"1":1,"2":1,"3":0,"4":3,"5":1,"6":1},"f":{"0":1,"1":0,"2":1},"b":{"0":[0,1],"1":[1,1]},"_coverageSchema":"43e27e138ebf9cfc5966b082cf9a028302ed4184","hash":"fe4c87d9c28e5424d6f9c33ba64c675347814373"}
,"/Users/hezronkimutai/SIMS/bootcamp/speechDictionary/src/redux/actionTypes.js": {"path":"/Users/hezronkimutai/SIMS/bootcamp/speechDictionary/src/redux/actionTypes.js","statementMap":{"0":{"start":{"line":1,"column":24},"end":{"line":1,"column":34}},"1":{"start":{"line":2,"column":25},"end":{"line":2,"column":36}},"2":{"start":{"line":3,"column":30},"end":{"line":3,"column":46}}},"fnMap":{},"branchMap":{},"s":{"0":10,"1":10,"2":10},"f":{},"b":{},"_coverageSchema":"43e27e138ebf9cfc5966b082cf9a028302ed4184","hash":"162299f14d3118d95a5670842331cb68a09b143b"}
,"/Users/hezronkimutai/SIMS/bootcamp/speechDictionary/src/redux/actions.js": {"path":"/Users/hezronkimutai/SIMS/bootcamp/speechDictionary/src/redux/actions.js","statementMap":{"0":{"start":{"line":3,"column":23},"end":{"line":12,"column":2}},"1":{"start":{"line":4,"column":15},"end":{"line":4,"column":35}},"2":{"start":{"line":6,"column":2},"end":{"line":12,"column":1}},"3":{"start":{"line":13,"column":24},"end":{"line":19,"column":2}},"4":{"start":{"line":14,"column":2},"end":{"line":14,"column":37}},"5":{"start":{"line":16,"column":2},"end":{"line":19,"column":1}},"6":{"start":{"line":20,"column":28},"end":{"line":24,"column":3}},"7":{"start":{"line":21,"column":2},"end":{"line":24,"column":2}}},"fnMap":{"0":{"name":"(anonymous_0)","decl":{"start":{"line":3,"column":23},"end":{"line":3,"column":24}},"loc":{"start":{"line":3,"column":34},"end":{"line":12,"column":2}},"line":3},"1":{"name":"(anonymous_1)","decl":{"start":{"line":13,"column":24},"end":{"line":13,"column":25}},"loc":{"start":{"line":13,"column":35},"end":{"line":19,"column":2}},"line":13},"2":{"name":"(anonymous_2)","decl":{"start":{"line":20,"column":28},"end":{"line":20,"column":29}},"loc":{"start":{"line":20,"column":39},"end":{"line":24,"column":3}},"line":20}},"branchMap":{},"s":{"0":9,"1":1,"2":1,"3":9,"4":1,"5":1,"6":9,"7":0},"f":{"0":1,"1":1,"2":0},"b":{},"_coverageSchema":"43e27e138ebf9cfc5966b082cf9a028302ed4184","hash":"97b0a163e163fe8c8cd70979e3dc1f697cffa659"}
,"/Users/hezronkimutai/SIMS/bootcamp/speechDictionary/src/redux/selectors.js": {"path":"/Users/hezronkimutai/SIMS/bootcamp/speechDictionary/src/redux/selectors.js","statementMap":{"0":{"start":{"line":1,"column":24},"end":{"line":1,"column":44}},"1":{"start":{"line":1,"column":33},"end":{"line":1,"column":44}}},"fnMap":{"0":{"name":"(anonymous_0)","decl":{"start":{"line":1,"column":24},"end":{"line":1,"column":25}},"loc":{"start":{"line":1,"column":33},"end":{"line":1,"column":44}},"line":1}},"branchMap":{},"s":{"0":5,"1":3},"f":{"0":3},"b":{},"_coverageSchema":"43e27e138ebf9cfc5966b082cf9a028302ed4184","hash":"1d584326f2a6611615096e03a62dd7e1e7449576"}
,"/Users/hezronkimutai/SIMS/bootcamp/speechDictionary/src/redux/store.js": {"path":"/Users/hezronkimutai/SIMS/bootcamp/speechDictionary/src/redux/store.js","statementMap":{},"fnMap":{},"branchMap":{},"s":{},"f":{},"b":{},"hash":"aea3e08fb44fc0f70720128939865d2a8e845af7"}
,"/Users/hezronkimutai/SIMS/bootcamp/speechDictionary/src/redux/reducers/index.js": {"path":"/Users/hezronkimutai/SIMS/bootcamp/speechDictionary/src/redux/reducers/index.js","statementMap":{},"fnMap":{},"branchMap":{},"s":{},"f":{},"b":{},"hash":"f398c01de7d61e20d21fbd3ad371d609415dd39e"}
,"/Users/hezronkimutai/SIMS/bootcamp/speechDictionary/src/redux/reducers/terms.js": {"path":"/Users/hezronkimutai/SIMS/bootcamp/speechDictionary/src/redux/reducers/terms.js","statementMap":{"0":{"start":{"line":3,"column":21},"end":{"line":7,"column":1}},"1":{"start":{"line":10,"column":2},"end":{"line":10,"column":33}},"2":{"start":{"line":12,"column":2},"end":{"line":43,"column":3}},"3":{"start":{"line":14,"column":30},"end":{"line":14,"column":44}},"4":{"start":{"line":15,"column":6},"end":{"line":25,"column":8}},"5":{"start":{"line":28,"column":26},"end":{"line":28,"column":40}},"6":{"start":{"line":29,"column":6},"end":{"line":32,"column":8}},"7":{"start":{"line":35,"column":26},"end":{"line":35,"column":40}},"8":{"start":{"line":36,"column":6},"end":{"line":39,"column":8}},"9":{"start":{"line":42,"column":6},"end":{"line":42,"column":19}}},"fnMap":{"0":{"name":"(anonymous_0)","decl":{"start":{"line":9,"column":15},"end":{"line":9,"column":16}},"loc":{"start":{"line":9,"column":54},"end":{"line":44,"column":1}},"line":9}},"branchMap":{"0":{"loc":{"start":{"line":9,"column":24},"end":{"line":9,"column":44}},"type":"default-arg","locations":[{"start":{"line":9,"column":32},"end":{"line":9,"column":44}}],"line":9},"1":{"loc":{"start":{"line":12,"column":2},"end":{"line":43,"column":3}},"type":"switch","locations":[{"start":{"line":13,"column":4},"end":{"line":26,"column":5}},{"start":{"line":27,"column":4},"end":{"line":33,"column":5}},{"start":{"line":34,"column":4},"end":{"line":40,"column":5}},{"start":{"line":41,"column":4},"end":{"line":42,"column":19}}],"line":12}},"s":{"0":1,"1":0,"2":0,"3":0,"4":0,"5":0,"6":0,"7":0,"8":0,"9":0},"f":{"0":0},"b":{"0":[0],"1":[0,0,0,0]},"_coverageSchema":"43e27e138ebf9cfc5966b082cf9a028302ed4184","hash":"51ea54c948213c0443af8aae0e9f216732c0f9cc"}
}
