TN:
SF:/Users/hezronkimutai/SIMS/REACT/pplfrontend/webpack.config.js
FNF:0
FNH:0
DA:1,0
DA:2,0
DA:4,0
LF:3
LH:0
BRF:0
BRH:0
end_of_record
TN:
SF:/Users/hezronkimutai/SIMS/REACT/pplfrontend/coverage/lcov-report/block-navigation.js
FN:2,init
FN:24,toggleClass
FN:31,makeCurrent
FN:41,goToPrevious
FN:52,goToNext
FN:65,jump
FNF:6
FNH:0
FNDA:0,init
FNDA:0,toggleClass
FNDA:0,makeCurrent
FNDA:0,goToPrevious
FNDA:0,goToNext
FNDA:0,jump
DA:2,0
DA:4,0
DA:7,0
DA:10,0
DA:14,0
DA:20,0
DA:25,0
DA:28,0
DA:32,0
DA:33,0
DA:34,0
DA:42,0
DA:43,0
DA:44,0
DA:45,0
DA:46,0
DA:49,0
DA:53,0
DA:55,0
DA:59,0
DA:62,0
DA:65,0
DA:66,0
DA:69,0
DA:70,0
DA:74,0
DA:75,0
DA:79,0
LF:28
LH:0
BRDA:43,0,0,0
BRDA:43,0,1,0
BRDA:43,1,0,0
BRDA:43,1,1,0
BRDA:45,2,0,0
BRDA:45,2,1,0
BRDA:55,3,0,0
BRDA:55,3,1,0
BRDA:56,4,0,0
BRDA:56,4,1,0
BRDA:66,5,0,0
BRDA:66,5,1,0
BRDA:66,5,2,0
BRDA:66,5,3,0
BRDA:66,5,4,0
BRF:15
BRH:0
end_of_record
TN:
SF:/Users/hezronkimutai/SIMS/REACT/pplfrontend/coverage/lcov-report/prettify.js
FN:2,(anonymous_0)
FN:2,k
FN:2,ab
FN:2,T
FN:2,X
FN:2,(anonymous_5)
FN:2,W
FN:2,(anonymous_7)
FN:2,a
FN:2,aa
FN:2,B
FN:2,o
FN:2,g
FN:2,(anonymous_13)
FN:2,(anonymous_14)
FN:2,i
FN:2,Q
FN:2,ae
FN:2,ad
FN:2,ai
FN:2,D
FN:2,c
FN:2,q
FN:2,d
FN:2,y
FN:2,b
FN:2,Y
FN:2,(anonymous_27)
FN:2,U
FNF:29
FNH:0
FNDA:0,(anonymous_0)
FNDA:0,k
FNDA:0,ab
FNDA:0,T
FNDA:0,X
FNDA:0,(anonymous_5)
FNDA:0,W
FNDA:0,(anonymous_7)
FNDA:0,a
FNDA:0,aa
FNDA:0,B
FNDA:0,o
FNDA:0,g
FNDA:0,(anonymous_13)
FNDA:0,(anonymous_14)
FNDA:0,i
FNDA:0,Q
FNDA:0,ae
FNDA:0,ad
FNDA:0,ai
FNDA:0,D
FNDA:0,c
FNDA:0,q
FNDA:0,d
FNDA:0,y
FNDA:0,b
FNDA:0,Y
FNDA:0,(anonymous_27)
FNDA:0,U
DA:2,0
LF:1
LH:0
BRDA:2,0,0,0
BRDA:2,0,1,0
BRDA:2,1,0,0
BRDA:2,1,1,0
BRDA:2,2,0,0
BRDA:2,2,1,0
BRDA:2,3,0,0
BRDA:2,3,1,0
BRDA:2,4,0,0
BRDA:2,4,1,0
BRDA:2,5,0,0
BRDA:2,5,1,0
BRDA:2,6,0,0
BRDA:2,6,1,0
BRDA:2,7,0,0
BRDA:2,7,1,0
BRDA:2,8,0,0
BRDA:2,8,1,0
BRDA:2,9,0,0
BRDA:2,9,1,0
BRDA:2,10,0,0
BRDA:2,10,1,0
BRDA:2,11,0,0
BRDA:2,11,1,0
BRDA:2,11,2,0
BRDA:2,11,3,0
BRDA:2,12,0,0
BRDA:2,12,1,0
BRDA:2,13,0,0
BRDA:2,13,1,0
BRDA:2,14,0,0
BRDA:2,14,1,0
BRDA:2,15,0,0
BRDA:2,15,1,0
BRDA:2,16,0,0
BRDA:2,16,1,0
BRDA:2,17,0,0
BRDA:2,17,1,0
BRDA:2,18,0,0
BRDA:2,18,1,0
BRDA:2,19,0,0
BRDA:2,19,1,0
BRDA:2,20,0,0
BRDA:2,20,1,0
BRDA:2,21,0,0
BRDA:2,21,1,0
BRDA:2,22,0,0
BRDA:2,22,1,0
BRDA:2,23,0,0
BRDA:2,23,1,0
BRDA:2,24,0,0
BRDA:2,24,1,0
BRDA:2,25,0,0
BRDA:2,25,1,0
BRDA:2,26,0,0
BRDA:2,26,1,0
BRDA:2,27,0,0
BRDA:2,27,1,0
BRDA:2,28,0,0
BRDA:2,28,1,0
BRDA:2,29,0,0
BRDA:2,29,1,0
BRDA:2,30,0,0
BRDA:2,30,1,0
BRDA:2,31,0,0
BRDA:2,31,1,0
BRDA:2,32,0,0
BRDA:2,32,1,0
BRDA:2,33,0,0
BRDA:2,33,1,0
BRDA:2,34,0,0
BRDA:2,34,1,0
BRDA:2,35,0,0
BRDA:2,35,1,0
BRDA:2,36,0,0
BRDA:2,36,1,0
BRDA:2,37,0,0
BRDA:2,37,1,0
BRDA:2,38,0,0
BRDA:2,38,1,0
BRDA:2,39,0,0
BRDA:2,39,1,0
BRDA:2,40,0,0
BRDA:2,40,1,0
BRDA:2,41,0,0
BRDA:2,41,1,0
BRDA:2,42,0,0
BRDA:2,42,1,0
BRDA:2,43,0,0
BRDA:2,43,1,0
BRDA:2,44,0,0
BRDA:2,44,1,0
BRDA:2,45,0,0
BRDA:2,45,1,0
BRDA:2,46,0,0
BRDA:2,46,1,0
BRDA:2,47,0,0
BRDA:2,47,1,0
BRDA:2,48,0,0
BRDA:2,48,1,0
BRDA:2,49,0,0
BRDA:2,49,1,0
BRDA:2,50,0,0
BRDA:2,50,1,0
BRDA:2,50,2,0
BRDA:2,51,0,0
BRDA:2,51,1,0
BRDA:2,52,0,0
BRDA:2,52,1,0
BRDA:2,53,0,0
BRDA:2,53,1,0
BRDA:2,54,0,0
BRDA:2,54,1,0
BRDA:2,55,0,0
BRDA:2,55,1,0
BRDA:2,56,0,0
BRDA:2,56,1,0
BRDA:2,57,0,0
BRDA:2,57,1,0
BRDA:2,58,0,0
BRDA:2,58,1,0
BRDA:2,59,0,0
BRDA:2,59,1,0
BRDA:2,60,0,0
BRDA:2,60,1,0
BRDA:2,61,0,0
BRDA:2,61,1,0
BRDA:2,62,0,0
BRDA:2,62,1,0
BRDA:2,63,0,0
BRDA:2,63,1,0
BRDA:2,64,0,0
BRDA:2,64,1,0
BRDA:2,65,0,0
BRDA:2,65,1,0
BRDA:2,66,0,0
BRDA:2,66,1,0
BRDA:2,67,0,0
BRDA:2,67,1,0
BRDA:2,68,0,0
BRDA:2,68,1,0
BRDA:2,69,0,0
BRDA:2,69,1,0
BRDA:2,70,0,0
BRDA:2,70,1,0
BRDA:2,71,0,0
BRDA:2,71,1,0
BRDA:2,72,0,0
BRDA:2,72,1,0
BRDA:2,73,0,0
BRDA:2,73,1,0
BRDA:2,74,0,0
BRDA:2,74,1,0
BRDA:2,75,0,0
BRDA:2,75,1,0
BRDA:2,76,0,0
BRDA:2,76,1,0
BRDA:2,77,0,0
BRDA:2,77,1,0
BRDA:2,78,0,0
BRDA:2,78,1,0
BRDA:2,79,0,0
BRDA:2,79,1,0
BRDA:2,80,0,0
BRDA:2,80,1,0
BRDA:2,81,0,0
BRDA:2,81,1,0
BRDA:2,82,0,0
BRDA:2,82,1,0
BRDA:2,83,0,0
BRDA:2,83,1,0
BRDA:2,84,0,0
BRDA:2,84,1,0
BRDA:2,85,0,0
BRDA:2,85,1,0
BRDA:2,86,0,0
BRDA:2,86,1,0
BRDA:2,87,0,0
BRDA:2,87,1,0
BRDA:2,88,0,0
BRDA:2,88,1,0
BRDA:2,89,0,0
BRDA:2,89,1,0
BRDA:2,89,2,0
BRDA:2,90,0,0
BRDA:2,90,1,0
BRDA:2,91,0,0
BRDA:2,91,1,0
BRDA:2,92,0,0
BRDA:2,92,1,0
BRDA:2,93,0,0
BRDA:2,93,1,0
BRDA:2,94,0,0
BRDA:2,94,1,0
BRDA:2,95,0,0
BRDA:2,95,1,0
BRDA:2,96,0,0
BRDA:2,96,1,0
BRDA:2,97,0,0
BRDA:2,97,1,0
BRDA:2,98,0,0
BRDA:2,98,1,0
BRDA:2,99,0,0
BRDA:2,99,1,0
BRDA:2,100,0,0
BRDA:2,100,1,0
BRDA:2,101,0,0
BRDA:2,101,1,0
BRDA:2,102,0,0
BRDA:2,102,1,0
BRDA:2,103,0,0
BRDA:2,103,1,0
BRDA:2,104,0,0
BRDA:2,104,1,0
BRDA:2,105,0,0
BRDA:2,105,1,0
BRDA:2,106,0,0
BRDA:2,106,1,0
BRDA:2,107,0,0
BRDA:2,107,1,0
BRDA:2,108,0,0
BRDA:2,108,1,0
BRDA:2,109,0,0
BRDA:2,109,1,0
BRDA:2,110,0,0
BRDA:2,110,1,0
BRDA:2,111,0,0
BRDA:2,111,1,0
BRDA:2,112,0,0
BRDA:2,112,1,0
BRDA:2,113,0,0
BRDA:2,113,1,0
BRDA:2,114,0,0
BRDA:2,114,1,0
BRDA:2,115,0,0
BRDA:2,115,1,0
BRDA:2,116,0,0
BRDA:2,116,1,0
BRDA:2,117,0,0
BRDA:2,117,1,0
BRDA:2,118,0,0
BRDA:2,118,1,0
BRDA:2,119,0,0
BRDA:2,119,1,0
BRDA:2,120,0,0
BRDA:2,120,1,0
BRDA:2,121,0,0
BRDA:2,121,1,0
BRDA:2,122,0,0
BRDA:2,122,1,0
BRDA:2,123,0,0
BRDA:2,123,1,0
BRDA:2,124,0,0
BRDA:2,124,1,0
BRDA:2,125,0,0
BRDA:2,125,1,0
BRDA:2,126,0,0
BRDA:2,126,1,0
BRDA:2,127,0,0
BRDA:2,127,1,0
BRDA:2,128,0,0
BRDA:2,128,1,0
BRDA:2,128,2,0
BRDA:2,129,0,0
BRDA:2,129,1,0
BRDA:2,130,0,0
BRDA:2,130,1,0
BRDA:2,131,0,0
BRDA:2,131,1,0
BRDA:2,131,2,0
BRDA:2,131,3,0
BRDA:2,131,4,0
BRDA:2,132,0,0
BRDA:2,132,1,0
BRDA:2,133,0,0
BRDA:2,133,1,0
BRDA:2,134,0,0
BRDA:2,134,1,0
BRDA:2,135,0,0
BRDA:2,135,1,0
BRDA:2,136,0,0
BRDA:2,136,1,0
BRDA:2,137,0,0
BRDA:2,137,1,0
BRDA:2,138,0,0
BRDA:2,138,1,0
BRF:286
BRH:0
end_of_record
TN:
SF:/Users/hezronkimutai/SIMS/REACT/pplfrontend/coverage/lcov-report/sorter.js
FN:2,(anonymous_0)
FN:11,getTable
FN:15,getTableHeader
FN:19,getTableBody
FN:23,getNthColumn
FN:28,loadColumns
FN:53,loadRowData
FN:72,loadData
FN:81,sortByIndex
FN:83,(anonymous_9)
FN:95,(anonymous_10)
FN:112,removeSortIndicators
FN:120,addSortIndicators
FN:126,enableUI
FN:129,ithSorter
FN:132,(anonymous_15)
FN:159,(anonymous_16)
FNF:17
FNH:0
FNDA:0,(anonymous_0)
FNDA:0,getTable
FNDA:0,getTableHeader
FNDA:0,getTableBody
FNDA:0,getNthColumn
FNDA:0,loadColumns
FNDA:0,loadRowData
FNDA:0,loadData
FNDA:0,sortByIndex
FNDA:0,(anonymous_9)
FNDA:0,(anonymous_10)
FNDA:0,removeSortIndicators
FNDA:0,addSortIndicators
FNDA:0,enableUI
FNDA:0,ithSorter
FNDA:0,(anonymous_15)
FNDA:0,(anonymous_16)
DA:2,0
DA:5,0
DA:12,0
DA:16,0
DA:20,0
DA:24,0
DA:29,0
DA:31,0
DA:35,0
DA:36,0
DA:37,0
DA:42,0
DA:43,0
DA:44,0
DA:45,0
DA:49,0
DA:54,0
DA:57,0
DA:60,0
DA:61,0
DA:62,0
DA:63,0
DA:64,0
DA:65,0
DA:67,0
DA:69,0
DA:73,0
DA:76,0
DA:77,0
DA:82,0
DA:83,0
DA:84,0
DA:85,0
DA:86,0
DA:88,0
DA:89,0
DA:90,0
DA:91,0
DA:94,0
DA:95,0
DA:96,0
DA:100,0
DA:101,0
DA:102,0
DA:105,0
DA:107,0
DA:108,0
DA:113,0
DA:114,0
DA:116,0
DA:117,0
DA:121,0
DA:129,0
DA:130,0
DA:132,0
DA:133,0
DA:135,0
DA:136,0
DA:138,0
DA:139,0
DA:140,0
DA:141,0
DA:142,0
DA:145,0
DA:146,0
DA:149,0
DA:150,0
DA:151,0
DA:153,0
DA:159,0
DA:160,0
DA:161,0
DA:163,0
DA:164,0
DA:165,0
DA:166,0
DA:170,0
LF:77
LH:0
BRDA:40,0,0,0
BRDA:40,0,1,0
BRDA:43,1,0,0
BRDA:43,1,1,0
BRDA:64,2,0,0
BRDA:64,2,1,0
BRDA:86,3,0,0
BRDA:86,3,1,0
BRDA:86,4,0,0
BRDA:86,4,1,0
BRDA:94,5,0,0
BRDA:94,5,1,0
BRDA:121,6,0,0
BRDA:121,6,1,0
BRDA:135,7,0,0
BRDA:135,7,1,0
BRDA:146,8,0,0
BRDA:146,8,1,0
BRDA:150,9,0,0
BRDA:150,9,1,0
BRDA:160,10,0,0
BRDA:160,10,1,0
BRF:22
BRH:0
end_of_record
TN:
SF:/Users/hezronkimutai/SIMS/REACT/pplfrontend/dist/bundle.js
FN:1,(anonymous_0)
FN:1,n
FN:1,(anonymous_2)
FN:1,(anonymous_3)
FN:1,(anonymous_4)
FN:1,(anonymous_5)
FN:1,(anonymous_6)
FN:1,(anonymous_7)
FN:1,(anonymous_8)
FN:1,(anonymous_9)
FN:1,(anonymous_10)
FN:1,(anonymous_11)
FN:1,(anonymous_12)
FN:1,e
FN:1,(anonymous_14)
FN:1,(anonymous_15)
FN:1,(anonymous_16)
FN:1,(anonymous_17)
FN:1,o
FN:1,l
FN:1,(anonymous_20)
FN:1,i
FN:1,(anonymous_22)
FN:1,(anonymous_23)
FN:1,u
FN:1,c
FN:1,s
FN:1,f
FN:1,d
FN:1,p
FN:1,(anonymous_30)
FN:1,(anonymous_31)
FN:1,(anonymous_32)
FN:1,(anonymous_33)
FN:1,(anonymous_34)
FN:1,(anonymous_35)
FN:6,l
FN:6,(anonymous_37)
FN:6,(anonymous_38)
FN:6,(anonymous_39)
FN:6,(anonymous_40)
FN:6,(anonymous_41)
FN:6,(anonymous_42)
FN:6,(anonymous_43)
FN:6,(anonymous_44)
FN:6,(anonymous_45)
FN:6,(anonymous_46)
FN:6,(anonymous_47)
FN:6,u
FN:6,e
FN:6,(anonymous_50)
FN:6,r
FN:6,(anonymous_52)
FN:6,(anonymous_53)
FN:14,y
FN:14,(anonymous_55)
FN:14,(anonymous_56)
FN:14,(anonymous_57)
FN:14,(anonymous_58)
FN:14,w
FN:14,E
FN:14,x
FN:14,(anonymous_62)
FN:14,(anonymous_63)
FN:14,_
FN:14,N
FN:14,R
FN:14,I
FN:14,M
FN:14,e
FN:14,F
FN:14,(anonymous_71)
FN:14,(anonymous_72)
FN:14,U
FN:14,A
FN:14,(anonymous_75)
FN:14,(anonymous_76)
FN:14,L
FN:14,j
FN:14,(anonymous_79)
FN:14,(anonymous_80)
FN:14,(anonymous_81)
FN:14,(anonymous_82)
FN:14,(anonymous_83)
FN:14,(anonymous_84)
FN:14,(anonymous_85)
FN:14,(anonymous_86)
FN:14,(anonymous_87)
FN:14,(anonymous_88)
FN:14,(anonymous_89)
FN:14,(anonymous_90)
FN:14,(anonymous_91)
FN:14,(anonymous_92)
FN:14,(anonymous_93)
FN:14,(anonymous_94)
FN:14,(anonymous_95)
FN:14,(anonymous_96)
FN:14,(anonymous_97)
FN:14,(anonymous_98)
FN:14,(anonymous_99)
FN:14,(anonymous_100)
FN:14,(anonymous_101)
FN:14,(anonymous_102)
FN:14,(anonymous_103)
FN:22,l
FN:22,c
FN:22,s
FN:22,h
FN:22,(anonymous_108)
FN:22,E
FN:22,S
FN:22,(anonymous_111)
FN:22,C
FN:22,P
FN:22,N
FN:22,O
FN:22,(anonymous_116)
FN:22,(anonymous_117)
FN:22,R
FN:22,G
FN:22,X
FN:22,J
FN:22,re
FN:22,ae
FN:22,oe
FN:22,le
FN:22,ie
FN:22,ue
FN:22,de
FN:22,ye
FN:22,(anonymous_130)
FN:22,(anonymous_131)
FN:22,(anonymous_132)
FN:22,(anonymous_133)
FN:22,(anonymous_134)
FN:22,(anonymous_135)
FN:22,(anonymous_136)
FN:22,(anonymous_137)
FN:22,(anonymous_138)
FN:22,we
FN:22,Ee
FN:22,xe
FN:22,(anonymous_142)
FN:22,(anonymous_143)
FN:22,(anonymous_144)
FN:22,ke
FN:22,Te
FN:22,(anonymous_147)
FN:22,(anonymous_148)
FN:22,(anonymous_149)
FN:22,(anonymous_150)
FN:22,(anonymous_151)
FN:22,(anonymous_152)
FN:22,Se
FN:22,Ce
FN:22,Pe
FN:22,_e
FN:22,Ne
FN:22,Oe
FN:22,ze
FN:22,Re
FN:22,(anonymous_161)
FN:22,(anonymous_162)
FN:22,Ie
FN:22,Me
FN:22,Fe
FN:22,Ue
FN:22,Ae
FN:22,(anonymous_168)
FN:22,(anonymous_169)
FN:22,(anonymous_170)
FN:22,(anonymous_171)
FN:22,(anonymous_172)
FN:22,je
FN:22,De
FN:22,(anonymous_175)
FN:22,(anonymous_176)
FN:22,(anonymous_177)
FN:22,(anonymous_178)
FN:22,Ve
FN:22,We
FN:22,Ke
FN:22,et
FN:22,tt
FN:22,nt
FN:22,rt
FN:22,(anonymous_186)
FN:22,yt
FN:22,gt
FN:22,bt
FN:22,wt
FN:22,(anonymous_191)
FN:22,Et
FN:22,xt
FN:22,kt
FN:22,Tt
FN:22,St
FN:22,t
FN:22,Ct
FN:22,Pt
FN:22,_t
FN:22,Nt
FN:22,Ot
FN:22,zt
FN:22,Rt
FN:22,It
FN:22,Mt
FN:22,Ft
FN:22,Ut
FN:22,At
FN:22,Lt
FN:22,(anonymous_211)
FN:22,(anonymous_212)
FN:22,(anonymous_213)
FN:22,(anonymous_214)
FN:22,(anonymous_215)
FN:22,(anonymous_216)
FN:22,(anonymous_217)
FN:22,t
FN:22,n
FN:22,(anonymous_220)
FN:22,Vt
FN:22,Qt
FN:22,Kt
FN:22,(anonymous_224)
FN:22,(anonymous_225)
FN:22,(anonymous_226)
FN:22,(anonymous_227)
FN:22,(anonymous_228)
FN:22,(anonymous_229)
FN:22,(anonymous_230)
FN:22,(anonymous_231)
FN:22,(anonymous_232)
FN:22,(anonymous_233)
FN:22,(anonymous_234)
FN:22,kn
FN:22,Sn
FN:22,Cn
FN:22,Pn
FN:22,_n
FN:22,Nn
FN:22,On
FN:22,(anonymous_242)
FN:22,zn
FN:22,Rn
FN:22,Mn
FN:22,Fn
FN:22,Ln
FN:22,jn
FN:22,(anonymous_249)
FN:22,(anonymous_250)
FN:22,$n
FN:22,Bn
FN:22,Vn
FN:22,Wn
FN:22,Hn
FN:22,qn
FN:22,Qn
FN:22,Kn
FN:22,Yn
FN:22,nr
FN:22,rr
FN:22,lr
FN:22,ir
FN:22,dr
FN:22,pr
FN:22,mr
FN:22,hr
FN:22,br
FN:22,Or
FN:22,zr
FN:22,(anonymous_271)
FN:22,(anonymous_272)
FN:22,(anonymous_273)
FN:22,Fr
FN:22,Ar
FN:22,Dr
FN:22,$r
FN:22,Br
FN:22,Wr
FN:22,Hr
FN:22,qr
FN:22,Qr
FN:22,Kr
FN:22,Yr
FN:22,(anonymous_285)
FN:22,(anonymous_286)
FN:22,(anonymous_287)
FN:22,na
FN:22,ca
FN:22,(anonymous_290)
FN:22,pa
FN:22,ma
FN:22,ba
FN:22,wa
FN:22,Ea
FN:22,xa
FN:22,ka
FN:22,Ta
FN:22,Sa
FN:22,Ca
FN:22,(anonymous_301)
FN:22,(anonymous_302)
FN:22,qa
FN:22,Qa
FN:22,Ka
FN:22,Ya
FN:22,Ga
FN:22,Xa
FN:22,Ja
FN:22,(anonymous_310)
FN:22,eo
FN:22,to
FN:22,lo
FN:22,io
FN:22,uo
FN:22,co
FN:22,so
FN:22,fo
FN:22,mo
FN:22,ho
FN:22,vo
FN:22,yo
FN:22,go
FN:22,bo
FN:22,wo
FN:22,Eo
FN:22,xo
FN:22,ko
FN:22,To
FN:22,Po
FN:22,(anonymous_331)
FN:22,(anonymous_332)
FN:22,(anonymous_333)
FN:22,(anonymous_334)
FN:22,No
FN:22,Oo
FN:22,zo
FN:22,Ro
FN:22,Mo
FN:22,(anonymous_340)
FN:22,Fo
FN:22,Uo
FN:22,t
FN:22,n
FN:22,r
FN:22,a
FN:22,o
FN:22,i
FN:22,u
FN:22,c
FN:22,s
FN:22,f
FN:22,d
FN:22,p
FN:22,m
FN:22,h
FN:22,(anonymous_357)
FN:22,v
FN:22,(anonymous_359)
FN:22,(anonymous_360)
FN:22,Vo
FN:22,Wo
FN:22,Ho
FN:22,qo
FN:22,Qo
FN:22,Yo
FN:22,Go
FN:22,dl
FN:22,pl
FN:22,ml
FN:22,hl
FN:22,vl
FN:22,yl
FN:22,gl
FN:22,bl
FN:22,wl
FN:22,El
FN:22,xl
FN:22,kl
FN:22,Tl
FN:22,Sl
FN:22,Cl
FN:22,Pl
FN:22,(anonymous_384)
FN:22,(anonymous_385)
FN:22,_l
FN:22,Nl
FN:22,Ol
FN:22,zl
FN:22,(anonymous_390)
FN:22,(anonymous_391)
FN:22,(anonymous_392)
FN:22,(anonymous_393)
FN:22,(anonymous_394)
FN:22,(anonymous_395)
FN:22,(anonymous_396)
FN:22,(anonymous_397)
FN:22,(anonymous_398)
FN:22,(anonymous_399)
FN:22,(anonymous_400)
FN:22,(anonymous_401)
FN:22,(anonymous_402)
FN:22,(anonymous_403)
FN:22,(anonymous_404)
FN:22,(anonymous_405)
FN:22,(anonymous_406)
FN:22,(anonymous_407)
FN:22,(anonymous_408)
FN:22,(anonymous_409)
FN:22,(anonymous_410)
FN:22,Ll
FN:22,jl
FN:22,Dl
FN:22,$l
FN:22,Bl
FN:22,Vl
FN:22,ql
FN:22,Ql
FN:22,Kl
FN:22,Yl
FN:22,Gl
FN:22,Xl
FN:22,Jl
FN:22,Zl
FN:22,ei
FN:22,li
FN:22,ii
FN:22,ui
FN:22,ci
FN:22,si
FN:22,fi
FN:22,di
FN:22,pi
FN:22,mi
FN:22,(anonymous_435)
FN:22,(anonymous_436)
FN:22,(anonymous_437)
FN:22,(anonymous_438)
FN:22,vi
FN:22,(anonymous_440)
FN:22,yi
FN:22,gi
FN:22,bi
FN:22,wi
FN:22,(anonymous_445)
FN:22,(anonymous_446)
FN:22,Ei
FN:22,xi
FN:22,ki
FN:22,Ti
FN:22,Si
FN:22,Ci
FN:22,(anonymous_453)
FN:22,_i
FN:22,(anonymous_455)
FN:22,Ni
FN:22,(anonymous_457)
FN:22,(anonymous_458)
FN:22,mu
FN:22,hu
FN:22,vu
FN:22,yu
FN:22,gu
FN:22,bu
FN:22,wu
FN:22,Eu
FN:22,xu
FN:22,ku
FN:22,Tu
FN:22,Su
FN:22,Cu
FN:22,Pu
FN:22,_u
FN:22,Nu
FN:22,Ou
FN:22,zu
FN:22,Ru
FN:22,Iu
FN:22,Mu
FN:22,Fu
FN:22,e
FN:22,Uu
FN:22,(anonymous_483)
FN:22,Au
FN:22,Lu
FN:22,ju
FN:22,Du
FN:22,$u
FN:22,Bu
FN:22,(anonymous_490)
FN:22,(anonymous_491)
FN:22,(anonymous_492)
FN:22,(anonymous_493)
FN:22,(anonymous_494)
FN:22,Hu
FN:22,qu
FN:22,Qu
FN:22,Ku
FN:22,Yu
FN:22,Gu
FN:22,Xu
FN:22,Ju
FN:22,Zu
FN:22,ec
FN:22,tc
FN:22,nc
FN:22,rc
FN:22,ac
FN:22,oc
FN:22,lc
FN:22,ic
FN:22,uc
FN:22,(anonymous_513)
FN:22,(anonymous_514)
FN:22,(anonymous_515)
FN:22,cc
FN:22,sc
FN:22,(anonymous_518)
FN:22,(anonymous_519)
FN:22,(anonymous_520)
FN:22,(anonymous_521)
FN:22,fc
FN:22,(anonymous_523)
FN:22,(anonymous_524)
FN:22,(anonymous_525)
FN:22,(anonymous_526)
FN:22,(anonymous_527)
FN:22,(anonymous_528)
FN:22,(anonymous_529)
FN:22,(anonymous_530)
FN:22,(anonymous_531)
FN:22,(anonymous_532)
FN:22,(anonymous_533)
FN:22,(anonymous_534)
FN:22,(anonymous_535)
FN:22,(anonymous_536)
FN:22,(anonymous_537)
FN:22,(anonymous_538)
FN:22,(anonymous_539)
FN:22,(anonymous_540)
FN:22,(anonymous_541)
FN:22,(anonymous_542)
FN:22,(anonymous_543)
FN:22,(anonymous_544)
FN:22,(anonymous_545)
FN:22,(anonymous_546)
FN:22,(anonymous_547)
FN:22,(anonymous_548)
FN:22,(anonymous_549)
FN:22,(anonymous_550)
FN:22,(anonymous_551)
FN:22,(anonymous_552)
FN:30,(anonymous_553)
FN:30,(anonymous_554)
FN:30,(anonymous_555)
FN:30,(anonymous_556)
FN:30,(anonymous_557)
FN:30,(anonymous_558)
FN:30,(anonymous_559)
FN:30,(anonymous_560)
FN:30,(anonymous_561)
FN:30,(anonymous_562)
FN:30,(anonymous_563)
FN:30,(anonymous_564)
FN:30,(anonymous_565)
FN:30,(anonymous_566)
FN:30,(anonymous_567)
FN:30,(anonymous_568)
FN:30,(anonymous_569)
FN:30,S
FN:30,C
FN:30,P
FN:30,_
FN:30,A
FN:30,L
FN:30,j
FN:30,D
FN:30,(anonymous_578)
FN:30,(anonymous_579)
FN:30,(anonymous_580)
FN:30,(anonymous_581)
FN:30,(anonymous_582)
FN:30,(anonymous_583)
FN:30,(anonymous_584)
FN:30,(anonymous_585)
FN:30,(anonymous_586)
FN:30,(anonymous_587)
FN:30,(anonymous_588)
FN:30,(anonymous_589)
FN:30,a
FN:30,o
FN:30,(anonymous_592)
FN:30,e
FN:30,t
FN:30,(anonymous_595)
FN:30,(anonymous_596)
FN:30,(anonymous_597)
FN:30,(anonymous_598)
FN:38,E
FN:38,x
FN:38,(anonymous_601)
FN:38,(anonymous_602)
FN:38,(anonymous_603)
FN:38,(anonymous_604)
FN:38,(anonymous_605)
FN:38,(anonymous_606)
FN:38,(anonymous_607)
FN:38,(anonymous_608)
FN:38,(anonymous_609)
FN:38,(anonymous_610)
FN:38,(anonymous_611)
FN:38,(anonymous_612)
FN:38,(anonymous_613)
FN:38,(anonymous_614)
FN:38,(anonymous_615)
FN:38,(anonymous_616)
FN:38,(anonymous_617)
FN:38,(anonymous_618)
FN:38,(anonymous_619)
FN:38,(anonymous_620)
FN:38,(anonymous_621)
FN:38,(anonymous_622)
FN:38,(anonymous_623)
FN:38,(anonymous_624)
FN:38,(anonymous_625)
FN:38,(anonymous_626)
FN:38,i
FN:38,u
FN:38,c
FN:38,(anonymous_630)
FN:38,(anonymous_631)
FN:38,d
FN:38,p
FN:38,v
FN:38,(anonymous_635)
FN:38,(anonymous_636)
FN:38,(anonymous_637)
FN:38,(anonymous_638)
FN:38,(anonymous_639)
FN:38,(anonymous_640)
FN:38,(anonymous_641)
FN:38,(anonymous_642)
FN:38,(anonymous_643)
FN:38,(anonymous_644)
FN:38,l
FN:38,c
FN:38,(anonymous_647)
FN:38,s
FN:38,f
FN:38,(anonymous_650)
FN:38,(anonymous_651)
FN:38,v
FN:38,y
FN:38,g
FN:38,(anonymous_655)
FN:38,b
FN:38,w
FN:38,E
FN:38,(anonymous_659)
FN:38,x
FN:38,(anonymous_661)
FN:38,(anonymous_662)
FN:38,(anonymous_663)
FN:38,(anonymous_664)
FN:38,r
FN:38,(anonymous_666)
FN:38,(anonymous_667)
FN:38,(anonymous_668)
FN:38,(anonymous_669)
FN:38,T
FN:38,P
FN:38,_
FN:38,m
FN:38,y
FN:38,N
FN:38,O
FN:38,(anonymous_677)
FN:38,z
FN:38,I
FN:38,(anonymous_680)
FN:38,(anonymous_681)
FN:38,U
FN:38,A
FN:38,j
FN:38,(anonymous_685)
FN:38,(anonymous_686)
FN:38,(anonymous_687)
FN:38,(anonymous_688)
FN:38,(anonymous_689)
FN:38,(anonymous_690)
FN:38,(anonymous_691)
FN:38,(anonymous_692)
FN:38,(anonymous_693)
FN:38,(anonymous_694)
FN:38,(anonymous_695)
FN:38,(anonymous_696)
FN:38,z
FN:38,R
FN:38,I
FN:38,M
FN:38,d
FN:38,m
FN:38,C
FN:38,(anonymous_704)
FN:38,(anonymous_705)
FN:38,(anonymous_706)
FN:38,U
FN:38,L
FN:38,(anonymous_709)
FN:38,(anonymous_710)
FN:38,(anonymous_711)
FN:38,(anonymous_712)
FN:38,(anonymous_713)
FN:38,(anonymous_714)
FN:38,(anonymous_715)
FN:38,(anonymous_716)
FN:38,(anonymous_717)
FN:38,(anonymous_718)
FN:38,(anonymous_719)
FN:38,(anonymous_720)
FN:38,F
FN:38,(anonymous_722)
FN:38,(anonymous_723)
FN:38,n
FN:38,(anonymous_725)
FN:38,(anonymous_726)
FN:38,(anonymous_727)
FN:38,(anonymous_728)
FN:38,(anonymous_729)
FN:38,(anonymous_730)
FN:38,(anonymous_731)
FN:38,(anonymous_732)
FN:38,(anonymous_733)
FN:38,(anonymous_734)
FN:38,n
FN:38,(anonymous_736)
FN:38,(anonymous_737)
FN:38,(anonymous_738)
FN:38,(anonymous_739)
FN:38,(anonymous_740)
FN:38,(anonymous_741)
FN:38,W
FN:38,(anonymous_743)
FN:38,(anonymous_744)
FN:38,t
FN:38,(anonymous_746)
FN:38,(anonymous_747)
FN:38,(anonymous_748)
FN:38,(anonymous_749)
FN:38,(anonymous_750)
FN:38,G
FN:38,(anonymous_752)
FN:38,(anonymous_753)
FN:38,(anonymous_754)
FN:38,(anonymous_755)
FN:38,t
FN:38,(anonymous_757)
FN:38,(anonymous_758)
FN:38,J
FN:38,Z
FN:38,ee
FN:38,te
FN:38,(anonymous_763)
FN:38,ne
FN:38,(anonymous_765)
FN:38,t
FN:38,(anonymous_767)
FN:38,(anonymous_768)
FN:38,(anonymous_769)
FN:38,(anonymous_770)
FN:38,t
FN:38,(anonymous_772)
FN:38,(anonymous_773)
FN:38,(anonymous_774)
FN:38,(anonymous_775)
FN:38,(anonymous_776)
FN:38,(anonymous_777)
FN:38,(anonymous_778)
FN:38,(anonymous_779)
FN:38,(anonymous_780)
FN:38,(anonymous_781)
FN:38,(anonymous_782)
FN:38,(anonymous_783)
FN:38,(anonymous_784)
FN:38,(anonymous_785)
FN:38,(anonymous_786)
FN:38,(anonymous_787)
FN:38,(anonymous_788)
FN:38,(anonymous_789)
FN:38,(anonymous_790)
FN:38,(anonymous_791)
FN:38,(anonymous_792)
FN:38,(anonymous_793)
FN:38,(anonymous_794)
FN:38,(anonymous_795)
FN:38,(anonymous_796)
FN:38,(anonymous_797)
FN:38,ke
FN:38,(anonymous_799)
FN:38,(anonymous_800)
FN:38,Te
FN:38,Se
FN:38,(anonymous_803)
FN:38,Ce
FN:38,(anonymous_805)
FN:38,Pe
FN:38,(anonymous_807)
FN:38,(anonymous_808)
FN:38,t
FN:38,(anonymous_810)
FN:38,(anonymous_811)
FN:38,(anonymous_812)
FN:38,(anonymous_813)
FN:38,(anonymous_814)
FN:38,Re
FN:38,e
FN:38,s
FN:38,f
FN:38,d
FN:38,(anonymous_820)
FN:38,p
FN:38,(anonymous_822)
FN:38,(anonymous_823)
FN:38,(anonymous_824)
FN:38,n
FN:38,(anonymous_826)
FN:38,(anonymous_827)
FN:38,(anonymous_828)
FN:38,(anonymous_829)
FN:38,(anonymous_830)
FNF:831
FNH:0
FNDA:0,(anonymous_0)
FNDA:0,n
FNDA:0,(anonymous_2)
FNDA:0,(anonymous_3)
FNDA:0,(anonymous_4)
FNDA:0,(anonymous_5)
FNDA:0,(anonymous_6)
FNDA:0,(anonymous_7)
FNDA:0,(anonymous_8)
FNDA:0,(anonymous_9)
FNDA:0,(anonymous_10)
FNDA:0,(anonymous_11)
FNDA:0,(anonymous_12)
FNDA:0,e
FNDA:0,(anonymous_14)
FNDA:0,(anonymous_15)
FNDA:0,(anonymous_16)
FNDA:0,(anonymous_17)
FNDA:0,o
FNDA:0,l
FNDA:0,(anonymous_20)
FNDA:0,i
FNDA:0,(anonymous_22)
FNDA:0,(anonymous_23)
FNDA:0,u
FNDA:0,c
FNDA:0,s
FNDA:0,f
FNDA:0,d
FNDA:0,p
FNDA:0,(anonymous_30)
FNDA:0,(anonymous_31)
FNDA:0,(anonymous_32)
FNDA:0,(anonymous_33)
FNDA:0,(anonymous_34)
FNDA:0,(anonymous_35)
FNDA:0,l
FNDA:0,(anonymous_37)
FNDA:0,(anonymous_38)
FNDA:0,(anonymous_39)
FNDA:0,(anonymous_40)
FNDA:0,(anonymous_41)
FNDA:0,(anonymous_42)
FNDA:0,(anonymous_43)
FNDA:0,(anonymous_44)
FNDA:0,(anonymous_45)
FNDA:0,(anonymous_46)
FNDA:0,(anonymous_47)
FNDA:0,u
FNDA:0,e
FNDA:0,(anonymous_50)
FNDA:0,r
FNDA:0,(anonymous_52)
FNDA:0,(anonymous_53)
FNDA:0,y
FNDA:0,(anonymous_55)
FNDA:0,(anonymous_56)
FNDA:0,(anonymous_57)
FNDA:0,(anonymous_58)
FNDA:0,w
FNDA:0,E
FNDA:0,x
FNDA:0,(anonymous_62)
FNDA:0,(anonymous_63)
FNDA:0,_
FNDA:0,N
FNDA:0,R
FNDA:0,I
FNDA:0,M
FNDA:0,e
FNDA:0,F
FNDA:0,(anonymous_71)
FNDA:0,(anonymous_72)
FNDA:0,U
FNDA:0,A
FNDA:0,(anonymous_75)
FNDA:0,(anonymous_76)
FNDA:0,L
FNDA:0,j
FNDA:0,(anonymous_79)
FNDA:0,(anonymous_80)
FNDA:0,(anonymous_81)
FNDA:0,(anonymous_82)
FNDA:0,(anonymous_83)
FNDA:0,(anonymous_84)
FNDA:0,(anonymous_85)
FNDA:0,(anonymous_86)
FNDA:0,(anonymous_87)
FNDA:0,(anonymous_88)
FNDA:0,(anonymous_89)
FNDA:0,(anonymous_90)
FNDA:0,(anonymous_91)
FNDA:0,(anonymous_92)
FNDA:0,(anonymous_93)
FNDA:0,(anonymous_94)
FNDA:0,(anonymous_95)
FNDA:0,(anonymous_96)
FNDA:0,(anonymous_97)
FNDA:0,(anonymous_98)
FNDA:0,(anonymous_99)
FNDA:0,(anonymous_100)
FNDA:0,(anonymous_101)
FNDA:0,(anonymous_102)
FNDA:0,(anonymous_103)
FNDA:0,l
FNDA:0,c
FNDA:0,s
FNDA:0,h
FNDA:0,(anonymous_108)
FNDA:0,E
FNDA:0,S
FNDA:0,(anonymous_111)
FNDA:0,C
FNDA:0,P
FNDA:0,N
FNDA:0,O
FNDA:0,(anonymous_116)
FNDA:0,(anonymous_117)
FNDA:0,R
FNDA:0,G
FNDA:0,X
FNDA:0,J
FNDA:0,re
FNDA:0,ae
FNDA:0,oe
FNDA:0,le
FNDA:0,ie
FNDA:0,ue
FNDA:0,de
FNDA:0,ye
FNDA:0,(anonymous_130)
FNDA:0,(anonymous_131)
FNDA:0,(anonymous_132)
FNDA:0,(anonymous_133)
FNDA:0,(anonymous_134)
FNDA:0,(anonymous_135)
FNDA:0,(anonymous_136)
FNDA:0,(anonymous_137)
FNDA:0,(anonymous_138)
FNDA:0,we
FNDA:0,Ee
FNDA:0,xe
FNDA:0,(anonymous_142)
FNDA:0,(anonymous_143)
FNDA:0,(anonymous_144)
FNDA:0,ke
FNDA:0,Te
FNDA:0,(anonymous_147)
FNDA:0,(anonymous_148)
FNDA:0,(anonymous_149)
FNDA:0,(anonymous_150)
FNDA:0,(anonymous_151)
FNDA:0,(anonymous_152)
FNDA:0,Se
FNDA:0,Ce
FNDA:0,Pe
FNDA:0,_e
FNDA:0,Ne
FNDA:0,Oe
FNDA:0,ze
FNDA:0,Re
FNDA:0,(anonymous_161)
FNDA:0,(anonymous_162)
FNDA:0,Ie
FNDA:0,Me
FNDA:0,Fe
FNDA:0,Ue
FNDA:0,Ae
FNDA:0,(anonymous_168)
FNDA:0,(anonymous_169)
FNDA:0,(anonymous_170)
FNDA:0,(anonymous_171)
FNDA:0,(anonymous_172)
FNDA:0,je
FNDA:0,De
FNDA:0,(anonymous_175)
FNDA:0,(anonymous_176)
FNDA:0,(anonymous_177)
FNDA:0,(anonymous_178)
FNDA:0,Ve
FNDA:0,We
FNDA:0,Ke
FNDA:0,et
FNDA:0,tt
FNDA:0,nt
FNDA:0,rt
FNDA:0,(anonymous_186)
FNDA:0,yt
FNDA:0,gt
FNDA:0,bt
FNDA:0,wt
FNDA:0,(anonymous_191)
FNDA:0,Et
FNDA:0,xt
FNDA:0,kt
FNDA:0,Tt
FNDA:0,St
FNDA:0,t
FNDA:0,Ct
FNDA:0,Pt
FNDA:0,_t
FNDA:0,Nt
FNDA:0,Ot
FNDA:0,zt
FNDA:0,Rt
FNDA:0,It
FNDA:0,Mt
FNDA:0,Ft
FNDA:0,Ut
FNDA:0,At
FNDA:0,Lt
FNDA:0,(anonymous_211)
FNDA:0,(anonymous_212)
FNDA:0,(anonymous_213)
FNDA:0,(anonymous_214)
FNDA:0,(anonymous_215)
FNDA:0,(anonymous_216)
FNDA:0,(anonymous_217)
FNDA:0,t
FNDA:0,n
FNDA:0,(anonymous_220)
FNDA:0,Vt
FNDA:0,Qt
FNDA:0,Kt
FNDA:0,(anonymous_224)
FNDA:0,(anonymous_225)
FNDA:0,(anonymous_226)
FNDA:0,(anonymous_227)
FNDA:0,(anonymous_228)
FNDA:0,(anonymous_229)
FNDA:0,(anonymous_230)
FNDA:0,(anonymous_231)
FNDA:0,(anonymous_232)
FNDA:0,(anonymous_233)
FNDA:0,(anonymous_234)
FNDA:0,kn
FNDA:0,Sn
FNDA:0,Cn
FNDA:0,Pn
FNDA:0,_n
FNDA:0,Nn
FNDA:0,On
FNDA:0,(anonymous_242)
FNDA:0,zn
FNDA:0,Rn
FNDA:0,Mn
FNDA:0,Fn
FNDA:0,Ln
FNDA:0,jn
FNDA:0,(anonymous_249)
FNDA:0,(anonymous_250)
FNDA:0,$n
FNDA:0,Bn
FNDA:0,Vn
FNDA:0,Wn
FNDA:0,Hn
FNDA:0,qn
FNDA:0,Qn
FNDA:0,Kn
FNDA:0,Yn
FNDA:0,nr
FNDA:0,rr
FNDA:0,lr
FNDA:0,ir
FNDA:0,dr
FNDA:0,pr
FNDA:0,mr
FNDA:0,hr
FNDA:0,br
FNDA:0,Or
FNDA:0,zr
FNDA:0,(anonymous_271)
FNDA:0,(anonymous_272)
FNDA:0,(anonymous_273)
FNDA:0,Fr
FNDA:0,Ar
FNDA:0,Dr
FNDA:0,$r
FNDA:0,Br
FNDA:0,Wr
FNDA:0,Hr
FNDA:0,qr
FNDA:0,Qr
FNDA:0,Kr
FNDA:0,Yr
FNDA:0,(anonymous_285)
FNDA:0,(anonymous_286)
FNDA:0,(anonymous_287)
FNDA:0,na
FNDA:0,ca
FNDA:0,(anonymous_290)
FNDA:0,pa
FNDA:0,ma
FNDA:0,ba
FNDA:0,wa
FNDA:0,Ea
FNDA:0,xa
FNDA:0,ka
FNDA:0,Ta
FNDA:0,Sa
FNDA:0,Ca
FNDA:0,(anonymous_301)
FNDA:0,(anonymous_302)
FNDA:0,qa
FNDA:0,Qa
FNDA:0,Ka
FNDA:0,Ya
FNDA:0,Ga
FNDA:0,Xa
FNDA:0,Ja
FNDA:0,(anonymous_310)
FNDA:0,eo
FNDA:0,to
FNDA:0,lo
FNDA:0,io
FNDA:0,uo
FNDA:0,co
FNDA:0,so
FNDA:0,fo
FNDA:0,mo
FNDA:0,ho
FNDA:0,vo
FNDA:0,yo
FNDA:0,go
FNDA:0,bo
FNDA:0,wo
FNDA:0,Eo
FNDA:0,xo
FNDA:0,ko
FNDA:0,To
FNDA:0,Po
FNDA:0,(anonymous_331)
FNDA:0,(anonymous_332)
FNDA:0,(anonymous_333)
FNDA:0,(anonymous_334)
FNDA:0,No
FNDA:0,Oo
FNDA:0,zo
FNDA:0,Ro
FNDA:0,Mo
FNDA:0,(anonymous_340)
FNDA:0,Fo
FNDA:0,Uo
FNDA:0,t
FNDA:0,n
FNDA:0,r
FNDA:0,a
FNDA:0,o
FNDA:0,i
FNDA:0,u
FNDA:0,c
FNDA:0,s
FNDA:0,f
FNDA:0,d
FNDA:0,p
FNDA:0,m
FNDA:0,h
FNDA:0,(anonymous_357)
FNDA:0,v
FNDA:0,(anonymous_359)
FNDA:0,(anonymous_360)
FNDA:0,Vo
FNDA:0,Wo
FNDA:0,Ho
FNDA:0,qo
FNDA:0,Qo
FNDA:0,Yo
FNDA:0,Go
FNDA:0,dl
FNDA:0,pl
FNDA:0,ml
FNDA:0,hl
FNDA:0,vl
FNDA:0,yl
FNDA:0,gl
FNDA:0,bl
FNDA:0,wl
FNDA:0,El
FNDA:0,xl
FNDA:0,kl
FNDA:0,Tl
FNDA:0,Sl
FNDA:0,Cl
FNDA:0,Pl
FNDA:0,(anonymous_384)
FNDA:0,(anonymous_385)
FNDA:0,_l
FNDA:0,Nl
FNDA:0,Ol
FNDA:0,zl
FNDA:0,(anonymous_390)
FNDA:0,(anonymous_391)
FNDA:0,(anonymous_392)
FNDA:0,(anonymous_393)
FNDA:0,(anonymous_394)
FNDA:0,(anonymous_395)
FNDA:0,(anonymous_396)
FNDA:0,(anonymous_397)
FNDA:0,(anonymous_398)
FNDA:0,(anonymous_399)
FNDA:0,(anonymous_400)
FNDA:0,(anonymous_401)
FNDA:0,(anonymous_402)
FNDA:0,(anonymous_403)
FNDA:0,(anonymous_404)
FNDA:0,(anonymous_405)
FNDA:0,(anonymous_406)
FNDA:0,(anonymous_407)
FNDA:0,(anonymous_408)
FNDA:0,(anonymous_409)
FNDA:0,(anonymous_410)
FNDA:0,Ll
FNDA:0,jl
FNDA:0,Dl
FNDA:0,$l
FNDA:0,Bl
FNDA:0,Vl
FNDA:0,ql
FNDA:0,Ql
FNDA:0,Kl
FNDA:0,Yl
FNDA:0,Gl
FNDA:0,Xl
FNDA:0,Jl
FNDA:0,Zl
FNDA:0,ei
FNDA:0,li
FNDA:0,ii
FNDA:0,ui
FNDA:0,ci
FNDA:0,si
FNDA:0,fi
FNDA:0,di
FNDA:0,pi
FNDA:0,mi
FNDA:0,(anonymous_435)
FNDA:0,(anonymous_436)
FNDA:0,(anonymous_437)
FNDA:0,(anonymous_438)
FNDA:0,vi
FNDA:0,(anonymous_440)
FNDA:0,yi
FNDA:0,gi
FNDA:0,bi
FNDA:0,wi
FNDA:0,(anonymous_445)
FNDA:0,(anonymous_446)
FNDA:0,Ei
FNDA:0,xi
FNDA:0,ki
FNDA:0,Ti
FNDA:0,Si
FNDA:0,Ci
FNDA:0,(anonymous_453)
FNDA:0,_i
FNDA:0,(anonymous_455)
FNDA:0,Ni
FNDA:0,(anonymous_457)
FNDA:0,(anonymous_458)
FNDA:0,mu
FNDA:0,hu
FNDA:0,vu
FNDA:0,yu
FNDA:0,gu
FNDA:0,bu
FNDA:0,wu
FNDA:0,Eu
FNDA:0,xu
FNDA:0,ku
FNDA:0,Tu
FNDA:0,Su
FNDA:0,Cu
FNDA:0,Pu
FNDA:0,_u
FNDA:0,Nu
FNDA:0,Ou
FNDA:0,zu
FNDA:0,Ru
FNDA:0,Iu
FNDA:0,Mu
FNDA:0,Fu
FNDA:0,e
FNDA:0,Uu
FNDA:0,(anonymous_483)
FNDA:0,Au
FNDA:0,Lu
FNDA:0,ju
FNDA:0,Du
FNDA:0,$u
FNDA:0,Bu
FNDA:0,(anonymous_490)
FNDA:0,(anonymous_491)
FNDA:0,(anonymous_492)
FNDA:0,(anonymous_493)
FNDA:0,(anonymous_494)
FNDA:0,Hu
FNDA:0,qu
FNDA:0,Qu
FNDA:0,Ku
FNDA:0,Yu
FNDA:0,Gu
FNDA:0,Xu
FNDA:0,Ju
FNDA:0,Zu
FNDA:0,ec
FNDA:0,tc
FNDA:0,nc
FNDA:0,rc
FNDA:0,ac
FNDA:0,oc
FNDA:0,lc
FNDA:0,ic
FNDA:0,uc
FNDA:0,(anonymous_513)
FNDA:0,(anonymous_514)
FNDA:0,(anonymous_515)
FNDA:0,cc
FNDA:0,sc
FNDA:0,(anonymous_518)
FNDA:0,(anonymous_519)
FNDA:0,(anonymous_520)
FNDA:0,(anonymous_521)
FNDA:0,fc
FNDA:0,(anonymous_523)
FNDA:0,(anonymous_524)
FNDA:0,(anonymous_525)
FNDA:0,(anonymous_526)
FNDA:0,(anonymous_527)
FNDA:0,(anonymous_528)
FNDA:0,(anonymous_529)
FNDA:0,(anonymous_530)
FNDA:0,(anonymous_531)
FNDA:0,(anonymous_532)
FNDA:0,(anonymous_533)
FNDA:0,(anonymous_534)
FNDA:0,(anonymous_535)
FNDA:0,(anonymous_536)
FNDA:0,(anonymous_537)
FNDA:0,(anonymous_538)
FNDA:0,(anonymous_539)
FNDA:0,(anonymous_540)
FNDA:0,(anonymous_541)
FNDA:0,(anonymous_542)
FNDA:0,(anonymous_543)
FNDA:0,(anonymous_544)
FNDA:0,(anonymous_545)
FNDA:0,(anonymous_546)
FNDA:0,(anonymous_547)
FNDA:0,(anonymous_548)
FNDA:0,(anonymous_549)
FNDA:0,(anonymous_550)
FNDA:0,(anonymous_551)
FNDA:0,(anonymous_552)
FNDA:0,(anonymous_553)
FNDA:0,(anonymous_554)
FNDA:0,(anonymous_555)
FNDA:0,(anonymous_556)
FNDA:0,(anonymous_557)
FNDA:0,(anonymous_558)
FNDA:0,(anonymous_559)
FNDA:0,(anonymous_560)
FNDA:0,(anonymous_561)
FNDA:0,(anonymous_562)
FNDA:0,(anonymous_563)
FNDA:0,(anonymous_564)
FNDA:0,(anonymous_565)
FNDA:0,(anonymous_566)
FNDA:0,(anonymous_567)
FNDA:0,(anonymous_568)
FNDA:0,(anonymous_569)
FNDA:0,S
FNDA:0,C
FNDA:0,P
FNDA:0,_
FNDA:0,A
FNDA:0,L
FNDA:0,j
FNDA:0,D
FNDA:0,(anonymous_578)
FNDA:0,(anonymous_579)
FNDA:0,(anonymous_580)
FNDA:0,(anonymous_581)
FNDA:0,(anonymous_582)
FNDA:0,(anonymous_583)
FNDA:0,(anonymous_584)
FNDA:0,(anonymous_585)
FNDA:0,(anonymous_586)
FNDA:0,(anonymous_587)
FNDA:0,(anonymous_588)
FNDA:0,(anonymous_589)
FNDA:0,a
FNDA:0,o
FNDA:0,(anonymous_592)
FNDA:0,e
FNDA:0,t
FNDA:0,(anonymous_595)
FNDA:0,(anonymous_596)
FNDA:0,(anonymous_597)
FNDA:0,(anonymous_598)
FNDA:0,E
FNDA:0,x
FNDA:0,(anonymous_601)
FNDA:0,(anonymous_602)
FNDA:0,(anonymous_603)
FNDA:0,(anonymous_604)
FNDA:0,(anonymous_605)
FNDA:0,(anonymous_606)
FNDA:0,(anonymous_607)
FNDA:0,(anonymous_608)
FNDA:0,(anonymous_609)
FNDA:0,(anonymous_610)
FNDA:0,(anonymous_611)
FNDA:0,(anonymous_612)
FNDA:0,(anonymous_613)
FNDA:0,(anonymous_614)
FNDA:0,(anonymous_615)
FNDA:0,(anonymous_616)
FNDA:0,(anonymous_617)
FNDA:0,(anonymous_618)
FNDA:0,(anonymous_619)
FNDA:0,(anonymous_620)
FNDA:0,(anonymous_621)
FNDA:0,(anonymous_622)
FNDA:0,(anonymous_623)
FNDA:0,(anonymous_624)
FNDA:0,(anonymous_625)
FNDA:0,(anonymous_626)
FNDA:0,i
FNDA:0,u
FNDA:0,c
FNDA:0,(anonymous_630)
FNDA:0,(anonymous_631)
FNDA:0,d
FNDA:0,p
FNDA:0,v
FNDA:0,(anonymous_635)
FNDA:0,(anonymous_636)
FNDA:0,(anonymous_637)
FNDA:0,(anonymous_638)
FNDA:0,(anonymous_639)
FNDA:0,(anonymous_640)
FNDA:0,(anonymous_641)
FNDA:0,(anonymous_642)
FNDA:0,(anonymous_643)
FNDA:0,(anonymous_644)
FNDA:0,l
FNDA:0,c
FNDA:0,(anonymous_647)
FNDA:0,s
FNDA:0,f
FNDA:0,(anonymous_650)
FNDA:0,(anonymous_651)
FNDA:0,v
FNDA:0,y
FNDA:0,g
FNDA:0,(anonymous_655)
FNDA:0,b
FNDA:0,w
FNDA:0,E
FNDA:0,(anonymous_659)
FNDA:0,x
FNDA:0,(anonymous_661)
FNDA:0,(anonymous_662)
FNDA:0,(anonymous_663)
FNDA:0,(anonymous_664)
FNDA:0,r
FNDA:0,(anonymous_666)
FNDA:0,(anonymous_667)
FNDA:0,(anonymous_668)
FNDA:0,(anonymous_669)
FNDA:0,T
FNDA:0,P
FNDA:0,_
FNDA:0,m
FNDA:0,y
FNDA:0,N
FNDA:0,O
FNDA:0,(anonymous_677)
FNDA:0,z
FNDA:0,I
FNDA:0,(anonymous_680)
FNDA:0,(anonymous_681)
FNDA:0,U
FNDA:0,A
FNDA:0,j
FNDA:0,(anonymous_685)
FNDA:0,(anonymous_686)
FNDA:0,(anonymous_687)
FNDA:0,(anonymous_688)
FNDA:0,(anonymous_689)
FNDA:0,(anonymous_690)
FNDA:0,(anonymous_691)
FNDA:0,(anonymous_692)
FNDA:0,(anonymous_693)
FNDA:0,(anonymous_694)
FNDA:0,(anonymous_695)
FNDA:0,(anonymous_696)
FNDA:0,z
FNDA:0,R
FNDA:0,I
FNDA:0,M
FNDA:0,d
FNDA:0,m
FNDA:0,C
FNDA:0,(anonymous_704)
FNDA:0,(anonymous_705)
FNDA:0,(anonymous_706)
FNDA:0,U
FNDA:0,L
FNDA:0,(anonymous_709)
FNDA:0,(anonymous_710)
FNDA:0,(anonymous_711)
FNDA:0,(anonymous_712)
FNDA:0,(anonymous_713)
FNDA:0,(anonymous_714)
FNDA:0,(anonymous_715)
FNDA:0,(anonymous_716)
FNDA:0,(anonymous_717)
FNDA:0,(anonymous_718)
FNDA:0,(anonymous_719)
FNDA:0,(anonymous_720)
FNDA:0,F
FNDA:0,(anonymous_722)
FNDA:0,(anonymous_723)
FNDA:0,n
FNDA:0,(anonymous_725)
FNDA:0,(anonymous_726)
FNDA:0,(anonymous_727)
FNDA:0,(anonymous_728)
FNDA:0,(anonymous_729)
FNDA:0,(anonymous_730)
FNDA:0,(anonymous_731)
FNDA:0,(anonymous_732)
FNDA:0,(anonymous_733)
FNDA:0,(anonymous_734)
FNDA:0,n
FNDA:0,(anonymous_736)
FNDA:0,(anonymous_737)
FNDA:0,(anonymous_738)
FNDA:0,(anonymous_739)
FNDA:0,(anonymous_740)
FNDA:0,(anonymous_741)
FNDA:0,W
FNDA:0,(anonymous_743)
FNDA:0,(anonymous_744)
FNDA:0,t
FNDA:0,(anonymous_746)
FNDA:0,(anonymous_747)
FNDA:0,(anonymous_748)
FNDA:0,(anonymous_749)
FNDA:0,(anonymous_750)
FNDA:0,G
FNDA:0,(anonymous_752)
FNDA:0,(anonymous_753)
FNDA:0,(anonymous_754)
FNDA:0,(anonymous_755)
FNDA:0,t
FNDA:0,(anonymous_757)
FNDA:0,(anonymous_758)
FNDA:0,J
FNDA:0,Z
FNDA:0,ee
FNDA:0,te
FNDA:0,(anonymous_763)
FNDA:0,ne
FNDA:0,(anonymous_765)
FNDA:0,t
FNDA:0,(anonymous_767)
FNDA:0,(anonymous_768)
FNDA:0,(anonymous_769)
FNDA:0,(anonymous_770)
FNDA:0,t
FNDA:0,(anonymous_772)
FNDA:0,(anonymous_773)
FNDA:0,(anonymous_774)
FNDA:0,(anonymous_775)
FNDA:0,(anonymous_776)
FNDA:0,(anonymous_777)
FNDA:0,(anonymous_778)
FNDA:0,(anonymous_779)
FNDA:0,(anonymous_780)
FNDA:0,(anonymous_781)
FNDA:0,(anonymous_782)
FNDA:0,(anonymous_783)
FNDA:0,(anonymous_784)
FNDA:0,(anonymous_785)
FNDA:0,(anonymous_786)
FNDA:0,(anonymous_787)
FNDA:0,(anonymous_788)
FNDA:0,(anonymous_789)
FNDA:0,(anonymous_790)
FNDA:0,(anonymous_791)
FNDA:0,(anonymous_792)
FNDA:0,(anonymous_793)
FNDA:0,(anonymous_794)
FNDA:0,(anonymous_795)
FNDA:0,(anonymous_796)
FNDA:0,(anonymous_797)
FNDA:0,ke
FNDA:0,(anonymous_799)
FNDA:0,(anonymous_800)
FNDA:0,Te
FNDA:0,Se
FNDA:0,(anonymous_803)
FNDA:0,Ce
FNDA:0,(anonymous_805)
FNDA:0,Pe
FNDA:0,(anonymous_807)
FNDA:0,(anonymous_808)
FNDA:0,t
FNDA:0,(anonymous_810)
FNDA:0,(anonymous_811)
FNDA:0,(anonymous_812)
FNDA:0,(anonymous_813)
FNDA:0,(anonymous_814)
FNDA:0,Re
FNDA:0,e
FNDA:0,s
FNDA:0,f
FNDA:0,d
FNDA:0,(anonymous_820)
FNDA:0,p
FNDA:0,(anonymous_822)
FNDA:0,(anonymous_823)
FNDA:0,(anonymous_824)
FNDA:0,n
FNDA:0,(anonymous_826)
FNDA:0,(anonymous_827)
FNDA:0,(anonymous_828)
FNDA:0,(anonymous_829)
FNDA:0,(anonymous_830)
DA:1,0
DA:6,0
DA:14,0
DA:22,0
DA:30,0
DA:38,0
LF:6
LH:0
BRDA:1,0,0,0
BRDA:1,0,1,0
BRDA:1,1,0,0
BRDA:1,1,1,0
BRDA:1,2,0,0
BRDA:1,2,1,0
BRDA:1,2,2,0
BRDA:1,3,0,0
BRDA:1,3,1,0
BRDA:1,4,0,0
BRDA:1,4,1,0
BRDA:1,5,0,0
BRDA:1,5,1,0
BRDA:1,6,0,0
BRDA:1,6,1,0
BRDA:1,6,2,0
BRDA:1,6,3,0
BRDA:1,7,0,0
BRDA:1,7,1,0
BRDA:1,8,0,0
BRDA:1,8,1,0
BRDA:1,9,0,0
BRDA:1,9,1,0
BRDA:1,10,0,0
BRDA:1,10,1,0
BRDA:1,11,0,0
BRDA:1,11,1,0
BRDA:1,12,0,0
BRDA:1,12,1,0
BRDA:1,13,0,0
BRDA:1,13,1,0
BRDA:1,13,2,0
BRDA:1,14,0,0
BRDA:1,14,1,0
BRDA:1,15,0,0
BRDA:1,15,1,0
BRDA:1,16,0,0
BRDA:1,16,1,0
BRDA:1,16,2,0
BRDA:1,17,0,0
BRDA:1,17,1,0
BRDA:1,18,0,0
BRDA:1,18,1,0
BRDA:1,19,0,0
BRDA:1,19,1,0
BRDA:1,20,0,0
BRDA:1,20,1,0
BRDA:1,21,0,0
BRDA:1,21,1,0
BRDA:1,22,0,0
BRDA:1,22,1,0
BRDA:1,23,0,0
BRDA:1,23,1,0
BRDA:1,24,0,0
BRDA:1,24,1,0
BRDA:1,25,0,0
BRDA:1,25,1,0
BRDA:1,26,0,0
BRDA:1,26,1,0
BRDA:1,27,0,0
BRDA:1,27,1,0
BRDA:1,28,0,0
BRDA:1,28,1,0
BRDA:1,29,0,0
BRDA:1,29,1,0
BRDA:1,30,0,0
BRDA:1,30,1,0
BRDA:1,31,0,0
BRDA:1,31,1,0
BRDA:1,32,0,0
BRDA:1,32,1,0
BRDA:1,33,0,0
BRDA:1,33,1,0
BRDA:1,34,0,0
BRDA:1,34,1,0
BRDA:1,35,0,0
BRDA:1,35,1,0
BRDA:1,36,0,0
BRDA:1,36,1,0
BRDA:1,37,0,0
BRDA:1,37,1,0
BRDA:1,38,0,0
BRDA:1,38,1,0
BRDA:1,39,0,0
BRDA:1,39,1,0
BRDA:1,40,0,0
BRDA:1,40,1,0
BRDA:1,41,0,0
BRDA:1,41,1,0
BRDA:1,42,0,0
BRDA:1,42,1,0
BRDA:1,43,0,0
BRDA:1,43,1,0
BRDA:1,44,0,0
BRDA:1,44,1,0
BRDA:1,45,0,0
BRDA:1,45,1,0
BRDA:1,46,0,0
BRDA:1,46,1,0
BRDA:1,47,0,0
BRDA:1,47,1,0
BRDA:1,48,0,0
BRDA:1,48,1,0
BRDA:1,49,0,0
BRDA:1,49,1,0
BRDA:1,50,0,0
BRDA:1,50,1,0
BRDA:1,51,0,0
BRDA:1,51,1,0
BRDA:1,52,0,0
BRDA:1,52,1,0
BRDA:1,53,0,0
BRDA:1,53,1,0
BRDA:1,54,0,0
BRDA:1,54,1,0
BRDA:1,55,0,0
BRDA:1,55,1,0
BRDA:1,56,0,0
BRDA:1,56,1,0
BRDA:1,57,0,0
BRDA:1,57,1,0
BRDA:1,58,0,0
BRDA:1,58,1,0
BRDA:1,59,0,0
BRDA:1,59,1,0
BRDA:1,60,0,0
BRDA:1,60,1,0
BRDA:1,61,0,0
BRDA:1,61,1,0
BRDA:1,62,0,0
BRDA:1,62,1,0
BRDA:1,63,0,0
BRDA:1,63,1,0
BRDA:1,64,0,0
BRDA:1,64,1,0
BRDA:1,65,0,0
BRDA:1,65,1,0
BRDA:1,66,0,0
BRDA:1,66,1,0
BRDA:6,67,0,0
BRDA:6,67,1,0
BRDA:6,68,0,0
BRDA:6,68,1,0
BRDA:6,69,0,0
BRDA:6,69,1,0
BRDA:6,70,0,0
BRDA:6,70,1,0
BRDA:6,71,0,0
BRDA:6,71,1,0
BRDA:6,72,0,0
BRDA:6,72,1,0
BRDA:6,73,0,0
BRDA:6,73,1,0
BRDA:6,74,0,0
BRDA:6,74,1,0
BRDA:6,75,0,0
BRDA:6,75,1,0
BRDA:6,76,0,0
BRDA:6,76,1,0
BRDA:6,77,0,0
BRDA:6,77,1,0
BRDA:6,78,0,0
BRDA:6,78,1,0
BRDA:6,79,0,0
BRDA:6,79,1,0
BRDA:6,80,0,0
BRDA:6,80,1,0
BRDA:6,81,0,0
BRDA:6,81,1,0
BRDA:6,82,0,0
BRDA:6,82,1,0
BRDA:6,82,2,0
BRDA:6,83,0,0
BRDA:6,83,1,0
BRDA:6,84,0,0
BRDA:6,84,1,0
BRDA:6,85,0,0
BRDA:6,85,1,0
BRDA:6,85,2,0
BRDA:6,85,3,0
BRDA:6,85,4,0
BRDA:6,85,5,0
BRDA:6,85,6,0
BRDA:6,86,0,0
BRDA:6,86,1,0
BRDA:6,87,0,0
BRDA:6,87,1,0
BRDA:14,88,0,0
BRDA:14,88,1,0
BRDA:14,89,0,0
BRDA:14,89,1,0
BRDA:14,90,0,0
BRDA:14,90,1,0
BRDA:14,91,0,0
BRDA:14,91,1,0
BRDA:14,92,0,0
BRDA:14,92,1,0
BRDA:14,93,0,0
BRDA:14,93,1,0
BRDA:14,94,0,0
BRDA:14,94,1,0
BRDA:14,95,0,0
BRDA:14,95,1,0
BRDA:14,96,0,0
BRDA:14,96,1,0
BRDA:14,97,0,0
BRDA:14,97,1,0
BRDA:14,98,0,0
BRDA:14,98,1,0
BRDA:14,99,0,0
BRDA:14,99,1,0
BRDA:14,100,0,0
BRDA:14,100,1,0
BRDA:14,101,0,0
BRDA:14,101,1,0
BRDA:14,102,0,0
BRDA:14,102,1,0
BRDA:14,103,0,0
BRDA:14,103,1,0
BRDA:14,104,0,0
BRDA:14,104,1,0
BRDA:14,105,0,0
BRDA:14,105,1,0
BRDA:14,106,0,0
BRDA:14,106,1,0
BRDA:14,107,0,0
BRDA:14,107,1,0
BRDA:14,108,0,0
BRDA:14,108,1,0
BRDA:14,108,2,0
BRDA:14,109,0,0
BRDA:14,109,1,0
BRDA:14,110,0,0
BRDA:14,110,1,0
BRDA:14,111,0,0
BRDA:14,111,1,0
BRDA:14,112,0,0
BRDA:14,112,1,0
BRDA:14,112,2,0
BRDA:14,113,0,0
BRDA:14,113,1,0
BRDA:14,114,0,0
BRDA:14,114,1,0
BRDA:14,115,0,0
BRDA:14,115,1,0
BRDA:14,116,0,0
BRDA:14,116,1,0
BRDA:14,117,0,0
BRDA:14,117,1,0
BRDA:14,118,0,0
BRDA:14,118,1,0
BRDA:14,118,2,0
BRDA:14,119,0,0
BRDA:14,119,1,0
BRDA:14,120,0,0
BRDA:14,120,1,0
BRDA:14,121,0,0
BRDA:14,121,1,0
BRDA:14,122,0,0
BRDA:14,122,1,0
BRDA:14,122,2,0
BRDA:14,123,0,0
BRDA:14,123,1,0
BRDA:14,124,0,0
BRDA:14,124,1,0
BRDA:14,124,2,0
BRDA:14,125,0,0
BRDA:14,125,1,0
BRDA:14,126,0,0
BRDA:14,126,1,0
BRDA:14,127,0,0
BRDA:14,127,1,0
BRDA:14,128,0,0
BRDA:14,128,1,0
BRDA:14,129,0,0
BRDA:14,129,1,0
BRDA:14,130,0,0
BRDA:14,130,1,0
BRDA:14,131,0,0
BRDA:14,131,1,0
BRDA:14,132,0,0
BRDA:14,132,1,0
BRDA:14,133,0,0
BRDA:14,133,1,0
BRDA:14,134,0,0
BRDA:14,134,1,0
BRDA:14,134,2,0
BRDA:14,135,0,0
BRDA:14,135,1,0
BRDA:14,136,0,0
BRDA:14,136,1,0
BRDA:14,137,0,0
BRDA:14,137,1,0
BRDA:14,138,0,0
BRDA:14,138,1,0
BRDA:14,138,2,0
BRDA:14,139,0,0
BRDA:14,139,1,0
BRDA:14,140,0,0
BRDA:14,140,1,0
BRDA:14,141,0,0
BRDA:14,141,1,0
BRDA:14,142,0,0
BRDA:14,142,1,0
BRDA:14,143,0,0
BRDA:14,143,1,0
BRDA:14,143,2,0
BRDA:14,144,0,0
BRDA:14,144,1,0
BRDA:14,145,0,0
BRDA:14,145,1,0
BRDA:14,146,0,0
BRDA:14,146,1,0
BRDA:14,147,0,0
BRDA:14,147,1,0
BRDA:14,148,0,0
BRDA:14,148,1,0
BRDA:14,149,0,0
BRDA:14,149,1,0
BRDA:14,150,0,0
BRDA:14,150,1,0
BRDA:14,151,0,0
BRDA:14,151,1,0
BRDA:14,152,0,0
BRDA:14,152,1,0
BRDA:14,153,0,0
BRDA:14,153,1,0
BRDA:14,154,0,0
BRDA:14,154,1,0
BRDA:14,155,0,0
BRDA:14,155,1,0
BRDA:14,156,0,0
BRDA:14,156,1,0
BRDA:14,157,0,0
BRDA:14,157,1,0
BRDA:14,157,2,0
BRDA:14,158,0,0
BRDA:14,158,1,0
BRDA:14,159,0,0
BRDA:14,159,1,0
BRDA:14,160,0,0
BRDA:14,160,1,0
BRDA:14,161,0,0
BRDA:14,161,1,0
BRDA:14,162,0,0
BRDA:14,162,1,0
BRDA:14,162,2,0
BRDA:14,163,0,0
BRDA:14,163,1,0
BRDA:22,164,0,0
BRDA:22,164,1,0
BRDA:22,165,0,0
BRDA:22,165,1,0
BRDA:22,166,0,0
BRDA:22,166,1,0
BRDA:22,167,0,0
BRDA:22,167,1,0
BRDA:22,168,0,0
BRDA:22,168,1,0
BRDA:22,169,0,0
BRDA:22,169,1,0
BRDA:22,170,0,0
BRDA:22,170,1,0
BRDA:22,171,0,0
BRDA:22,171,1,0
BRDA:22,172,0,0
BRDA:22,172,1,0
BRDA:22,173,0,0
BRDA:22,173,1,0
BRDA:22,174,0,0
BRDA:22,174,1,0
BRDA:22,175,0,0
BRDA:22,175,1,0
BRDA:22,176,0,0
BRDA:22,176,1,0
BRDA:22,177,0,0
BRDA:22,177,1,0
BRDA:22,178,0,0
BRDA:22,178,1,0
BRDA:22,179,0,0
BRDA:22,179,1,0
BRDA:22,180,0,0
BRDA:22,180,1,0
BRDA:22,181,0,0
BRDA:22,181,1,0
BRDA:22,182,0,0
BRDA:22,182,1,0
BRDA:22,183,0,0
BRDA:22,183,1,0
BRDA:22,184,0,0
BRDA:22,184,1,0
BRDA:22,185,0,0
BRDA:22,185,1,0
BRDA:22,186,0,0
BRDA:22,186,1,0
BRDA:22,187,0,0
BRDA:22,187,1,0
BRDA:22,188,0,0
BRDA:22,188,1,0
BRDA:22,189,0,0
BRDA:22,189,1,0
BRDA:22,190,0,0
BRDA:22,190,1,0
BRDA:22,191,0,0
BRDA:22,191,1,0
BRDA:22,192,0,0
BRDA:22,192,1,0
BRDA:22,193,0,0
BRDA:22,193,1,0
BRDA:22,194,0,0
BRDA:22,194,1,0
BRDA:22,195,0,0
BRDA:22,195,1,0
BRDA:22,196,0,0
BRDA:22,196,1,0
BRDA:22,197,0,0
BRDA:22,197,1,0
BRDA:22,198,0,0
BRDA:22,198,1,0
BRDA:22,199,0,0
BRDA:22,199,1,0
BRDA:22,200,0,0
BRDA:22,200,1,0
BRDA:22,201,0,0
BRDA:22,201,1,0
BRDA:22,202,0,0
BRDA:22,202,1,0
BRDA:22,203,0,0
BRDA:22,203,1,0
BRDA:22,203,2,0
BRDA:22,203,3,0
BRDA:22,203,4,0
BRDA:22,203,5,0
BRDA:22,203,6,0
BRDA:22,203,7,0
BRDA:22,203,8,0
BRDA:22,203,9,0
BRDA:22,203,10,0
BRDA:22,204,0,0
BRDA:22,204,1,0
BRDA:22,205,0,0
BRDA:22,205,1,0
BRDA:22,205,2,0
BRDA:22,205,3,0
BRDA:22,206,0,0
BRDA:22,206,1,0
BRDA:22,207,0,0
BRDA:22,207,1,0
BRDA:22,208,0,0
BRDA:22,208,1,0
BRDA:22,209,0,0
BRDA:22,209,1,0
BRDA:22,210,0,0
BRDA:22,210,1,0
BRDA:22,211,0,0
BRDA:22,211,1,0
BRDA:22,212,0,0
BRDA:22,212,1,0
BRDA:22,213,0,0
BRDA:22,213,1,0
BRDA:22,214,0,0
BRDA:22,214,1,0
BRDA:22,215,0,0
BRDA:22,215,1,0
BRDA:22,216,0,0
BRDA:22,216,1,0
BRDA:22,217,0,0
BRDA:22,217,1,0
BRDA:22,218,0,0
BRDA:22,218,1,0
BRDA:22,219,0,0
BRDA:22,219,1,0
BRDA:22,220,0,0
BRDA:22,220,1,0
BRDA:22,221,0,0
BRDA:22,221,1,0
BRDA:22,222,0,0
BRDA:22,222,1,0
BRDA:22,223,0,0
BRDA:22,223,1,0
BRDA:22,224,0,0
BRDA:22,224,1,0
BRDA:22,225,0,0
BRDA:22,225,1,0
BRDA:22,226,0,0
BRDA:22,226,1,0
BRDA:22,227,0,0
BRDA:22,227,1,0
BRDA:22,228,0,0
BRDA:22,228,1,0
BRDA:22,229,0,0
BRDA:22,229,1,0
BRDA:22,230,0,0
BRDA:22,230,1,0
BRDA:22,231,0,0
BRDA:22,231,1,0
BRDA:22,232,0,0
BRDA:22,232,1,0
BRDA:22,232,2,0
BRDA:22,233,0,0
BRDA:22,233,1,0
BRDA:22,234,0,0
BRDA:22,234,1,0
BRDA:22,235,0,0
BRDA:22,235,1,0
BRDA:22,235,2,0
BRDA:22,236,0,0
BRDA:22,236,1,0
BRDA:22,237,0,0
BRDA:22,237,1,0
BRDA:22,237,2,0
BRDA:22,237,3,0
BRDA:22,237,4,0
BRDA:22,237,5,0
BRDA:22,238,0,0
BRDA:22,238,1,0
BRDA:22,239,0,0
BRDA:22,239,1,0
BRDA:22,239,2,0
BRDA:22,239,3,0
BRDA:22,239,4,0
BRDA:22,240,0,0
BRDA:22,240,1,0
BRDA:22,240,2,0
BRDA:22,241,0,0
BRDA:22,241,1,0
BRDA:22,242,0,0
BRDA:22,242,1,0
BRDA:22,243,0,0
BRDA:22,243,1,0
BRDA:22,244,0,0
BRDA:22,244,1,0
BRDA:22,245,0,0
BRDA:22,245,1,0
BRDA:22,245,2,0
BRDA:22,245,3,0
BRDA:22,245,4,0
BRDA:22,245,5,0
BRDA:22,245,6,0
BRDA:22,246,0,0
BRDA:22,246,1,0
BRDA:22,247,0,0
BRDA:22,247,1,0
BRDA:22,248,0,0
BRDA:22,248,1,0
BRDA:22,249,0,0
BRDA:22,249,1,0
BRDA:22,250,0,0
BRDA:22,250,1,0
BRDA:22,250,2,0
BRDA:22,251,0,0
BRDA:22,251,1,0
BRDA:22,252,0,0
BRDA:22,252,1,0
BRDA:22,253,0,0
BRDA:22,253,1,0
BRDA:22,254,0,0
BRDA:22,254,1,0
BRDA:22,255,0,0
BRDA:22,255,1,0
BRDA:22,256,0,0
BRDA:22,256,1,0
BRDA:22,257,0,0
BRDA:22,257,1,0
BRDA:22,257,2,0
BRDA:22,258,0,0
BRDA:22,258,1,0
BRDA:22,258,2,0
BRDA:22,259,0,0
BRDA:22,259,1,0
BRDA:22,259,2,0
BRDA:22,259,3,0
BRDA:22,259,4,0
BRDA:22,259,5,0
BRDA:22,260,0,0
BRDA:22,260,1,0
BRDA:22,261,0,0
BRDA:22,261,1,0
BRDA:22,262,0,0
BRDA:22,262,1,0
BRDA:22,263,0,0
BRDA:22,263,1,0
BRDA:22,263,2,0
BRDA:22,263,3,0
BRDA:22,263,4,0
BRDA:22,263,5,0
BRDA:22,264,0,0
BRDA:22,264,1,0
BRDA:22,265,0,0
BRDA:22,265,1,0
BRDA:22,266,0,0
BRDA:22,266,1,0
BRDA:22,267,0,0
BRDA:22,267,1,0
BRDA:22,268,0,0
BRDA:22,268,1,0
BRDA:22,269,0,0
BRDA:22,269,1,0
BRDA:22,269,2,0
BRDA:22,269,3,0
BRDA:22,270,0,0
BRDA:22,270,1,0
BRDA:22,271,0,0
BRDA:22,271,1,0
BRDA:22,272,0,0
BRDA:22,272,1,0
BRDA:22,273,0,0
BRDA:22,273,1,0
BRDA:22,274,0,0
BRDA:22,274,1,0
BRDA:22,275,0,0
BRDA:22,275,1,0
BRDA:22,275,2,0
BRDA:22,275,3,0
BRDA:22,276,0,0
BRDA:22,276,1,0
BRDA:22,277,0,0
BRDA:22,277,1,0
BRDA:22,278,0,0
BRDA:22,278,1,0
BRDA:22,279,0,0
BRDA:22,279,1,0
BRDA:22,280,0,0
BRDA:22,280,1,0
BRDA:22,280,2,0
BRDA:22,281,0,0
BRDA:22,281,1,0
BRDA:22,282,0,0
BRDA:22,282,1,0
BRDA:22,283,0,0
BRDA:22,283,1,0
BRDA:22,284,0,0
BRDA:22,284,1,0
BRDA:22,285,0,0
BRDA:22,285,1,0
BRDA:22,286,0,0
BRDA:22,286,1,0
BRDA:22,287,0,0
BRDA:22,287,1,0
BRDA:22,288,0,0
BRDA:22,288,1,0
BRDA:22,288,2,0
BRDA:22,289,0,0
BRDA:22,289,1,0
BRDA:22,290,0,0
BRDA:22,290,1,0
BRDA:22,290,2,0
BRDA:22,290,3,0
BRDA:22,291,0,0
BRDA:22,291,1,0
BRDA:22,292,0,0
BRDA:22,292,1,0
BRDA:22,293,0,0
BRDA:22,293,1,0
BRDA:22,294,0,0
BRDA:22,294,1,0
BRDA:22,294,2,0
BRDA:22,294,3,0
BRDA:22,295,0,0
BRDA:22,295,1,0
BRDA:22,296,0,0
BRDA:22,296,1,0
BRDA:22,297,0,0
BRDA:22,297,1,0
BRDA:22,298,0,0
BRDA:22,298,1,0
BRDA:22,299,0,0
BRDA:22,299,1,0
BRDA:22,300,0,0
BRDA:22,300,1,0
BRDA:22,301,0,0
BRDA:22,301,1,0
BRDA:22,302,0,0
BRDA:22,302,1,0
BRDA:22,303,0,0
BRDA:22,303,1,0
BRDA:22,304,0,0
BRDA:22,304,1,0
BRDA:22,305,0,0
BRDA:22,305,1,0
BRDA:22,306,0,0
BRDA:22,306,1,0
BRDA:22,307,0,0
BRDA:22,307,1,0
BRDA:22,308,0,0
BRDA:22,308,1,0
BRDA:22,309,0,0
BRDA:22,309,1,0
BRDA:22,310,0,0
BRDA:22,310,1,0
BRDA:22,310,2,0
BRDA:22,310,3,0
BRDA:22,311,0,0
BRDA:22,311,1,0
BRDA:22,312,0,0
BRDA:22,312,1,0
BRDA:22,313,0,0
BRDA:22,313,1,0
BRDA:22,314,0,0
BRDA:22,314,1,0
BRDA:22,315,0,0
BRDA:22,315,1,0
BRDA:22,316,0,0
BRDA:22,316,1,0
BRDA:22,316,2,0
BRDA:22,317,0,0
BRDA:22,317,1,0
BRDA:22,318,0,0
BRDA:22,318,1,0
BRDA:22,319,0,0
BRDA:22,319,1,0
BRDA:22,320,0,0
BRDA:22,320,1,0
BRDA:22,320,2,0
BRDA:22,320,3,0
BRDA:22,321,0,0
BRDA:22,321,1,0
BRDA:22,321,2,0
BRDA:22,322,0,0
BRDA:22,322,1,0
BRDA:22,323,0,0
BRDA:22,323,1,0
BRDA:22,324,0,0
BRDA:22,324,1,0
BRDA:22,324,2,0
BRDA:22,325,0,0
BRDA:22,325,1,0
BRDA:22,326,0,0
BRDA:22,326,1,0
BRDA:22,327,0,0
BRDA:22,327,1,0
BRDA:22,328,0,0
BRDA:22,328,1,0
BRDA:22,329,0,0
BRDA:22,329,1,0
BRDA:22,330,0,0
BRDA:22,330,1,0
BRDA:22,331,0,0
BRDA:22,331,1,0
BRDA:22,331,2,0
BRDA:22,332,0,0
BRDA:22,332,1,0
BRDA:22,333,0,0
BRDA:22,333,1,0
BRDA:22,334,0,0
BRDA:22,334,1,0
BRDA:22,334,2,0
BRDA:22,335,0,0
BRDA:22,335,1,0
BRDA:22,336,0,0
BRDA:22,336,1,0
BRDA:22,337,0,0
BRDA:22,337,1,0
BRDA:22,338,0,0
BRDA:22,338,1,0
BRDA:22,339,0,0
BRDA:22,339,1,0
BRDA:22,340,0,0
BRDA:22,340,1,0
BRDA:22,341,0,0
BRDA:22,341,1,0
BRDA:22,342,0,0
BRDA:22,342,1,0
BRDA:22,343,0,0
BRDA:22,343,1,0
BRDA:22,344,0,0
BRDA:22,344,1,0
BRDA:22,345,0,0
BRDA:22,345,1,0
BRDA:22,345,2,0
BRDA:22,346,0,0
BRDA:22,346,1,0
BRDA:22,347,0,0
BRDA:22,347,1,0
BRDA:22,347,2,0
BRDA:22,347,3,0
BRDA:22,348,0,0
BRDA:22,348,1,0
BRDA:22,348,2,0
BRDA:22,349,0,0
BRDA:22,349,1,0
BRDA:22,350,0,0
BRDA:22,350,1,0
BRDA:22,351,0,0
BRDA:22,351,1,0
BRDA:22,352,0,0
BRDA:22,352,1,0
BRDA:22,353,0,0
BRDA:22,353,1,0
BRDA:22,354,0,0
BRDA:22,354,1,0
BRDA:22,355,0,0
BRDA:22,355,1,0
BRDA:22,356,0,0
BRDA:22,356,1,0
BRDA:22,357,0,0
BRDA:22,357,1,0
BRDA:22,358,0,0
BRDA:22,358,1,0
BRDA:22,359,0,0
BRDA:22,359,1,0
BRDA:22,360,0,0
BRDA:22,360,1,0
BRDA:22,360,2,0
BRDA:22,361,0,0
BRDA:22,361,1,0
BRDA:22,362,0,0
BRDA:22,362,1,0
BRDA:22,363,0,0
BRDA:22,363,1,0
BRDA:22,364,0,0
BRDA:22,364,1,0
BRDA:22,365,0,0
BRDA:22,365,1,0
BRDA:22,366,0,0
BRDA:22,366,1,0
BRDA:22,367,0,0
BRDA:22,367,1,0
BRDA:22,368,0,0
BRDA:22,368,1,0
BRDA:22,369,0,0
BRDA:22,369,1,0
BRDA:22,370,0,0
BRDA:22,370,1,0
BRDA:22,371,0,0
BRDA:22,371,1,0
BRDA:22,372,0,0
BRDA:22,372,1,0
BRDA:22,373,0,0
BRDA:22,373,1,0
BRDA:22,373,2,0
BRDA:22,374,0,0
BRDA:22,374,1,0
BRDA:22,375,0,0
BRDA:22,375,1,0
BRDA:22,376,0,0
BRDA:22,376,1,0
BRDA:22,377,0,0
BRDA:22,377,1,0
BRDA:22,378,0,0
BRDA:22,378,1,0
BRDA:22,379,0,0
BRDA:22,379,1,0
BRDA:22,380,0,0
BRDA:22,380,1,0
BRDA:22,381,0,0
BRDA:22,381,1,0
BRDA:22,382,0,0
BRDA:22,382,1,0
BRDA:22,383,0,0
BRDA:22,383,1,0
BRDA:22,384,0,0
BRDA:22,384,1,0
BRDA:22,385,0,0
BRDA:22,385,1,0
BRDA:22,386,0,0
BRDA:22,386,1,0
BRDA:22,387,0,0
BRDA:22,387,1,0
BRDA:22,388,0,0
BRDA:22,388,1,0
BRDA:22,389,0,0
BRDA:22,389,1,0
BRDA:22,390,0,0
BRDA:22,390,1,0
BRDA:22,391,0,0
BRDA:22,391,1,0
BRDA:22,392,0,0
BRDA:22,392,1,0
BRDA:22,393,0,0
BRDA:22,393,1,0
BRDA:22,394,0,0
BRDA:22,394,1,0
BRDA:22,395,0,0
BRDA:22,395,1,0
BRDA:22,396,0,0
BRDA:22,396,1,0
BRDA:22,397,0,0
BRDA:22,397,1,0
BRDA:22,398,0,0
BRDA:22,398,1,0
BRDA:22,399,0,0
BRDA:22,399,1,0
BRDA:22,400,0,0
BRDA:22,400,1,0
BRDA:22,401,0,0
BRDA:22,401,1,0
BRDA:22,401,2,0
BRDA:22,401,3,0
BRDA:22,401,4,0
BRDA:22,401,5,0
BRDA:22,401,6,0
BRDA:22,401,7,0
BRDA:22,401,8,0
BRDA:22,401,9,0
BRDA:22,402,0,0
BRDA:22,402,1,0
BRDA:22,403,0,0
BRDA:22,403,1,0
BRDA:22,404,0,0
BRDA:22,404,1,0
BRDA:22,404,2,0
BRDA:22,405,0,0
BRDA:22,405,1,0
BRDA:22,406,0,0
BRDA:22,406,1,0
BRDA:22,407,0,0
BRDA:22,407,1,0
BRDA:22,408,0,0
BRDA:22,408,1,0
BRDA:22,409,0,0
BRDA:22,409,1,0
BRDA:22,410,0,0
BRDA:22,410,1,0
BRDA:22,411,0,0
BRDA:22,411,1,0
BRDA:22,412,0,0
BRDA:22,412,1,0
BRDA:22,413,0,0
BRDA:22,413,1,0
BRDA:22,414,0,0
BRDA:22,414,1,0
BRDA:22,415,0,0
BRDA:22,415,1,0
BRDA:22,416,0,0
BRDA:22,416,1,0
BRDA:22,417,0,0
BRDA:22,417,1,0
BRDA:22,418,0,0
BRDA:22,418,1,0
BRDA:22,419,0,0
BRDA:22,419,1,0
BRDA:22,419,2,0
BRDA:22,420,0,0
BRDA:22,420,1,0
BRDA:22,420,2,0
BRDA:22,421,0,0
BRDA:22,421,1,0
BRDA:22,421,2,0
BRDA:22,422,0,0
BRDA:22,422,1,0
BRDA:22,423,0,0
BRDA:22,423,1,0
BRDA:22,424,0,0
BRDA:22,424,1,0
BRDA:22,425,0,0
BRDA:22,425,1,0
BRDA:22,426,0,0
BRDA:22,426,1,0
BRDA:22,427,0,0
BRDA:22,427,1,0
BRDA:22,428,0,0
BRDA:22,428,1,0
BRDA:22,429,0,0
BRDA:22,429,1,0
BRDA:22,430,0,0
BRDA:22,430,1,0
BRDA:22,431,0,0
BRDA:22,431,1,0
BRDA:22,432,0,0
BRDA:22,432,1,0
BRDA:22,433,0,0
BRDA:22,433,1,0
BRDA:22,433,2,0
BRDA:22,434,0,0
BRDA:22,434,1,0
BRDA:22,435,0,0
BRDA:22,435,1,0
BRDA:22,436,0,0
BRDA:22,436,1,0
BRDA:22,437,0,0
BRDA:22,437,1,0
BRDA:22,438,0,0
BRDA:22,438,1,0
BRDA:22,439,0,0
BRDA:22,439,1,0
BRDA:22,440,0,0
BRDA:22,440,1,0
BRDA:22,440,2,0
BRDA:22,440,3,0
BRDA:22,440,4,0
BRDA:22,441,0,0
BRDA:22,441,1,0
BRDA:22,441,2,0
BRDA:22,442,0,0
BRDA:22,442,1,0
BRDA:22,443,0,0
BRDA:22,443,1,0
BRDA:22,444,0,0
BRDA:22,444,1,0
BRDA:22,445,0,0
BRDA:22,445,1,0
BRDA:22,446,0,0
BRDA:22,446,1,0
BRDA:22,447,0,0
BRDA:22,447,1,0
BRDA:22,448,0,0
BRDA:22,448,1,0
BRDA:22,449,0,0
BRDA:22,449,1,0
BRDA:22,450,0,0
BRDA:22,450,1,0
BRDA:22,451,0,0
BRDA:22,451,1,0
BRDA:22,452,0,0
BRDA:22,452,1,0
BRDA:22,453,0,0
BRDA:22,453,1,0
BRDA:22,454,0,0
BRDA:22,454,1,0
BRDA:22,455,0,0
BRDA:22,455,1,0
BRDA:22,456,0,0
BRDA:22,456,1,0
BRDA:22,457,0,0
BRDA:22,457,1,0
BRDA:22,458,0,0
BRDA:22,458,1,0
BRDA:22,459,0,0
BRDA:22,459,1,0
BRDA:22,459,2,0
BRDA:22,460,0,0
BRDA:22,460,1,0
BRDA:22,461,0,0
BRDA:22,461,1,0
BRDA:22,462,0,0
BRDA:22,462,1,0
BRDA:22,463,0,0
BRDA:22,463,1,0
BRDA:22,464,0,0
BRDA:22,464,1,0
BRDA:22,465,0,0
BRDA:22,465,1,0
BRDA:22,466,0,0
BRDA:22,466,1,0
BRDA:22,467,0,0
BRDA:22,467,1,0
BRDA:22,468,0,0
BRDA:22,468,1,0
BRDA:22,469,0,0
BRDA:22,469,1,0
BRDA:22,470,0,0
BRDA:22,470,1,0
BRDA:22,471,0,0
BRDA:22,471,1,0
BRDA:22,472,0,0
BRDA:22,472,1,0
BRDA:22,473,0,0
BRDA:22,473,1,0
BRDA:22,474,0,0
BRDA:22,474,1,0
BRDA:22,475,0,0
BRDA:22,475,1,0
BRDA:22,476,0,0
BRDA:22,476,1,0
BRDA:22,477,0,0
BRDA:22,477,1,0
BRDA:22,478,0,0
BRDA:22,478,1,0
BRDA:22,479,0,0
BRDA:22,479,1,0
BRDA:22,480,0,0
BRDA:22,480,1,0
BRDA:22,481,0,0
BRDA:22,481,1,0
BRDA:22,482,0,0
BRDA:22,482,1,0
BRDA:22,483,0,0
BRDA:22,483,1,0
BRDA:22,484,0,0
BRDA:22,484,1,0
BRDA:22,485,0,0
BRDA:22,485,1,0
BRDA:22,486,0,0
BRDA:22,486,1,0
BRDA:22,487,0,0
BRDA:22,487,1,0
BRDA:22,488,0,0
BRDA:22,488,1,0
BRDA:22,489,0,0
BRDA:22,489,1,0
BRDA:22,490,0,0
BRDA:22,490,1,0
BRDA:22,491,0,0
BRDA:22,491,1,0
BRDA:22,492,0,0
BRDA:22,492,1,0
BRDA:22,493,0,0
BRDA:22,493,1,0
BRDA:22,494,0,0
BRDA:22,494,1,0
BRDA:22,494,2,0
BRDA:22,494,3,0
BRDA:22,494,4,0
BRDA:22,494,5,0
BRDA:22,494,6,0
BRDA:22,494,7,0
BRDA:22,494,8,0
BRDA:22,494,9,0
BRDA:22,494,10,0
BRDA:22,494,11,0
BRDA:22,494,12,0
BRDA:22,494,13,0
BRDA:22,494,14,0
BRDA:22,494,15,0
BRDA:22,494,16,0
BRDA:22,494,17,0
BRDA:22,494,18,0
BRDA:22,494,19,0
BRDA:22,494,20,0
BRDA:22,494,21,0
BRDA:22,494,22,0
BRDA:22,494,23,0
BRDA:22,494,24,0
BRDA:22,494,25,0
BRDA:22,494,26,0
BRDA:22,494,27,0
BRDA:22,494,28,0
BRDA:22,494,29,0
BRDA:22,494,30,0
BRDA:22,494,31,0
BRDA:22,494,32,0
BRDA:22,494,33,0
BRDA:22,494,34,0
BRDA:22,494,35,0
BRDA:22,494,36,0
BRDA:22,494,37,0
BRDA:22,494,38,0
BRDA:22,494,39,0
BRDA:22,494,40,0
BRDA:22,494,41,0
BRDA:22,494,42,0
BRDA:22,494,43,0
BRDA:22,495,0,0
BRDA:22,495,1,0
BRDA:22,496,0,0
BRDA:22,496,1,0
BRDA:22,497,0,0
BRDA:22,497,1,0
BRDA:22,498,0,0
BRDA:22,498,1,0
BRDA:22,499,0,0
BRDA:22,499,1,0
BRDA:22,500,0,0
BRDA:22,500,1,0
BRDA:22,501,0,0
BRDA:22,501,1,0
BRDA:22,501,2,0
BRDA:22,502,0,0
BRDA:22,502,1,0
BRDA:22,502,2,0
BRDA:22,503,0,0
BRDA:22,503,1,0
BRDA:22,503,2,0
BRDA:22,504,0,0
BRDA:22,504,1,0
BRDA:22,505,0,0
BRDA:22,505,1,0
BRDA:22,506,0,0
BRDA:22,506,1,0
BRDA:22,507,0,0
BRDA:22,507,1,0
BRDA:22,508,0,0
BRDA:22,508,1,0
BRDA:22,509,0,0
BRDA:22,509,1,0
BRDA:22,510,0,0
BRDA:22,510,1,0
BRDA:22,511,0,0
BRDA:22,511,1,0
BRDA:22,512,0,0
BRDA:22,512,1,0
BRDA:22,513,0,0
BRDA:22,513,1,0
BRDA:22,514,0,0
BRDA:22,514,1,0
BRDA:22,515,0,0
BRDA:22,515,1,0
BRDA:22,516,0,0
BRDA:22,516,1,0
BRDA:22,516,2,0
BRDA:22,516,3,0
BRDA:22,516,4,0
BRDA:22,517,0,0
BRDA:22,517,1,0
BRDA:22,518,0,0
BRDA:22,518,1,0
BRDA:22,519,0,0
BRDA:22,519,1,0
BRDA:22,520,0,0
BRDA:22,520,1,0
BRDA:22,521,0,0
BRDA:22,521,1,0
BRDA:22,522,0,0
BRDA:22,522,1,0
BRDA:22,523,0,0
BRDA:22,523,1,0
BRDA:22,524,0,0
BRDA:22,524,1,0
BRDA:22,525,0,0
BRDA:22,525,1,0
BRDA:22,526,0,0
BRDA:22,526,1,0
BRDA:22,527,0,0
BRDA:22,527,1,0
BRDA:22,528,0,0
BRDA:22,528,1,0
BRDA:22,529,0,0
BRDA:22,529,1,0
BRDA:22,530,0,0
BRDA:22,530,1,0
BRDA:22,531,0,0
BRDA:22,531,1,0
BRDA:22,532,0,0
BRDA:22,532,1,0
BRDA:22,532,2,0
BRDA:22,532,3,0
BRDA:22,532,4,0
BRDA:22,532,5,0
BRDA:22,532,6,0
BRDA:22,532,7,0
BRDA:22,532,8,0
BRDA:22,533,0,0
BRDA:22,533,1,0
BRDA:22,534,0,0
BRDA:22,534,1,0
BRDA:22,535,0,0
BRDA:22,535,1,0
BRDA:22,536,0,0
BRDA:22,536,1,0
BRDA:22,536,2,0
BRDA:22,537,0,0
BRDA:22,537,1,0
BRDA:22,538,0,0
BRDA:22,538,1,0
BRDA:22,538,2,0
BRDA:22,538,3,0
BRDA:22,538,4,0
BRDA:22,539,0,0
BRDA:22,539,1,0
BRDA:22,540,0,0
BRDA:22,540,1,0
BRDA:22,541,0,0
BRDA:22,541,1,0
BRDA:22,542,0,0
BRDA:22,542,1,0
BRDA:22,543,0,0
BRDA:22,543,1,0
BRDA:22,544,0,0
BRDA:22,544,1,0
BRDA:22,544,2,0
BRDA:22,545,0,0
BRDA:22,545,1,0
BRDA:22,546,0,0
BRDA:22,546,1,0
BRDA:22,547,0,0
BRDA:22,547,1,0
BRDA:22,548,0,0
BRDA:22,548,1,0
BRDA:22,549,0,0
BRDA:22,549,1,0
BRDA:22,550,0,0
BRDA:22,550,1,0
BRDA:22,551,0,0
BRDA:22,551,1,0
BRDA:22,552,0,0
BRDA:22,552,1,0
BRDA:22,552,2,0
BRDA:22,552,3,0
BRDA:22,552,4,0
BRDA:22,552,5,0
BRDA:22,552,6,0
BRDA:22,552,7,0
BRDA:22,552,8,0
BRDA:22,553,0,0
BRDA:22,553,1,0
BRDA:22,554,0,0
BRDA:22,554,1,0
BRDA:22,555,0,0
BRDA:22,555,1,0
BRDA:22,556,0,0
BRDA:22,556,1,0
BRDA:22,557,0,0
BRDA:22,557,1,0
BRDA:22,558,0,0
BRDA:22,558,1,0
BRDA:22,559,0,0
BRDA:22,559,1,0
BRDA:22,560,0,0
BRDA:22,560,1,0
BRDA:22,561,0,0
BRDA:22,561,1,0
BRDA:22,562,0,0
BRDA:22,562,1,0
BRDA:22,563,0,0
BRDA:22,563,1,0
BRDA:22,564,0,0
BRDA:22,564,1,0
BRDA:22,565,0,0
BRDA:22,565,1,0
BRDA:22,565,2,0
BRDA:22,566,0,0
BRDA:22,566,1,0
BRDA:22,566,2,0
BRDA:22,566,3,0
BRDA:22,566,4,0
BRDA:22,566,5,0
BRDA:22,566,6,0
BRDA:22,566,7,0
BRDA:22,566,8,0
BRDA:22,567,0,0
BRDA:22,567,1,0
BRDA:22,567,2,0
BRDA:22,567,3,0
BRDA:22,568,0,0
BRDA:22,568,1,0
BRDA:22,568,2,0
BRDA:22,568,3,0
BRDA:22,568,4,0
BRDA:22,568,5,0
BRDA:22,568,6,0
BRDA:22,568,7,0
BRDA:22,569,0,0
BRDA:22,569,1,0
BRDA:22,570,0,0
BRDA:22,570,1,0
BRDA:22,571,0,0
BRDA:22,571,1,0
BRDA:22,572,0,0
BRDA:22,572,1,0
BRDA:22,573,0,0
BRDA:22,573,1,0
BRDA:22,574,0,0
BRDA:22,574,1,0
BRDA:22,575,0,0
BRDA:22,575,1,0
BRDA:22,575,2,0
BRDA:22,576,0,0
BRDA:22,576,1,0
BRDA:22,577,0,0
BRDA:22,577,1,0
BRDA:22,578,0,0
BRDA:22,578,1,0
BRDA:22,579,0,0
BRDA:22,579,1,0
BRDA:22,580,0,0
BRDA:22,580,1,0
BRDA:22,581,0,0
BRDA:22,581,1,0
BRDA:22,582,0,0
BRDA:22,582,1,0
BRDA:22,582,2,0
BRDA:22,583,0,0
BRDA:22,583,1,0
BRDA:22,584,0,0
BRDA:22,584,1,0
BRDA:22,585,0,0
BRDA:22,585,1,0
BRDA:22,585,2,0
BRDA:22,585,3,0
BRDA:22,585,4,0
BRDA:22,586,0,0
BRDA:22,586,1,0
BRDA:22,587,0,0
BRDA:22,587,1,0
BRDA:22,588,0,0
BRDA:22,588,1,0
BRDA:22,589,0,0
BRDA:22,589,1,0
BRDA:22,590,0,0
BRDA:22,590,1,0
BRDA:22,591,0,0
BRDA:22,591,1,0
BRDA:22,592,0,0
BRDA:22,592,1,0
BRDA:22,593,0,0
BRDA:22,593,1,0
BRDA:22,594,0,0
BRDA:22,594,1,0
BRDA:22,595,0,0
BRDA:22,595,1,0
BRDA:22,596,0,0
BRDA:22,596,1,0
BRDA:22,596,2,0
BRDA:22,597,0,0
BRDA:22,597,1,0
BRDA:22,597,2,0
BRDA:22,598,0,0
BRDA:22,598,1,0
BRDA:22,598,2,0
BRDA:22,598,3,0
BRDA:22,598,4,0
BRDA:22,599,0,0
BRDA:22,599,1,0
BRDA:22,599,2,0
BRDA:22,599,3,0
BRDA:22,599,4,0
BRDA:22,599,5,0
BRDA:22,600,0,0
BRDA:22,600,1,0
BRDA:22,601,0,0
BRDA:22,601,1,0
BRDA:22,602,0,0
BRDA:22,602,1,0
BRDA:22,603,0,0
BRDA:22,603,1,0
BRDA:22,603,2,0
BRDA:22,604,0,0
BRDA:22,604,1,0
BRDA:22,605,0,0
BRDA:22,605,1,0
BRDA:22,606,0,0
BRDA:22,606,1,0
BRDA:22,606,2,0
BRDA:22,607,0,0
BRDA:22,607,1,0
BRDA:22,608,0,0
BRDA:22,608,1,0
BRDA:22,608,2,0
BRDA:22,609,0,0
BRDA:22,609,1,0
BRDA:22,610,0,0
BRDA:22,610,1,0
BRDA:22,611,0,0
BRDA:22,611,1,0
BRDA:22,611,2,0
BRDA:22,612,0,0
BRDA:22,612,1,0
BRDA:22,613,0,0
BRDA:22,613,1,0
BRDA:22,614,0,0
BRDA:22,614,1,0
BRDA:22,615,0,0
BRDA:22,615,1,0
BRDA:22,616,0,0
BRDA:22,616,1,0
BRDA:22,617,0,0
BRDA:22,617,1,0
BRDA:22,617,2,0
BRDA:22,617,3,0
BRDA:22,618,0,0
BRDA:22,618,1,0
BRDA:22,619,0,0
BRDA:22,619,1,0
BRDA:22,620,0,0
BRDA:22,620,1,0
BRDA:22,621,0,0
BRDA:22,621,1,0
BRDA:22,622,0,0
BRDA:22,622,1,0
BRDA:22,623,0,0
BRDA:22,623,1,0
BRDA:22,623,2,0
BRDA:22,624,0,0
BRDA:22,624,1,0
BRDA:22,624,2,0
BRDA:22,624,3,0
BRDA:22,625,0,0
BRDA:22,625,1,0
BRDA:22,626,0,0
BRDA:22,626,1,0
BRDA:22,626,2,0
BRDA:22,627,0,0
BRDA:22,627,1,0
BRDA:22,627,2,0
BRDA:22,628,0,0
BRDA:22,628,1,0
BRDA:22,629,0,0
BRDA:22,629,1,0
BRDA:22,630,0,0
BRDA:22,630,1,0
BRDA:22,631,0,0
BRDA:22,631,1,0
BRDA:22,632,0,0
BRDA:22,632,1,0
BRDA:22,633,0,0
BRDA:22,633,1,0
BRDA:22,634,0,0
BRDA:22,634,1,0
BRDA:22,635,0,0
BRDA:22,635,1,0
BRDA:22,635,2,0
BRDA:22,636,0,0
BRDA:22,636,1,0
BRDA:22,637,0,0
BRDA:22,637,1,0
BRDA:22,638,0,0
BRDA:22,638,1,0
BRDA:22,639,0,0
BRDA:22,639,1,0
BRDA:22,640,0,0
BRDA:22,640,1,0
BRDA:22,641,0,0
BRDA:22,641,1,0
BRDA:22,642,0,0
BRDA:22,642,1,0
BRDA:22,643,0,0
BRDA:22,643,1,0
BRDA:22,644,0,0
BRDA:22,644,1,0
BRDA:22,645,0,0
BRDA:22,645,1,0
BRDA:22,646,0,0
BRDA:22,646,1,0
BRDA:22,646,2,0
BRDA:22,647,0,0
BRDA:22,647,1,0
BRDA:22,648,0,0
BRDA:22,648,1,0
BRDA:22,649,0,0
BRDA:22,649,1,0
BRDA:22,650,0,0
BRDA:22,650,1,0
BRDA:22,651,0,0
BRDA:22,651,1,0
BRDA:22,651,2,0
BRDA:22,652,0,0
BRDA:22,652,1,0
BRDA:22,653,0,0
BRDA:22,653,1,0
BRDA:22,654,0,0
BRDA:22,654,1,0
BRDA:22,655,0,0
BRDA:22,655,1,0
BRDA:22,655,2,0
BRDA:22,656,0,0
BRDA:22,656,1,0
BRDA:22,657,0,0
BRDA:22,657,1,0
BRDA:22,658,0,0
BRDA:22,658,1,0
BRDA:22,658,2,0
BRDA:22,658,3,0
BRDA:22,658,4,0
BRDA:22,659,0,0
BRDA:22,659,1,0
BRDA:22,660,0,0
BRDA:22,660,1,0
BRDA:22,661,0,0
BRDA:22,661,1,0
BRDA:22,662,0,0
BRDA:22,662,1,0
BRDA:22,662,2,0
BRDA:22,662,3,0
BRDA:22,662,4,0
BRDA:22,663,0,0
BRDA:22,663,1,0
BRDA:22,664,0,0
BRDA:22,664,1,0
BRDA:22,665,0,0
BRDA:22,665,1,0
BRDA:22,666,0,0
BRDA:22,666,1,0
BRDA:22,666,2,0
BRDA:22,666,3,0
BRDA:22,666,4,0
BRDA:22,666,5,0
BRDA:22,667,0,0
BRDA:22,667,1,0
BRDA:22,668,0,0
BRDA:22,668,1,0
BRDA:22,669,0,0
BRDA:22,669,1,0
BRDA:22,670,0,0
BRDA:22,670,1,0
BRDA:22,671,0,0
BRDA:22,671,1,0
BRDA:22,672,0,0
BRDA:22,672,1,0
BRDA:22,672,2,0
BRDA:22,672,3,0
BRDA:22,672,4,0
BRDA:22,673,0,0
BRDA:22,673,1,0
BRDA:22,674,0,0
BRDA:22,674,1,0
BRDA:22,675,0,0
BRDA:22,675,1,0
BRDA:22,676,0,0
BRDA:22,676,1,0
BRDA:22,677,0,0
BRDA:22,677,1,0
BRDA:22,677,2,0
BRDA:22,678,0,0
BRDA:22,678,1,0
BRDA:22,679,0,0
BRDA:22,679,1,0
BRDA:22,680,0,0
BRDA:22,680,1,0
BRDA:22,681,0,0
BRDA:22,681,1,0
BRDA:22,682,0,0
BRDA:22,682,1,0
BRDA:22,683,0,0
BRDA:22,683,1,0
BRDA:22,684,0,0
BRDA:22,684,1,0
BRDA:22,684,2,0
BRDA:22,684,3,0
BRDA:22,685,0,0
BRDA:22,685,1,0
BRDA:22,685,2,0
BRDA:22,685,3,0
BRDA:22,686,0,0
BRDA:22,686,1,0
BRDA:22,687,0,0
BRDA:22,687,1,0
BRDA:22,688,0,0
BRDA:22,688,1,0
BRDA:22,688,2,0
BRDA:22,688,3,0
BRDA:22,688,4,0
BRDA:22,689,0,0
BRDA:22,689,1,0
BRDA:22,690,0,0
BRDA:22,690,1,0
BRDA:22,691,0,0
BRDA:22,691,1,0
BRDA:22,691,2,0
BRDA:22,691,3,0
BRDA:22,692,0,0
BRDA:22,692,1,0
BRDA:22,693,0,0
BRDA:22,693,1,0
BRDA:22,694,0,0
BRDA:22,694,1,0
BRDA:22,695,0,0
BRDA:22,695,1,0
BRDA:22,695,2,0
BRDA:22,696,0,0
BRDA:22,696,1,0
BRDA:22,697,0,0
BRDA:22,697,1,0
BRDA:22,698,0,0
BRDA:22,698,1,0
BRDA:22,699,0,0
BRDA:22,699,1,0
BRDA:22,699,2,0
BRDA:22,700,0,0
BRDA:22,700,1,0
BRDA:22,701,0,0
BRDA:22,701,1,0
BRDA:22,702,0,0
BRDA:22,702,1,0
BRDA:22,702,2,0
BRDA:22,703,0,0
BRDA:22,703,1,0
BRDA:22,704,0,0
BRDA:22,704,1,0
BRDA:22,705,0,0
BRDA:22,705,1,0
BRDA:22,706,0,0
BRDA:22,706,1,0
BRDA:22,707,0,0
BRDA:22,707,1,0
BRDA:22,708,0,0
BRDA:22,708,1,0
BRDA:22,709,0,0
BRDA:22,709,1,0
BRDA:22,710,0,0
BRDA:22,710,1,0
BRDA:22,710,2,0
BRDA:22,710,3,0
BRDA:22,710,4,0
BRDA:22,710,5,0
BRDA:22,710,6,0
BRDA:22,710,7,0
BRDA:22,710,8,0
BRDA:22,711,0,0
BRDA:22,711,1,0
BRDA:22,712,0,0
BRDA:22,712,1,0
BRDA:22,712,2,0
BRDA:22,713,0,0
BRDA:22,713,1,0
BRDA:22,714,0,0
BRDA:22,714,1,0
BRDA:22,715,0,0
BRDA:22,715,1,0
BRDA:22,716,0,0
BRDA:22,716,1,0
BRDA:22,717,0,0
BRDA:22,717,1,0
BRDA:22,718,0,0
BRDA:22,718,1,0
BRDA:22,719,0,0
BRDA:22,719,1,0
BRDA:22,720,0,0
BRDA:22,720,1,0
BRDA:22,721,0,0
BRDA:22,721,1,0
BRDA:22,722,0,0
BRDA:22,722,1,0
BRDA:22,723,0,0
BRDA:22,723,1,0
BRDA:22,723,2,0
BRDA:22,724,0,0
BRDA:22,724,1,0
BRDA:22,725,0,0
BRDA:22,725,1,0
BRDA:22,726,0,0
BRDA:22,726,1,0
BRDA:22,727,0,0
BRDA:22,727,1,0
BRDA:22,728,0,0
BRDA:22,728,1,0
BRDA:22,728,2,0
BRDA:22,728,3,0
BRDA:22,728,4,0
BRDA:22,728,5,0
BRDA:22,729,0,0
BRDA:22,729,1,0
BRDA:22,729,2,0
BRDA:22,729,3,0
BRDA:22,729,4,0
BRDA:22,729,5,0
BRDA:22,730,0,0
BRDA:22,730,1,0
BRDA:22,731,0,0
BRDA:22,731,1,0
BRDA:22,732,0,0
BRDA:22,732,1,0
BRDA:22,733,0,0
BRDA:22,733,1,0
BRDA:22,734,0,0
BRDA:22,734,1,0
BRDA:22,735,0,0
BRDA:22,735,1,0
BRDA:22,736,0,0
BRDA:22,736,1,0
BRDA:22,737,0,0
BRDA:22,737,1,0
BRDA:22,738,0,0
BRDA:22,738,1,0
BRDA:22,739,0,0
BRDA:22,739,1,0
BRDA:22,739,2,0
BRDA:22,740,0,0
BRDA:22,740,1,0
BRDA:22,741,0,0
BRDA:22,741,1,0
BRDA:22,742,0,0
BRDA:22,742,1,0
BRDA:22,742,2,0
BRDA:22,743,0,0
BRDA:22,743,1,0
BRDA:22,744,0,0
BRDA:22,744,1,0
BRDA:22,745,0,0
BRDA:22,745,1,0
BRDA:22,745,2,0
BRDA:22,746,0,0
BRDA:22,746,1,0
BRDA:22,747,0,0
BRDA:22,747,1,0
BRDA:22,747,2,0
BRDA:22,748,0,0
BRDA:22,748,1,0
BRDA:22,749,0,0
BRDA:22,749,1,0
BRDA:22,750,0,0
BRDA:22,750,1,0
BRDA:22,751,0,0
BRDA:22,751,1,0
BRDA:22,752,0,0
BRDA:22,752,1,0
BRDA:22,753,0,0
BRDA:22,753,1,0
BRDA:22,754,0,0
BRDA:22,754,1,0
BRDA:22,755,0,0
BRDA:22,755,1,0
BRDA:22,756,0,0
BRDA:22,756,1,0
BRDA:22,757,0,0
BRDA:22,757,1,0
BRDA:22,758,0,0
BRDA:22,758,1,0
BRDA:22,759,0,0
BRDA:22,759,1,0
BRDA:22,760,0,0
BRDA:22,760,1,0
BRDA:22,761,0,0
BRDA:22,761,1,0
BRDA:22,761,2,0
BRDA:22,762,0,0
BRDA:22,762,1,0
BRDA:22,762,2,0
BRDA:22,762,3,0
BRDA:22,763,0,0
BRDA:22,763,1,0
BRDA:22,764,0,0
BRDA:22,764,1,0
BRDA:22,765,0,0
BRDA:22,765,1,0
BRDA:22,766,0,0
BRDA:22,766,1,0
BRDA:22,767,0,0
BRDA:22,767,1,0
BRDA:22,768,0,0
BRDA:22,768,1,0
BRDA:22,769,0,0
BRDA:22,769,1,0
BRDA:22,770,0,0
BRDA:22,770,1,0
BRDA:22,771,0,0
BRDA:22,771,1,0
BRDA:22,772,0,0
BRDA:22,772,1,0
BRDA:22,773,0,0
BRDA:22,773,1,0
BRDA:22,774,0,0
BRDA:22,774,1,0
BRDA:22,775,0,0
BRDA:22,775,1,0
BRDA:22,776,0,0
BRDA:22,776,1,0
BRDA:22,777,0,0
BRDA:22,777,1,0
BRDA:22,778,0,0
BRDA:22,778,1,0
BRDA:22,779,0,0
BRDA:22,779,1,0
BRDA:22,779,2,0
BRDA:22,780,0,0
BRDA:22,780,1,0
BRDA:22,781,0,0
BRDA:22,781,1,0
BRDA:22,782,0,0
BRDA:22,782,1,0
BRDA:22,783,0,0
BRDA:22,783,1,0
BRDA:22,784,0,0
BRDA:22,784,1,0
BRDA:22,785,0,0
BRDA:22,785,1,0
BRDA:22,785,2,0
BRDA:22,786,0,0
BRDA:22,786,1,0
BRDA:22,787,0,0
BRDA:22,787,1,0
BRDA:22,788,0,0
BRDA:22,788,1,0
BRDA:22,789,0,0
BRDA:22,789,1,0
BRDA:22,790,0,0
BRDA:22,790,1,0
BRDA:22,791,0,0
BRDA:22,791,1,0
BRDA:22,791,2,0
BRDA:22,791,3,0
BRDA:22,792,0,0
BRDA:22,792,1,0
BRDA:22,793,0,0
BRDA:22,793,1,0
BRDA:22,794,0,0
BRDA:22,794,1,0
BRDA:22,795,0,0
BRDA:22,795,1,0
BRDA:22,796,0,0
BRDA:22,796,1,0
BRDA:22,797,0,0
BRDA:22,797,1,0
BRDA:22,798,0,0
BRDA:22,798,1,0
BRDA:22,799,0,0
BRDA:22,799,1,0
BRDA:22,800,0,0
BRDA:22,800,1,0
BRDA:22,801,0,0
BRDA:22,801,1,0
BRDA:22,802,0,0
BRDA:22,802,1,0
BRDA:22,803,0,0
BRDA:22,803,1,0
BRDA:22,804,0,0
BRDA:22,804,1,0
BRDA:22,805,0,0
BRDA:22,805,1,0
BRDA:22,806,0,0
BRDA:22,806,1,0
BRDA:22,807,0,0
BRDA:22,807,1,0
BRDA:22,807,2,0
BRDA:22,807,3,0
BRDA:22,807,4,0
BRDA:22,808,0,0
BRDA:22,808,1,0
BRDA:22,809,0,0
BRDA:22,809,1,0
BRDA:22,810,0,0
BRDA:22,810,1,0
BRDA:22,811,0,0
BRDA:22,811,1,0
BRDA:22,812,0,0
BRDA:22,812,1,0
BRDA:22,813,0,0
BRDA:22,813,1,0
BRDA:22,814,0,0
BRDA:22,814,1,0
BRDA:22,814,2,0
BRDA:22,815,0,0
BRDA:22,815,1,0
BRDA:22,816,0,0
BRDA:22,816,1,0
BRDA:22,817,0,0
BRDA:22,817,1,0
BRDA:22,818,0,0
BRDA:22,818,1,0
BRDA:22,819,0,0
BRDA:22,819,1,0
BRDA:22,820,0,0
BRDA:22,820,1,0
BRDA:22,820,2,0
BRDA:22,820,3,0
BRDA:22,821,0,0
BRDA:22,821,1,0
BRDA:22,822,0,0
BRDA:22,822,1,0
BRDA:22,823,0,0
BRDA:22,823,1,0
BRDA:22,824,0,0
BRDA:22,824,1,0
BRDA:22,825,0,0
BRDA:22,825,1,0
BRDA:22,826,0,0
BRDA:22,826,1,0
BRDA:22,827,0,0
BRDA:22,827,1,0
BRDA:22,828,0,0
BRDA:22,828,1,0
BRDA:22,829,0,0
BRDA:22,829,1,0
BRDA:22,830,0,0
BRDA:22,830,1,0
BRDA:22,831,0,0
BRDA:22,831,1,0
BRDA:22,832,0,0
BRDA:22,832,1,0
BRDA:22,833,0,0
BRDA:22,833,1,0
BRDA:22,834,0,0
BRDA:22,834,1,0
BRDA:22,834,2,0
BRDA:22,835,0,0
BRDA:22,835,1,0
BRDA:22,836,0,0
BRDA:22,836,1,0
BRDA:22,837,0,0
BRDA:22,837,1,0
BRDA:22,838,0,0
BRDA:22,838,1,0
BRDA:22,839,0,0
BRDA:22,839,1,0
BRDA:22,840,0,0
BRDA:22,840,1,0
BRDA:22,840,2,0
BRDA:22,840,3,0
BRDA:22,841,0,0
BRDA:22,841,1,0
BRDA:22,842,0,0
BRDA:22,842,1,0
BRDA:22,843,0,0
BRDA:22,843,1,0
BRDA:22,844,0,0
BRDA:22,844,1,0
BRDA:22,845,0,0
BRDA:22,845,1,0
BRDA:22,846,0,0
BRDA:22,846,1,0
BRDA:22,847,0,0
BRDA:22,847,1,0
BRDA:22,848,0,0
BRDA:22,848,1,0
BRDA:22,849,0,0
BRDA:22,849,1,0
BRDA:22,850,0,0
BRDA:22,850,1,0
BRDA:22,851,0,0
BRDA:22,851,1,0
BRDA:22,852,0,0
BRDA:22,852,1,0
BRDA:22,853,0,0
BRDA:22,853,1,0
BRDA:22,854,0,0
BRDA:22,854,1,0
BRDA:22,855,0,0
BRDA:22,855,1,0
BRDA:22,856,0,0
BRDA:22,856,1,0
BRDA:22,857,0,0
BRDA:22,857,1,0
BRDA:22,858,0,0
BRDA:22,858,1,0
BRDA:22,859,0,0
BRDA:22,859,1,0
BRDA:22,860,0,0
BRDA:22,860,1,0
BRDA:22,861,0,0
BRDA:22,861,1,0
BRDA:22,862,0,0
BRDA:22,862,1,0
BRDA:22,863,0,0
BRDA:22,863,1,0
BRDA:22,864,0,0
BRDA:22,864,1,0
BRDA:22,865,0,0
BRDA:22,865,1,0
BRDA:22,866,0,0
BRDA:22,866,1,0
BRDA:22,867,0,0
BRDA:22,867,1,0
BRDA:22,868,0,0
BRDA:22,868,1,0
BRDA:22,869,0,0
BRDA:22,869,1,0
BRDA:22,870,0,0
BRDA:22,870,1,0
BRDA:22,871,0,0
BRDA:22,871,1,0
BRDA:22,872,0,0
BRDA:22,872,1,0
BRDA:22,873,0,0
BRDA:22,873,1,0
BRDA:22,874,0,0
BRDA:22,874,1,0
BRDA:22,875,0,0
BRDA:22,875,1,0
BRDA:22,876,0,0
BRDA:22,876,1,0
BRDA:22,877,0,0
BRDA:22,877,1,0
BRDA:22,878,0,0
BRDA:22,878,1,0
BRDA:22,879,0,0
BRDA:22,879,1,0
BRDA:22,880,0,0
BRDA:22,880,1,0
BRDA:22,881,0,0
BRDA:22,881,1,0
BRDA:22,882,0,0
BRDA:22,882,1,0
BRDA:22,882,2,0
BRDA:22,882,3,0
BRDA:22,883,0,0
BRDA:22,883,1,0
BRDA:22,884,0,0
BRDA:22,884,1,0
BRDA:22,885,0,0
BRDA:22,885,1,0
BRDA:22,886,0,0
BRDA:22,886,1,0
BRDA:22,887,0,0
BRDA:22,887,1,0
BRDA:22,888,0,0
BRDA:22,888,1,0
BRDA:22,889,0,0
BRDA:22,889,1,0
BRDA:22,889,2,0
BRDA:22,890,0,0
BRDA:22,890,1,0
BRDA:22,891,0,0
BRDA:22,891,1,0
BRDA:22,892,0,0
BRDA:22,892,1,0
BRDA:22,893,0,0
BRDA:22,893,1,0
BRDA:22,894,0,0
BRDA:22,894,1,0
BRDA:22,895,0,0
BRDA:22,895,1,0
BRDA:22,896,0,0
BRDA:22,896,1,0
BRDA:22,897,0,0
BRDA:22,897,1,0
BRDA:22,898,0,0
BRDA:22,898,1,0
BRDA:22,899,0,0
BRDA:22,899,1,0
BRDA:22,899,2,0
BRDA:22,899,3,0
BRDA:22,900,0,0
BRDA:22,900,1,0
BRDA:22,901,0,0
BRDA:22,901,1,0
BRDA:22,902,0,0
BRDA:22,902,1,0
BRDA:22,903,0,0
BRDA:22,903,1,0
BRDA:22,904,0,0
BRDA:22,904,1,0
BRDA:22,905,0,0
BRDA:22,905,1,0
BRDA:22,906,0,0
BRDA:22,906,1,0
BRDA:22,906,2,0
BRDA:22,907,0,0
BRDA:22,907,1,0
BRDA:22,908,0,0
BRDA:22,908,1,0
BRDA:22,909,0,0
BRDA:22,909,1,0
BRDA:22,910,0,0
BRDA:22,910,1,0
BRDA:22,910,2,0
BRDA:22,910,3,0
BRDA:22,911,0,0
BRDA:22,911,1,0
BRDA:22,912,0,0
BRDA:22,912,1,0
BRDA:22,913,0,0
BRDA:22,913,1,0
BRDA:22,914,0,0
BRDA:22,914,1,0
BRDA:22,915,0,0
BRDA:22,915,1,0
BRDA:22,916,0,0
BRDA:22,916,1,0
BRDA:22,917,0,0
BRDA:22,917,1,0
BRDA:22,918,0,0
BRDA:22,918,1,0
BRDA:22,919,0,0
BRDA:22,919,1,0
BRDA:22,920,0,0
BRDA:22,920,1,0
BRDA:22,921,0,0
BRDA:22,921,1,0
BRDA:22,922,0,0
BRDA:22,922,1,0
BRDA:22,922,2,0
BRDA:22,923,0,0
BRDA:22,923,1,0
BRDA:22,924,0,0
BRDA:22,924,1,0
BRDA:22,925,0,0
BRDA:22,925,1,0
BRDA:22,926,0,0
BRDA:22,926,1,0
BRDA:22,927,0,0
BRDA:22,927,1,0
BRDA:22,928,0,0
BRDA:22,928,1,0
BRDA:22,929,0,0
BRDA:22,929,1,0
BRDA:22,930,0,0
BRDA:22,930,1,0
BRDA:22,931,0,0
BRDA:22,931,1,0
BRDA:22,932,0,0
BRDA:22,932,1,0
BRDA:22,933,0,0
BRDA:22,933,1,0
BRDA:22,934,0,0
BRDA:22,934,1,0
BRDA:22,934,2,0
BRDA:22,935,0,0
BRDA:22,935,1,0
BRDA:22,936,0,0
BRDA:22,936,1,0
BRDA:22,936,2,0
BRDA:22,937,0,0
BRDA:22,937,1,0
BRDA:22,938,0,0
BRDA:22,938,1,0
BRDA:22,939,0,0
BRDA:22,939,1,0
BRDA:22,940,0,0
BRDA:22,940,1,0
BRDA:22,941,0,0
BRDA:22,941,1,0
BRDA:22,942,0,0
BRDA:22,942,1,0
BRDA:22,943,0,0
BRDA:22,943,1,0
BRDA:22,944,0,0
BRDA:22,944,1,0
BRDA:22,944,2,0
BRDA:22,944,3,0
BRDA:22,945,0,0
BRDA:22,945,1,0
BRDA:22,946,0,0
BRDA:22,946,1,0
BRDA:22,947,0,0
BRDA:22,947,1,0
BRDA:22,948,0,0
BRDA:22,948,1,0
BRDA:22,949,0,0
BRDA:22,949,1,0
BRDA:22,950,0,0
BRDA:22,950,1,0
BRDA:22,951,0,0
BRDA:22,951,1,0
BRDA:22,952,0,0
BRDA:22,952,1,0
BRDA:22,953,0,0
BRDA:22,953,1,0
BRDA:22,954,0,0
BRDA:22,954,1,0
BRDA:22,955,0,0
BRDA:22,955,1,0
BRDA:22,956,0,0
BRDA:22,956,1,0
BRDA:22,957,0,0
BRDA:22,957,1,0
BRDA:22,958,0,0
BRDA:22,958,1,0
BRDA:22,959,0,0
BRDA:22,959,1,0
BRDA:22,960,0,0
BRDA:22,960,1,0
BRDA:22,961,0,0
BRDA:22,961,1,0
BRDA:22,962,0,0
BRDA:22,962,1,0
BRDA:22,963,0,0
BRDA:22,963,1,0
BRDA:22,964,0,0
BRDA:22,964,1,0
BRDA:22,965,0,0
BRDA:22,965,1,0
BRDA:22,966,0,0
BRDA:22,966,1,0
BRDA:22,967,0,0
BRDA:22,967,1,0
BRDA:22,968,0,0
BRDA:22,968,1,0
BRDA:22,969,0,0
BRDA:22,969,1,0
BRDA:22,970,0,0
BRDA:22,970,1,0
BRDA:22,971,0,0
BRDA:22,971,1,0
BRDA:22,972,0,0
BRDA:22,972,1,0
BRDA:22,973,0,0
BRDA:22,973,1,0
BRDA:22,974,0,0
BRDA:22,974,1,0
BRDA:22,975,0,0
BRDA:22,975,1,0
BRDA:22,976,0,0
BRDA:22,976,1,0
BRDA:22,977,0,0
BRDA:22,977,1,0
BRDA:22,978,0,0
BRDA:22,978,1,0
BRDA:22,979,0,0
BRDA:22,979,1,0
BRDA:22,980,0,0
BRDA:22,980,1,0
BRDA:22,981,0,0
BRDA:22,981,1,0
BRDA:22,982,0,0
BRDA:22,982,1,0
BRDA:22,983,0,0
BRDA:22,983,1,0
BRDA:22,984,0,0
BRDA:22,984,1,0
BRDA:22,985,0,0
BRDA:22,985,1,0
BRDA:22,986,0,0
BRDA:22,986,1,0
BRDA:22,987,0,0
BRDA:22,987,1,0
BRDA:22,988,0,0
BRDA:22,988,1,0
BRDA:22,989,0,0
BRDA:22,989,1,0
BRDA:22,990,0,0
BRDA:22,990,1,0
BRDA:22,991,0,0
BRDA:22,991,1,0
BRDA:22,992,0,0
BRDA:22,992,1,0
BRDA:22,993,0,0
BRDA:22,993,1,0
BRDA:22,994,0,0
BRDA:22,994,1,0
BRDA:22,995,0,0
BRDA:22,995,1,0
BRDA:22,996,0,0
BRDA:22,996,1,0
BRDA:22,997,0,0
BRDA:22,997,1,0
BRDA:22,997,2,0
BRDA:22,998,0,0
BRDA:22,998,1,0
BRDA:22,999,0,0
BRDA:22,999,1,0
BRDA:22,1000,0,0
BRDA:22,1000,1,0
BRDA:22,1000,2,0
BRDA:22,1001,0,0
BRDA:22,1001,1,0
BRDA:22,1002,0,0
BRDA:22,1002,1,0
BRDA:22,1003,0,0
BRDA:22,1003,1,0
BRDA:22,1004,0,0
BRDA:22,1004,1,0
BRDA:22,1005,0,0
BRDA:22,1005,1,0
BRDA:22,1006,0,0
BRDA:22,1006,1,0
BRDA:22,1006,2,0
BRDA:22,1006,3,0
BRDA:22,1007,0,0
BRDA:22,1007,1,0
BRDA:22,1008,0,0
BRDA:22,1008,1,0
BRDA:22,1009,0,0
BRDA:22,1009,1,0
BRDA:22,1010,0,0
BRDA:22,1010,1,0
BRDA:22,1011,0,0
BRDA:22,1011,1,0
BRDA:22,1012,0,0
BRDA:22,1012,1,0
BRDA:22,1013,0,0
BRDA:22,1013,1,0
BRDA:22,1014,0,0
BRDA:22,1014,1,0
BRDA:22,1015,0,0
BRDA:22,1015,1,0
BRDA:22,1016,0,0
BRDA:22,1016,1,0
BRDA:22,1016,2,0
BRDA:22,1017,0,0
BRDA:22,1017,1,0
BRDA:22,1018,0,0
BRDA:22,1018,1,0
BRDA:22,1019,0,0
BRDA:22,1019,1,0
BRDA:22,1020,0,0
BRDA:22,1020,1,0
BRDA:22,1020,2,0
BRDA:22,1020,3,0
BRDA:22,1021,0,0
BRDA:22,1021,1,0
BRDA:22,1022,0,0
BRDA:22,1022,1,0
BRDA:22,1023,0,0
BRDA:22,1023,1,0
BRDA:22,1024,0,0
BRDA:22,1024,1,0
BRDA:22,1025,0,0
BRDA:22,1025,1,0
BRDA:22,1026,0,0
BRDA:22,1026,1,0
BRDA:22,1027,0,0
BRDA:22,1027,1,0
BRDA:22,1028,0,0
BRDA:22,1028,1,0
BRDA:22,1029,0,0
BRDA:22,1029,1,0
BRDA:22,1030,0,0
BRDA:22,1030,1,0
BRDA:22,1031,0,0
BRDA:22,1031,1,0
BRDA:22,1032,0,0
BRDA:22,1032,1,0
BRDA:22,1032,2,0
BRDA:22,1032,3,0
BRDA:22,1033,0,0
BRDA:22,1033,1,0
BRDA:22,1034,0,0
BRDA:22,1034,1,0
BRDA:22,1035,0,0
BRDA:22,1035,1,0
BRDA:22,1036,0,0
BRDA:22,1036,1,0
BRDA:22,1036,2,0
BRDA:22,1036,3,0
BRDA:22,1037,0,0
BRDA:22,1037,1,0
BRDA:22,1038,0,0
BRDA:22,1038,1,0
BRDA:22,1039,0,0
BRDA:22,1039,1,0
BRDA:22,1040,0,0
BRDA:22,1040,1,0
BRDA:22,1041,0,0
BRDA:22,1041,1,0
BRDA:22,1042,0,0
BRDA:22,1042,1,0
BRDA:22,1043,0,0
BRDA:22,1043,1,0
BRDA:22,1043,2,0
BRDA:22,1043,3,0
BRDA:22,1044,0,0
BRDA:22,1044,1,0
BRDA:22,1045,0,0
BRDA:22,1045,1,0
BRDA:22,1046,0,0
BRDA:22,1046,1,0
BRDA:22,1047,0,0
BRDA:22,1047,1,0
BRDA:22,1048,0,0
BRDA:22,1048,1,0
BRDA:22,1049,0,0
BRDA:22,1049,1,0
BRDA:22,1050,0,0
BRDA:22,1050,1,0
BRDA:22,1051,0,0
BRDA:22,1051,1,0
BRDA:22,1051,2,0
BRDA:22,1051,3,0
BRDA:22,1051,4,0
BRDA:22,1052,0,0
BRDA:22,1052,1,0
BRDA:22,1053,0,0
BRDA:22,1053,1,0
BRDA:22,1054,0,0
BRDA:22,1054,1,0
BRDA:22,1055,0,0
BRDA:22,1055,1,0
BRDA:22,1056,0,0
BRDA:22,1056,1,0
BRDA:22,1057,0,0
BRDA:22,1057,1,0
BRDA:22,1057,2,0
BRDA:22,1057,3,0
BRDA:22,1058,0,0
BRDA:22,1058,1,0
BRDA:22,1058,2,0
BRDA:22,1058,3,0
BRDA:22,1058,4,0
BRDA:22,1059,0,0
BRDA:22,1059,1,0
BRDA:22,1060,0,0
BRDA:22,1060,1,0
BRDA:22,1061,0,0
BRDA:22,1061,1,0
BRDA:22,1062,0,0
BRDA:22,1062,1,0
BRDA:22,1063,0,0
BRDA:22,1063,1,0
BRDA:22,1064,0,0
BRDA:22,1064,1,0
BRDA:22,1065,0,0
BRDA:22,1065,1,0
BRDA:22,1066,0,0
BRDA:22,1066,1,0
BRDA:22,1067,0,0
BRDA:22,1067,1,0
BRDA:22,1068,0,0
BRDA:22,1068,1,0
BRDA:22,1069,0,0
BRDA:22,1069,1,0
BRDA:22,1070,0,0
BRDA:22,1070,1,0
BRDA:22,1071,0,0
BRDA:22,1071,1,0
BRDA:22,1071,2,0
BRDA:22,1071,3,0
BRDA:22,1071,4,0
BRDA:22,1071,5,0
BRDA:22,1072,0,0
BRDA:22,1072,1,0
BRDA:22,1073,0,0
BRDA:22,1073,1,0
BRDA:22,1074,0,0
BRDA:22,1074,1,0
BRDA:22,1074,2,0
BRDA:22,1074,3,0
BRDA:22,1075,0,0
BRDA:22,1075,1,0
BRDA:22,1076,0,0
BRDA:22,1076,1,0
BRDA:22,1077,0,0
BRDA:22,1077,1,0
BRDA:22,1078,0,0
BRDA:22,1078,1,0
BRDA:22,1078,2,0
BRDA:22,1078,3,0
BRDA:22,1079,0,0
BRDA:22,1079,1,0
BRDA:22,1080,0,0
BRDA:22,1080,1,0
BRDA:22,1081,0,0
BRDA:22,1081,1,0
BRDA:22,1082,0,0
BRDA:22,1082,1,0
BRDA:22,1083,0,0
BRDA:22,1083,1,0
BRDA:22,1084,0,0
BRDA:22,1084,1,0
BRDA:22,1085,0,0
BRDA:22,1085,1,0
BRDA:22,1086,0,0
BRDA:22,1086,1,0
BRDA:22,1087,0,0
BRDA:22,1087,1,0
BRDA:22,1088,0,0
BRDA:22,1088,1,0
BRDA:22,1088,2,0
BRDA:22,1088,3,0
BRDA:22,1088,4,0
BRDA:22,1088,5,0
BRDA:22,1089,0,0
BRDA:22,1089,1,0
BRDA:22,1090,0,0
BRDA:22,1090,1,0
BRDA:22,1091,0,0
BRDA:22,1091,1,0
BRDA:22,1092,0,0
BRDA:22,1092,1,0
BRDA:22,1092,2,0
BRDA:22,1092,3,0
BRDA:22,1093,0,0
BRDA:22,1093,1,0
BRDA:22,1094,0,0
BRDA:22,1094,1,0
BRDA:22,1095,0,0
BRDA:22,1095,1,0
BRDA:22,1096,0,0
BRDA:22,1096,1,0
BRDA:22,1096,2,0
BRDA:22,1096,3,0
BRDA:22,1097,0,0
BRDA:22,1097,1,0
BRDA:22,1098,0,0
BRDA:22,1098,1,0
BRDA:22,1099,0,0
BRDA:22,1099,1,0
BRDA:22,1100,0,0
BRDA:22,1100,1,0
BRDA:22,1101,0,0
BRDA:22,1101,1,0
BRDA:22,1101,2,0
BRDA:22,1101,3,0
BRDA:22,1102,0,0
BRDA:22,1102,1,0
BRDA:22,1102,2,0
BRDA:22,1102,3,0
BRDA:22,1103,0,0
BRDA:22,1103,1,0
BRDA:22,1103,2,0
BRDA:22,1103,3,0
BRDA:22,1104,0,0
BRDA:22,1104,1,0
BRDA:22,1104,2,0
BRDA:22,1104,3,0
BRDA:22,1105,0,0
BRDA:22,1105,1,0
BRDA:22,1106,0,0
BRDA:22,1106,1,0
BRDA:22,1107,0,0
BRDA:22,1107,1,0
BRDA:22,1108,0,0
BRDA:22,1108,1,0
BRDA:22,1109,0,0
BRDA:22,1109,1,0
BRDA:22,1110,0,0
BRDA:22,1110,1,0
BRDA:22,1111,0,0
BRDA:22,1111,1,0
BRDA:22,1112,0,0
BRDA:22,1112,1,0
BRDA:22,1113,0,0
BRDA:22,1113,1,0
BRDA:22,1114,0,0
BRDA:22,1114,1,0
BRDA:22,1115,0,0
BRDA:22,1115,1,0
BRDA:22,1116,0,0
BRDA:22,1116,1,0
BRDA:22,1117,0,0
BRDA:22,1117,1,0
BRDA:22,1117,2,0
BRDA:22,1118,0,0
BRDA:22,1118,1,0
BRDA:22,1119,0,0
BRDA:22,1119,1,0
BRDA:22,1119,2,0
BRDA:22,1119,3,0
BRDA:22,1119,4,0
BRDA:22,1120,0,0
BRDA:22,1120,1,0
BRDA:22,1121,0,0
BRDA:22,1121,1,0
BRDA:22,1122,0,0
BRDA:22,1122,1,0
BRDA:22,1123,0,0
BRDA:22,1123,1,0
BRDA:22,1124,0,0
BRDA:22,1124,1,0
BRDA:22,1125,0,0
BRDA:22,1125,1,0
BRDA:22,1126,0,0
BRDA:22,1126,1,0
BRDA:22,1127,0,0
BRDA:22,1127,1,0
BRDA:22,1128,0,0
BRDA:22,1128,1,0
BRDA:22,1129,0,0
BRDA:22,1129,1,0
BRDA:22,1130,0,0
BRDA:22,1130,1,0
BRDA:22,1131,0,0
BRDA:22,1131,1,0
BRDA:22,1132,0,0
BRDA:22,1132,1,0
BRDA:22,1133,0,0
BRDA:22,1133,1,0
BRDA:22,1134,0,0
BRDA:22,1134,1,0
BRDA:22,1134,2,0
BRDA:22,1135,0,0
BRDA:22,1135,1,0
BRDA:22,1136,0,0
BRDA:22,1136,1,0
BRDA:22,1137,0,0
BRDA:22,1137,1,0
BRDA:22,1138,0,0
BRDA:22,1138,1,0
BRDA:22,1139,0,0
BRDA:22,1139,1,0
BRDA:22,1140,0,0
BRDA:22,1140,1,0
BRDA:22,1141,0,0
BRDA:22,1141,1,0
BRDA:22,1142,0,0
BRDA:22,1142,1,0
BRDA:22,1143,0,0
BRDA:22,1143,1,0
BRDA:22,1144,0,0
BRDA:22,1144,1,0
BRDA:22,1145,0,0
BRDA:22,1145,1,0
BRDA:22,1146,0,0
BRDA:22,1146,1,0
BRDA:22,1147,0,0
BRDA:22,1147,1,0
BRDA:22,1147,2,0
BRDA:22,1147,3,0
BRDA:22,1148,0,0
BRDA:22,1148,1,0
BRDA:22,1148,2,0
BRDA:22,1149,0,0
BRDA:22,1149,1,0
BRDA:22,1150,0,0
BRDA:22,1150,1,0
BRDA:22,1151,0,0
BRDA:22,1151,1,0
BRDA:22,1152,0,0
BRDA:22,1152,1,0
BRDA:22,1153,0,0
BRDA:22,1153,1,0
BRDA:22,1154,0,0
BRDA:22,1154,1,0
BRDA:22,1155,0,0
BRDA:22,1155,1,0
BRDA:22,1156,0,0
BRDA:22,1156,1,0
BRDA:22,1157,0,0
BRDA:22,1157,1,0
BRDA:22,1158,0,0
BRDA:22,1158,1,0
BRDA:22,1159,0,0
BRDA:22,1159,1,0
BRDA:22,1160,0,0
BRDA:22,1160,1,0
BRDA:22,1161,0,0
BRDA:22,1161,1,0
BRDA:22,1162,0,0
BRDA:22,1162,1,0
BRDA:22,1163,0,0
BRDA:22,1163,1,0
BRDA:22,1164,0,0
BRDA:22,1164,1,0
BRDA:22,1165,0,0
BRDA:22,1165,1,0
BRDA:22,1165,2,0
BRDA:22,1165,3,0
BRDA:22,1165,4,0
BRDA:22,1165,5,0
BRDA:22,1165,6,0
BRDA:22,1165,7,0
BRDA:22,1166,0,0
BRDA:22,1166,1,0
BRDA:22,1167,0,0
BRDA:22,1167,1,0
BRDA:22,1168,0,0
BRDA:22,1168,1,0
BRDA:22,1169,0,0
BRDA:22,1169,1,0
BRDA:22,1170,0,0
BRDA:22,1170,1,0
BRDA:22,1171,0,0
BRDA:22,1171,1,0
BRDA:22,1172,0,0
BRDA:22,1172,1,0
BRDA:22,1173,0,0
BRDA:22,1173,1,0
BRDA:22,1174,0,0
BRDA:22,1174,1,0
BRDA:22,1175,0,0
BRDA:22,1175,1,0
BRDA:22,1176,0,0
BRDA:22,1176,1,0
BRDA:22,1177,0,0
BRDA:22,1177,1,0
BRDA:22,1178,0,0
BRDA:22,1178,1,0
BRDA:22,1178,2,0
BRDA:22,1178,3,0
BRDA:22,1178,4,0
BRDA:22,1179,0,0
BRDA:22,1179,1,0
BRDA:22,1179,2,0
BRDA:22,1180,0,0
BRDA:22,1180,1,0
BRDA:22,1181,0,0
BRDA:22,1181,1,0
BRDA:22,1181,2,0
BRDA:22,1182,0,0
BRDA:22,1182,1,0
BRDA:22,1183,0,0
BRDA:22,1183,1,0
BRDA:22,1184,0,0
BRDA:22,1184,1,0
BRDA:22,1185,0,0
BRDA:22,1185,1,0
BRDA:22,1185,2,0
BRDA:22,1185,3,0
BRDA:22,1185,4,0
BRDA:22,1185,5,0
BRDA:22,1186,0,0
BRDA:22,1186,1,0
BRDA:22,1187,0,0
BRDA:22,1187,1,0
BRDA:22,1188,0,0
BRDA:22,1188,1,0
BRDA:22,1189,0,0
BRDA:22,1189,1,0
BRDA:22,1190,0,0
BRDA:22,1190,1,0
BRDA:22,1191,0,0
BRDA:22,1191,1,0
BRDA:22,1191,2,0
BRDA:22,1191,3,0
BRDA:22,1192,0,0
BRDA:22,1192,1,0
BRDA:22,1193,0,0
BRDA:22,1193,1,0
BRDA:22,1194,0,0
BRDA:22,1194,1,0
BRDA:22,1194,2,0
BRDA:22,1194,3,0
BRDA:22,1195,0,0
BRDA:22,1195,1,0
BRDA:22,1196,0,0
BRDA:22,1196,1,0
BRDA:22,1196,2,0
BRDA:22,1197,0,0
BRDA:22,1197,1,0
BRDA:22,1198,0,0
BRDA:22,1198,1,0
BRDA:22,1199,0,0
BRDA:22,1199,1,0
BRDA:22,1200,0,0
BRDA:22,1200,1,0
BRDA:22,1201,0,0
BRDA:22,1201,1,0
BRDA:22,1202,0,0
BRDA:22,1202,1,0
BRDA:22,1203,0,0
BRDA:22,1203,1,0
BRDA:22,1203,2,0
BRDA:22,1204,0,0
BRDA:22,1204,1,0
BRDA:22,1205,0,0
BRDA:22,1205,1,0
BRDA:22,1206,0,0
BRDA:22,1206,1,0
BRDA:22,1206,2,0
BRDA:22,1206,3,0
BRDA:22,1207,0,0
BRDA:22,1207,1,0
BRDA:22,1208,0,0
BRDA:22,1208,1,0
BRDA:22,1208,2,0
BRDA:22,1209,0,0
BRDA:22,1209,1,0
BRDA:22,1210,0,0
BRDA:22,1210,1,0
BRDA:22,1211,0,0
BRDA:22,1211,1,0
BRDA:22,1211,2,0
BRDA:22,1212,0,0
BRDA:22,1212,1,0
BRDA:22,1213,0,0
BRDA:22,1213,1,0
BRDA:22,1214,0,0
BRDA:22,1214,1,0
BRDA:22,1215,0,0
BRDA:22,1215,1,0
BRDA:22,1216,0,0
BRDA:22,1216,1,0
BRDA:22,1217,0,0
BRDA:22,1217,1,0
BRDA:22,1218,0,0
BRDA:22,1218,1,0
BRDA:22,1218,2,0
BRDA:22,1219,0,0
BRDA:22,1219,1,0
BRDA:22,1220,0,0
BRDA:22,1220,1,0
BRDA:22,1220,2,0
BRDA:22,1221,0,0
BRDA:22,1221,1,0
BRDA:22,1222,0,0
BRDA:22,1222,1,0
BRDA:22,1223,0,0
BRDA:22,1223,1,0
BRDA:22,1223,2,0
BRDA:22,1223,3,0
BRDA:22,1223,4,0
BRDA:22,1223,5,0
BRDA:22,1223,6,0
BRDA:22,1223,7,0
BRDA:22,1223,8,0
BRDA:22,1223,9,0
BRDA:22,1224,0,0
BRDA:22,1224,1,0
BRDA:22,1225,0,0
BRDA:22,1225,1,0
BRDA:22,1226,0,0
BRDA:22,1226,1,0
BRDA:22,1227,0,0
BRDA:22,1227,1,0
BRDA:22,1228,0,0
BRDA:22,1228,1,0
BRDA:22,1229,0,0
BRDA:22,1229,1,0
BRDA:22,1230,0,0
BRDA:22,1230,1,0
BRDA:22,1231,0,0
BRDA:22,1231,1,0
BRDA:22,1232,0,0
BRDA:22,1232,1,0
BRDA:22,1232,2,0
BRDA:22,1232,3,0
BRDA:22,1232,4,0
BRDA:22,1232,5,0
BRDA:22,1232,6,0
BRDA:22,1233,0,0
BRDA:22,1233,1,0
BRDA:22,1234,0,0
BRDA:22,1234,1,0
BRDA:22,1235,0,0
BRDA:22,1235,1,0
BRDA:22,1236,0,0
BRDA:22,1236,1,0
BRDA:22,1237,0,0
BRDA:22,1237,1,0
BRDA:22,1238,0,0
BRDA:22,1238,1,0
BRDA:22,1239,0,0
BRDA:22,1239,1,0
BRDA:22,1240,0,0
BRDA:22,1240,1,0
[...]
BRDA:22,1790,1,0
BRDA:22,1790,2,0
BRDA:22,1791,0,0
BRDA:22,1791,1,0
BRDA:22,1792,0,0
BRDA:22,1792,1,0
BRDA:22,1793,0,0
BRDA:22,1793,1,0
BRDA:22,1794,0,0
BRDA:22,1794,1,0
BRDA:22,1795,0,0
BRDA:22,1795,1,0
BRDA:22,1796,0,0
BRDA:22,1796,1,0
BRDA:22,1797,0,0
BRDA:22,1797,1,0
BRDA:22,1798,0,0
BRDA:22,1798,1,0
BRDA:22,1799,0,0
BRDA:22,1799,1,0
BRDA:22,1800,0,0
BRDA:22,1800,1,0
BRDA:22,1801,0,0
BRDA:22,1801,1,0
BRDA:22,1802,0,0
BRDA:22,1802,1,0
BRDA:22,1803,0,0
BRDA:22,1803,1,0
BRDA:22,1804,0,0
BRDA:22,1804,1,0
BRDA:22,1805,0,0
BRDA:22,1805,1,0
BRDA:22,1806,0,0
BRDA:22,1806,1,0
BRDA:22,1806,2,0
BRDA:22,1807,0,0
BRDA:22,1807,1,0
BRDA:22,1808,0,0
BRDA:22,1808,1,0
BRDA:22,1809,0,0
BRDA:22,1809,1,0
BRDA:22,1810,0,0
BRDA:22,1810,1,0
BRDA:22,1811,0,0
BRDA:22,1811,1,0
BRDA:22,1812,0,0
BRDA:22,1812,1,0
BRDA:22,1813,0,0
BRDA:22,1813,1,0
BRDA:22,1814,0,0
BRDA:22,1814,1,0
BRDA:22,1815,0,0
BRDA:22,1815,1,0
BRDA:22,1816,0,0
BRDA:22,1816,1,0
BRDA:22,1817,0,0
BRDA:22,1817,1,0
BRDA:22,1818,0,0
BRDA:22,1818,1,0
BRDA:22,1819,0,0
BRDA:22,1819,1,0
BRDA:22,1820,0,0
BRDA:22,1820,1,0
BRDA:22,1821,0,0
BRDA:22,1821,1,0
BRDA:22,1822,0,0
BRDA:22,1822,1,0
BRDA:22,1823,0,0
BRDA:22,1823,1,0
BRDA:22,1824,0,0
BRDA:22,1824,1,0
BRDA:22,1825,0,0
BRDA:22,1825,1,0
BRDA:22,1826,0,0
BRDA:22,1826,1,0
BRDA:22,1827,0,0
BRDA:22,1827,1,0
BRDA:22,1828,0,0
BRDA:22,1828,1,0
BRDA:22,1829,0,0
BRDA:22,1829,1,0
BRDA:22,1830,0,0
BRDA:22,1830,1,0
BRDA:22,1831,0,0
BRDA:22,1831,1,0
BRDA:22,1832,0,0
BRDA:22,1832,1,0
BRDA:22,1833,0,0
BRDA:22,1833,1,0
BRDA:22,1834,0,0
BRDA:22,1834,1,0
BRDA:22,1835,0,0
BRDA:22,1835,1,0
BRDA:22,1835,2,0
BRDA:22,1836,0,0
BRDA:22,1836,1,0
BRDA:30,1837,0,0
BRDA:30,1837,1,0
BRDA:30,1838,0,0
BRDA:30,1838,1,0
BRDA:30,1839,0,0
BRDA:30,1839,1,0
BRDA:30,1840,0,0
BRDA:30,1840,1,0
BRDA:30,1841,0,0
BRDA:30,1841,1,0
BRDA:30,1842,0,0
BRDA:30,1842,1,0
BRDA:30,1843,0,0
BRDA:30,1843,1,0
BRDA:30,1844,0,0
BRDA:30,1844,1,0
BRDA:30,1845,0,0
BRDA:30,1845,1,0
BRDA:30,1846,0,0
BRDA:30,1846,1,0
BRDA:30,1847,0,0
BRDA:30,1847,1,0
BRDA:30,1848,0,0
BRDA:30,1848,1,0
BRDA:30,1849,0,0
BRDA:30,1849,1,0
BRDA:30,1850,0,0
BRDA:30,1850,1,0
BRDA:30,1851,0,0
BRDA:30,1851,1,0
BRDA:30,1852,0,0
BRDA:30,1852,1,0
BRDA:30,1853,0,0
BRDA:30,1853,1,0
BRDA:30,1854,0,0
BRDA:30,1854,1,0
BRDA:30,1855,0,0
BRDA:30,1855,1,0
BRDA:30,1856,0,0
BRDA:30,1856,1,0
BRDA:30,1857,0,0
BRDA:30,1857,1,0
BRDA:30,1858,0,0
BRDA:30,1858,1,0
BRDA:30,1859,0,0
BRDA:30,1859,1,0
BRDA:30,1860,0,0
BRDA:30,1860,1,0
BRDA:30,1861,0,0
BRDA:30,1861,1,0
BRDA:30,1862,0,0
BRDA:30,1862,1,0
BRDA:30,1863,0,0
BRDA:30,1863,1,0
BRDA:30,1864,0,0
BRDA:30,1864,1,0
BRDA:30,1865,0,0
BRDA:30,1865,1,0
BRDA:30,1866,0,0
BRDA:30,1866,1,0
BRDA:30,1867,0,0
BRDA:30,1867,1,0
BRDA:30,1868,0,0
BRDA:30,1868,1,0
BRDA:30,1869,0,0
BRDA:30,1869,1,0
BRDA:30,1870,0,0
BRDA:30,1870,1,0
BRDA:30,1870,2,0
BRDA:30,1870,3,0
BRDA:30,1871,0,0
BRDA:30,1871,1,0
BRDA:30,1872,0,0
BRDA:30,1872,1,0
BRDA:30,1873,0,0
BRDA:30,1873,1,0
BRDA:30,1874,0,0
BRDA:30,1874,1,0
BRDA:30,1875,0,0
BRDA:30,1875,1,0
BRDA:30,1876,0,0
BRDA:30,1876,1,0
BRDA:30,1876,2,0
BRDA:30,1876,3,0
BRDA:30,1876,4,0
BRDA:30,1877,0,0
BRDA:30,1877,1,0
BRDA:30,1877,2,0
BRDA:30,1877,3,0
BRDA:30,1877,4,0
BRDA:30,1877,5,0
BRDA:30,1878,0,0
BRDA:30,1878,1,0
BRDA:30,1878,2,0
BRDA:30,1878,3,0
BRDA:30,1879,0,0
BRDA:30,1879,1,0
BRDA:30,1880,0,0
BRDA:30,1880,1,0
BRDA:30,1881,0,0
BRDA:30,1881,1,0
BRDA:30,1882,0,0
BRDA:30,1882,1,0
BRDA:30,1883,0,0
BRDA:30,1883,1,0
BRDA:30,1884,0,0
BRDA:30,1884,1,0
BRDA:30,1885,0,0
BRDA:30,1885,1,0
BRDA:30,1885,2,0
BRDA:30,1886,0,0
BRDA:30,1886,1,0
BRDA:30,1887,0,0
BRDA:30,1887,1,0
BRDA:30,1887,2,0
BRDA:30,1888,0,0
BRDA:30,1888,1,0
BRDA:30,1888,2,0
BRDA:30,1888,3,0
BRDA:30,1888,4,0
BRDA:30,1888,5,0
BRDA:30,1888,6,0
BRDA:30,1889,0,0
BRDA:30,1889,1,0
BRDA:30,1889,2,0
BRDA:30,1890,0,0
BRDA:30,1890,1,0
BRDA:30,1891,0,0
BRDA:30,1891,1,0
BRDA:38,1892,0,0
BRDA:38,1892,1,0
BRDA:38,1893,0,0
BRDA:38,1893,1,0
BRDA:38,1894,0,0
BRDA:38,1894,1,0
BRDA:38,1895,0,0
BRDA:38,1895,1,0
BRDA:38,1896,0,0
BRDA:38,1896,1,0
BRDA:38,1897,0,0
BRDA:38,1897,1,0
BRDA:38,1898,0,0
BRDA:38,1898,1,0
BRDA:38,1899,0,0
BRDA:38,1899,1,0
BRDA:38,1900,0,0
BRDA:38,1900,1,0
BRDA:38,1901,0,0
BRDA:38,1901,1,0
BRDA:38,1902,0,0
BRDA:38,1902,1,0
BRDA:38,1903,0,0
BRDA:38,1903,1,0
BRDA:38,1904,0,0
BRDA:38,1904,1,0
BRDA:38,1905,0,0
BRDA:38,1905,1,0
BRDA:38,1906,0,0
BRDA:38,1906,1,0
BRDA:38,1907,0,0
BRDA:38,1907,1,0
BRDA:38,1908,0,0
BRDA:38,1908,1,0
BRDA:38,1909,0,0
BRDA:38,1909,1,0
BRDA:38,1910,0,0
BRDA:38,1910,1,0
BRDA:38,1911,0,0
BRDA:38,1911,1,0
BRDA:38,1912,0,0
BRDA:38,1912,1,0
BRDA:38,1913,0,0
BRDA:38,1913,1,0
BRDA:38,1913,2,0
BRDA:38,1913,3,0
BRDA:38,1913,4,0
BRDA:38,1913,5,0
BRDA:38,1913,6,0
BRDA:38,1914,0,0
BRDA:38,1914,1,0
BRDA:38,1914,2,0
BRDA:38,1914,3,0
BRDA:38,1914,4,0
BRDA:38,1914,5,0
BRDA:38,1915,0,0
BRDA:38,1915,1,0
BRDA:38,1916,0,0
BRDA:38,1916,1,0
BRDA:38,1916,2,0
BRDA:38,1916,3,0
BRDA:38,1916,4,0
BRDA:38,1916,5,0
BRDA:38,1916,6,0
BRDA:38,1916,7,0
BRDA:38,1916,8,0
BRDA:38,1916,9,0
BRDA:38,1916,10,0
BRDA:38,1916,11,0
BRDA:38,1916,12,0
BRDA:38,1916,13,0
BRDA:38,1916,14,0
BRDA:38,1916,15,0
BRDA:38,1916,16,0
BRDA:38,1916,17,0
BRDA:38,1917,0,0
BRDA:38,1917,1,0
BRDA:38,1918,0,0
BRDA:38,1918,1,0
BRDA:38,1918,2,0
BRDA:38,1919,0,0
BRDA:38,1919,1,0
BRDA:38,1920,0,0
BRDA:38,1920,1,0
BRDA:38,1921,0,0
BRDA:38,1921,1,0
BRDA:38,1922,0,0
BRDA:38,1922,1,0
BRDA:38,1923,0,0
BRDA:38,1923,1,0
BRDA:38,1924,0,0
BRDA:38,1924,1,0
BRDA:38,1925,0,0
BRDA:38,1925,1,0
BRDA:38,1926,0,0
BRDA:38,1926,1,0
BRDA:38,1927,0,0
BRDA:38,1927,1,0
BRDA:38,1928,0,0
BRDA:38,1928,1,0
BRDA:38,1928,2,0
BRDA:38,1929,0,0
BRDA:38,1929,1,0
BRDA:38,1930,0,0
BRDA:38,1930,1,0
BRDA:38,1931,0,0
BRDA:38,1931,1,0
BRDA:38,1932,0,0
BRDA:38,1932,1,0
BRDA:38,1933,0,0
BRDA:38,1933,1,0
BRDA:38,1933,2,0
BRDA:38,1933,3,0
BRDA:38,1934,0,0
BRDA:38,1934,1,0
BRDA:38,1935,0,0
BRDA:38,1935,1,0
BRDA:38,1936,0,0
BRDA:38,1936,1,0
BRDA:38,1937,0,0
BRDA:38,1937,1,0
BRDA:38,1938,0,0
BRDA:38,1938,1,0
BRDA:38,1939,0,0
BRDA:38,1939,1,0
BRDA:38,1940,0,0
BRDA:38,1940,1,0
BRDA:38,1941,0,0
BRDA:38,1941,1,0
BRDA:38,1942,0,0
BRDA:38,1942,1,0
BRDA:38,1943,0,0
BRDA:38,1943,1,0
BRDA:38,1944,0,0
BRDA:38,1944,1,0
BRDA:38,1945,0,0
BRDA:38,1945,1,0
BRDA:38,1946,0,0
BRDA:38,1946,1,0
BRDA:38,1947,0,0
BRDA:38,1947,1,0
BRDA:38,1948,0,0
BRDA:38,1948,1,0
BRDA:38,1949,0,0
BRDA:38,1949,1,0
BRDA:38,1950,0,0
BRDA:38,1950,1,0
BRDA:38,1951,0,0
BRDA:38,1951,1,0
BRDA:38,1951,2,0
BRDA:38,1952,0,0
BRDA:38,1952,1,0
BRDA:38,1953,0,0
BRDA:38,1953,1,0
BRDA:38,1954,0,0
BRDA:38,1954,1,0
BRDA:38,1955,0,0
BRDA:38,1955,1,0
BRDA:38,1956,0,0
BRDA:38,1956,1,0
BRDA:38,1957,0,0
BRDA:38,1957,1,0
BRDA:38,1957,2,0
BRDA:38,1958,0,0
BRDA:38,1958,1,0
BRDA:38,1959,0,0
BRDA:38,1959,1,0
BRDA:38,1960,0,0
BRDA:38,1960,1,0
BRDA:38,1960,2,0
BRDA:38,1961,0,0
BRDA:38,1961,1,0
BRDA:38,1962,0,0
BRDA:38,1962,1,0
BRDA:38,1963,0,0
BRDA:38,1963,1,0
BRDA:38,1964,0,0
BRDA:38,1964,1,0
BRDA:38,1965,0,0
BRDA:38,1965,1,0
BRDA:38,1966,0,0
BRDA:38,1966,1,0
BRDA:38,1967,0,0
BRDA:38,1967,1,0
BRDA:38,1968,0,0
BRDA:38,1968,1,0
BRDA:38,1969,0,0
BRDA:38,1969,1,0
BRDA:38,1969,2,0
BRDA:38,1970,0,0
BRDA:38,1970,1,0
BRDA:38,1970,2,0
BRDA:38,1971,0,0
BRDA:38,1971,1,0
BRDA:38,1972,0,0
BRDA:38,1972,1,0
BRDA:38,1973,0,0
BRDA:38,1973,1,0
BRDA:38,1974,0,0
BRDA:38,1974,1,0
BRDA:38,1975,0,0
BRDA:38,1975,1,0
BRDA:38,1976,0,0
BRDA:38,1976,1,0
BRDA:38,1977,0,0
BRDA:38,1977,1,0
BRDA:38,1978,0,0
BRDA:38,1978,1,0
BRDA:38,1979,0,0
BRDA:38,1979,1,0
BRDA:38,1979,2,0
BRDA:38,1980,0,0
BRDA:38,1980,1,0
BRDA:38,1981,0,0
BRDA:38,1981,1,0
BRDA:38,1982,0,0
BRDA:38,1982,1,0
BRDA:38,1983,0,0
BRDA:38,1983,1,0
BRDA:38,1984,0,0
BRDA:38,1984,1,0
BRDA:38,1984,2,0
BRDA:38,1984,3,0
BRDA:38,1984,4,0
BRDA:38,1985,0,0
BRDA:38,1985,1,0
BRDA:38,1985,2,0
BRDA:38,1986,0,0
BRDA:38,1986,1,0
BRDA:38,1987,0,0
BRDA:38,1987,1,0
BRDA:38,1988,0,0
BRDA:38,1988,1,0
BRDA:38,1989,0,0
BRDA:38,1989,1,0
BRDA:38,1990,0,0
BRDA:38,1990,1,0
BRDA:38,1991,0,0
BRDA:38,1991,1,0
BRDA:38,1992,0,0
BRDA:38,1992,1,0
BRDA:38,1993,0,0
BRDA:38,1993,1,0
BRDA:38,1994,0,0
BRDA:38,1994,1,0
BRDA:38,1995,0,0
BRDA:38,1995,1,0
BRDA:38,1995,2,0
BRDA:38,1996,0,0
BRDA:38,1996,1,0
BRDA:38,1997,0,0
BRDA:38,1997,1,0
BRDA:38,1997,2,0
BRDA:38,1998,0,0
BRDA:38,1998,1,0
BRDA:38,1999,0,0
BRDA:38,1999,1,0
BRDA:38,2000,0,0
BRDA:38,2000,1,0
BRDA:38,2001,0,0
BRDA:38,2001,1,0
BRDA:38,2002,0,0
BRDA:38,2002,1,0
BRDA:38,2003,0,0
BRDA:38,2003,1,0
BRDA:38,2004,0,0
BRDA:38,2004,1,0
BRDA:38,2005,0,0
BRDA:38,2005,1,0
BRDA:38,2006,0,0
BRDA:38,2006,1,0
BRDA:38,2007,0,0
BRDA:38,2007,1,0
BRDA:38,2008,0,0
BRDA:38,2008,1,0
BRDA:38,2009,0,0
BRDA:38,2009,1,0
BRDA:38,2010,0,0
BRDA:38,2010,1,0
BRDA:38,2010,2,0
BRDA:38,2011,0,0
BRDA:38,2011,1,0
BRDA:38,2012,0,0
BRDA:38,2012,1,0
BRDA:38,2013,0,0
BRDA:38,2013,1,0
BRDA:38,2014,0,0
BRDA:38,2014,1,0
BRDA:38,2015,0,0
BRDA:38,2015,1,0
BRDA:38,2016,0,0
BRDA:38,2016,1,0
BRDA:38,2017,0,0
BRDA:38,2017,1,0
BRDA:38,2018,0,0
BRDA:38,2018,1,0
BRDA:38,2019,0,0
BRDA:38,2019,1,0
BRDA:38,2020,0,0
BRDA:38,2020,1,0
BRDA:38,2021,0,0
BRDA:38,2021,1,0
BRDA:38,2022,0,0
BRDA:38,2022,1,0
BRDA:38,2023,0,0
BRDA:38,2023,1,0
BRDA:38,2023,2,0
BRDA:38,2024,0,0
BRDA:38,2024,1,0
BRDA:38,2025,0,0
BRDA:38,2025,1,0
BRDA:38,2026,0,0
BRDA:38,2026,1,0
BRDA:38,2027,0,0
BRDA:38,2027,1,0
BRDA:38,2027,2,0
BRDA:38,2027,3,0
BRDA:38,2027,4,0
BRDA:38,2027,5,0
BRDA:38,2027,6,0
BRDA:38,2028,0,0
BRDA:38,2028,1,0
BRDA:38,2029,0,0
BRDA:38,2029,1,0
BRDA:38,2030,0,0
BRDA:38,2030,1,0
BRDA:38,2031,0,0
BRDA:38,2031,1,0
BRDA:38,2032,0,0
BRDA:38,2032,1,0
BRDA:38,2033,0,0
BRDA:38,2033,1,0
BRDA:38,2034,0,0
BRDA:38,2034,1,0
BRDA:38,2035,0,0
BRDA:38,2035,1,0
BRDA:38,2036,0,0
BRDA:38,2036,1,0
BRDA:38,2037,0,0
BRDA:38,2037,1,0
BRDA:38,2038,0,0
BRDA:38,2038,1,0
BRDA:38,2039,0,0
BRDA:38,2039,1,0
BRDA:38,2040,0,0
BRDA:38,2040,1,0
BRDA:38,2041,0,0
BRDA:38,2041,1,0
BRDA:38,2042,0,0
BRDA:38,2042,1,0
BRDA:38,2043,0,0
BRDA:38,2043,1,0
BRDA:38,2044,0,0
BRDA:38,2044,1,0
BRDA:38,2045,0,0
BRDA:38,2045,1,0
BRDA:38,2046,0,0
BRDA:38,2046,1,0
BRDA:38,2047,0,0
BRDA:38,2047,1,0
BRDA:38,2048,0,0
BRDA:38,2048,1,0
BRDA:38,2049,0,0
BRDA:38,2049,1,0
BRDA:38,2050,0,0
BRDA:38,2050,1,0
BRDA:38,2051,0,0
BRDA:38,2051,1,0
BRDA:38,2052,0,0
BRDA:38,2052,1,0
BRDA:38,2053,0,0
BRDA:38,2053,1,0
BRDA:38,2054,0,0
BRDA:38,2054,1,0
BRDA:38,2055,0,0
BRDA:38,2055,1,0
BRDA:38,2056,0,0
BRDA:38,2056,1,0
BRDA:38,2057,0,0
BRDA:38,2057,1,0
BRDA:38,2058,0,0
BRDA:38,2058,1,0
BRDA:38,2059,0,0
BRDA:38,2059,1,0
BRDA:38,2060,0,0
BRDA:38,2060,1,0
BRDA:38,2061,0,0
BRDA:38,2061,1,0
BRDA:38,2062,0,0
BRDA:38,2062,1,0
BRDA:38,2063,0,0
BRDA:38,2063,1,0
BRDA:38,2064,0,0
BRDA:38,2064,1,0
BRDA:38,2065,0,0
BRDA:38,2065,1,0
BRDA:38,2066,0,0
BRDA:38,2066,1,0
BRDA:38,2067,0,0
BRDA:38,2067,1,0
BRDA:38,2068,0,0
BRDA:38,2068,1,0
BRDA:38,2069,0,0
BRDA:38,2069,1,0
BRDA:38,2069,2,0
BRDA:38,2070,0,0
BRDA:38,2070,1,0
BRDA:38,2071,0,0
BRDA:38,2071,1,0
BRDA:38,2072,0,0
BRDA:38,2072,1,0
BRDA:38,2073,0,0
BRDA:38,2073,1,0
BRDA:38,2074,0,0
BRDA:38,2074,1,0
BRDA:38,2075,0,0
BRDA:38,2075,1,0
BRDA:38,2076,0,0
BRDA:38,2076,1,0
BRDA:38,2077,0,0
BRDA:38,2077,1,0
BRDA:38,2078,0,0
BRDA:38,2078,1,0
BRDA:38,2079,0,0
BRDA:38,2079,1,0
BRDA:38,2080,0,0
BRDA:38,2080,1,0
BRDA:38,2080,2,0
BRDA:38,2081,0,0
BRDA:38,2081,1,0
BRDA:38,2082,0,0
BRDA:38,2082,1,0
BRDA:38,2083,0,0
BRDA:38,2083,1,0
BRDA:38,2084,0,0
BRDA:38,2084,1,0
BRDA:38,2085,0,0
BRDA:38,2085,1,0
BRDA:38,2086,0,0
BRDA:38,2086,1,0
BRDA:38,2087,0,0
BRDA:38,2087,1,0
BRDA:38,2088,0,0
BRDA:38,2088,1,0
BRDA:38,2089,0,0
BRDA:38,2089,1,0
BRDA:38,2090,0,0
BRDA:38,2090,1,0
BRDA:38,2091,0,0
BRDA:38,2091,1,0
BRDA:38,2092,0,0
BRDA:38,2092,1,0
BRDA:38,2093,0,0
BRDA:38,2093,1,0
BRDA:38,2094,0,0
BRDA:38,2094,1,0
BRDA:38,2095,0,0
BRDA:38,2095,1,0
BRDA:38,2096,0,0
BRDA:38,2096,1,0
BRDA:38,2097,0,0
BRDA:38,2097,1,0
BRDA:38,2098,0,0
BRDA:38,2098,1,0
BRDA:38,2099,0,0
BRDA:38,2099,1,0
BRDA:38,2100,0,0
BRDA:38,2100,1,0
BRDA:38,2101,0,0
BRDA:38,2101,1,0
BRDA:38,2102,0,0
BRDA:38,2102,1,0
BRDA:38,2103,0,0
BRDA:38,2103,1,0
BRDA:38,2104,0,0
BRDA:38,2104,1,0
BRDA:38,2105,0,0
BRDA:38,2105,1,0
BRDA:38,2106,0,0
BRDA:38,2106,1,0
BRDA:38,2107,0,0
BRDA:38,2107,1,0
BRDA:38,2108,0,0
BRDA:38,2108,1,0
BRDA:38,2109,0,0
BRDA:38,2109,1,0
BRDA:38,2110,0,0
BRDA:38,2110,1,0
BRDA:38,2111,0,0
BRDA:38,2111,1,0
BRDA:38,2112,0,0
BRDA:38,2112,1,0
BRDA:38,2113,0,0
BRDA:38,2113,1,0
BRDA:38,2114,0,0
BRDA:38,2114,1,0
BRDA:38,2115,0,0
BRDA:38,2115,1,0
BRDA:38,2115,2,0
BRDA:38,2116,0,0
BRDA:38,2116,1,0
BRDA:38,2117,0,0
BRDA:38,2117,1,0
BRDA:38,2118,0,0
BRDA:38,2118,1,0
BRDA:38,2119,0,0
BRDA:38,2119,1,0
BRDA:38,2120,0,0
BRDA:38,2120,1,0
BRDA:38,2121,0,0
BRDA:38,2121,1,0
BRDA:38,2122,0,0
BRDA:38,2122,1,0
BRDA:38,2123,0,0
BRDA:38,2123,1,0
BRDA:38,2124,0,0
BRDA:38,2124,1,0
BRDA:38,2125,0,0
BRDA:38,2125,1,0
BRDA:38,2126,0,0
BRDA:38,2126,1,0
BRDA:38,2127,0,0
BRDA:38,2127,1,0
BRDA:38,2128,0,0
BRDA:38,2128,1,0
BRDA:38,2129,0,0
BRDA:38,2129,1,0
BRDA:38,2130,0,0
BRDA:38,2130,1,0
BRDA:38,2131,0,0
BRDA:38,2131,1,0
BRDA:38,2132,0,0
BRDA:38,2132,1,0
BRDA:38,2133,0,0
BRDA:38,2133,1,0
BRDA:38,2134,0,0
BRDA:38,2134,1,0
BRDA:38,2135,0,0
BRDA:38,2135,1,0
BRDA:38,2135,2,0
BRDA:38,2136,0,0
BRDA:38,2136,1,0
BRDA:38,2137,0,0
BRDA:38,2137,1,0
BRDA:38,2138,0,0
BRDA:38,2138,1,0
BRDA:38,2139,0,0
BRDA:38,2139,1,0
BRDA:38,2140,0,0
BRDA:38,2140,1,0
BRDA:38,2141,0,0
BRDA:38,2141,1,0
BRDA:38,2142,0,0
BRDA:38,2142,1,0
BRDA:38,2143,0,0
BRDA:38,2143,1,0
BRDA:38,2144,0,0
BRDA:38,2144,1,0
BRDA:38,2145,0,0
BRDA:38,2145,1,0
BRDA:38,2146,0,0
BRDA:38,2146,1,0
BRDA:38,2147,0,0
BRDA:38,2147,1,0
BRDA:38,2148,0,0
BRDA:38,2148,1,0
BRDA:38,2149,0,0
BRDA:38,2149,1,0
BRDA:38,2150,0,0
BRDA:38,2150,1,0
BRDA:38,2151,0,0
BRDA:38,2151,1,0
BRDA:38,2152,0,0
BRDA:38,2152,1,0
BRDA:38,2153,0,0
BRDA:38,2153,1,0
BRDA:38,2154,0,0
BRDA:38,2154,1,0
BRDA:38,2155,0,0
BRDA:38,2155,1,0
BRDA:38,2156,0,0
BRDA:38,2156,1,0
BRDA:38,2157,0,0
BRDA:38,2157,1,0
BRDA:38,2158,0,0
BRDA:38,2158,1,0
BRDA:38,2159,0,0
BRDA:38,2159,1,0
BRDA:38,2159,2,0
BRDA:38,2159,3,0
BRDA:38,2159,4,0
BRDA:38,2159,5,0
BRDA:38,2160,0,0
BRDA:38,2160,1,0
BRDA:38,2160,2,0
BRDA:38,2160,3,0
BRDA:38,2161,0,0
BRDA:38,2161,1,0
BRDA:38,2161,2,0
BRDA:38,2162,0,0
BRDA:38,2162,1,0
BRDA:38,2163,0,0
BRDA:38,2163,1,0
BRDA:38,2164,0,0
BRDA:38,2164,1,0
BRDA:38,2165,0,0
BRDA:38,2165,1,0
BRDA:38,2166,0,0
BRDA:38,2166,1,0
BRDA:38,2167,0,0
BRDA:38,2167,1,0
BRDA:38,2168,0,0
BRDA:38,2168,1,0
BRDA:38,2169,0,0
BRDA:38,2169,1,0
BRDA:38,2170,0,0
BRDA:38,2170,1,0
BRDA:38,2171,0,0
BRDA:38,2171,1,0
BRDA:38,2172,0,0
BRDA:38,2172,1,0
BRDA:38,2173,0,0
BRDA:38,2173,1,0
BRDA:38,2174,0,0
BRDA:38,2174,1,0
BRDA:38,2175,0,0
BRDA:38,2175,1,0
BRDA:38,2176,0,0
BRDA:38,2176,1,0
BRDA:38,2177,0,0
BRDA:38,2177,1,0
BRDA:38,2178,0,0
BRDA:38,2178,1,0
BRDA:38,2178,2,0
BRDA:38,2179,0,0
BRDA:38,2179,1,0
BRDA:38,2180,0,0
BRDA:38,2180,1,0
BRDA:38,2181,0,0
BRDA:38,2181,1,0
BRDA:38,2182,0,0
BRDA:38,2182,1,0
BRDA:38,2183,0,0
BRDA:38,2183,1,0
BRDA:38,2184,0,0
BRDA:38,2184,1,0
BRDA:38,2184,2,0
BRDA:38,2184,3,0
BRDA:38,2185,0,0
BRDA:38,2185,1,0
BRDA:38,2186,0,0
BRDA:38,2186,1,0
BRDA:38,2187,0,0
BRDA:38,2187,1,0
BRDA:38,2188,0,0
BRDA:38,2188,1,0
BRDA:38,2188,2,0
BRDA:38,2189,0,0
BRDA:38,2189,1,0
BRDA:38,2190,0,0
BRDA:38,2190,1,0
BRDA:38,2191,0,0
BRDA:38,2191,1,0
BRDA:38,2192,0,0
BRDA:38,2192,1,0
BRDA:38,2193,0,0
BRDA:38,2193,1,0
BRDA:38,2194,0,0
BRDA:38,2194,1,0
BRDA:38,2195,0,0
BRDA:38,2195,1,0
BRDA:38,2196,0,0
BRDA:38,2196,1,0
BRDA:38,2197,0,0
BRDA:38,2197,1,0
BRDA:38,2198,0,0
BRDA:38,2198,1,0
BRDA:38,2199,0,0
BRDA:38,2199,1,0
BRDA:38,2200,0,0
BRDA:38,2200,1,0
BRDA:38,2201,0,0
BRDA:38,2201,1,0
BRDA:38,2202,0,0
BRDA:38,2202,1,0
BRDA:38,2203,0,0
BRDA:38,2203,1,0
BRDA:38,2203,2,0
BRDA:38,2203,3,0
BRDA:38,2204,0,0
BRDA:38,2204,1,0
BRDA:38,2205,0,0
BRDA:38,2205,1,0
BRDA:38,2205,2,0
BRDA:38,2206,0,0
BRDA:38,2206,1,0
BRDA:38,2207,0,0
BRDA:38,2207,1,0
BRDA:38,2208,0,0
BRDA:38,2208,1,0
BRDA:38,2209,0,0
BRDA:38,2209,1,0
BRDA:38,2210,0,0
BRDA:38,2210,1,0
BRDA:38,2211,0,0
BRDA:38,2211,1,0
BRDA:38,2212,0,0
BRDA:38,2212,1,0
BRDA:38,2213,0,0
BRDA:38,2213,1,0
BRDA:38,2214,0,0
BRDA:38,2214,1,0
BRDA:38,2215,0,0
BRDA:38,2215,1,0
BRDA:38,2216,0,0
BRDA:38,2216,1,0
BRDA:38,2217,0,0
BRDA:38,2217,1,0
BRDA:38,2218,0,0
BRDA:38,2218,1,0
BRDA:38,2219,0,0
BRDA:38,2219,1,0
BRDA:38,2220,0,0
BRDA:38,2220,1,0
BRDA:38,2221,0,0
BRDA:38,2221,1,0
BRDA:38,2222,0,0
BRDA:38,2222,1,0
BRDA:38,2223,0,0
BRDA:38,2223,1,0
BRDA:38,2224,0,0
BRDA:38,2224,1,0
BRDA:38,2224,2,0
BRF:5145
BRH:0
end_of_record
TN:
SF:/Users/hezronkimutai/SIMS/REACT/pplfrontend/src/App.js
FN:7,App
FNF:1
FNH:1
FNDA:1,App
DA:8,1
LF:1
LH:1
BRF:0
BRH:0
end_of_record
TN:
SF:/Users/hezronkimutai/SIMS/REACT/pplfrontend/src/constants.js
FNF:0
FNH:0
DA:1,1
LF:1
LH:1
BRF:0
BRH:0
end_of_record
TN:
SF:/Users/hezronkimutai/SIMS/REACT/pplfrontend/src/index.js
FNF:0
FNH:0
DA:7,0
DA:8,0
LF:2
LH:0
BRF:0
BRH:0
end_of_record
TN:
SF:/Users/hezronkimutai/SIMS/REACT/pplfrontend/src/components/AddTodo.js
FN:6,(anonymous_0)
FN:11,(anonymous_1)
FN:15,(anonymous_2)
FN:20,(anonymous_3)
FN:24,(anonymous_4)
FNF:5
FNH:0
FNDA:0,(anonymous_0)
FNDA:0,(anonymous_1)
FNDA:0,(anonymous_2)
FNDA:0,(anonymous_3)
FNDA:0,(anonymous_4)
DA:7,0
DA:8,0
DA:11,0
DA:12,0
DA:15,0
DA:16,0
DA:17,0
DA:21,0
DA:24,0
LF:9
LH:0
BRF:0
BRH:0
end_of_record
TN:
SF:/Users/hezronkimutai/SIMS/REACT/pplfrontend/src/components/Todo.js
FN:6,(anonymous_0)
FN:7,(anonymous_1)
FNF:2
FNH:0
FNDA:0,(anonymous_0)
FNDA:0,(anonymous_1)
DA:6,1
DA:7,0
LF:2
LH:1
BRDA:8,0,0,0
BRDA:8,0,1,0
BRDA:8,1,0,0
BRDA:8,1,1,0
BRDA:12,2,0,0
BRDA:12,2,1,0
BRDA:12,2,2,0
BRF:7
BRH:0
end_of_record
TN:
SF:/Users/hezronkimutai/SIMS/REACT/pplfrontend/src/components/TodoList.js
FN:8,(anonymous_0)
FN:11,(anonymous_1)
FN:27,(anonymous_2)
FNF:3
FNH:0
FNDA:0,(anonymous_0)
FNDA:0,(anonymous_1)
FNDA:0,(anonymous_2)
DA:8,1
DA:9,0
DA:12,0
DA:27,1
DA:28,0
DA:29,0
DA:30,0
LF:7
LH:2
BRDA:10,0,0,0
BRDA:10,0,1,0
BRDA:10,1,0,0
BRDA:10,1,1,0
BRF:4
BRH:0
end_of_record
TN:
SF:/Users/hezronkimutai/SIMS/REACT/pplfrontend/src/components/VisibilityFilters.js
FN:7,(anonymous_0)
FN:10,(anonymous_1)
FN:19,(anonymous_2)
FN:31,(anonymous_3)
FNF:4
FNH:0
FNDA:0,(anonymous_0)
FNDA:0,(anonymous_1)
FNDA:0,(anonymous_2)
FNDA:0,(anonymous_3)
DA:7,1
DA:8,0
DA:11,0
DA:12,0
DA:20,0
DA:31,1
DA:32,0
LF:7
LH:2
BRDA:17,0,0,0
BRDA:17,0,1,0
BRF:2
BRH:0
end_of_record
TN:
SF:/Users/hezronkimutai/SIMS/REACT/pplfrontend/src/redux/actionTypes.js
FNF:0
FNH:0
DA:1,1
DA:2,1
DA:3,1
LF:3
LH:3
BRF:0
BRH:0
end_of_record
TN:
SF:/Users/hezronkimutai/SIMS/REACT/pplfrontend/src/redux/actions.js
FN:5,(anonymous_0)
FN:13,(anonymous_1)
FN:18,(anonymous_2)
FNF:3
FNH:0
FNDA:0,(anonymous_0)
FNDA:0,(anonymous_1)
FNDA:0,(anonymous_2)
DA:3,1
DA:5,1
DA:13,1
DA:18,1
LF:4
LH:4
BRF:0
BRH:0
end_of_record
TN:
SF:/Users/hezronkimutai/SIMS/REACT/pplfrontend/src/redux/selectors.js
FN:3,(anonymous_0)
FN:5,(anonymous_1)
FN:8,(anonymous_2)
FN:15,(anonymous_3)
FN:16,(anonymous_4)
FN:18,(anonymous_5)
FN:22,(anonymous_6)
FN:24,(anonymous_7)
FNF:8
FNH:0
FNDA:0,(anonymous_0)
FNDA:0,(anonymous_1)
FNDA:0,(anonymous_2)
FNDA:0,(anonymous_3)
FNDA:0,(anonymous_4)
FNDA:0,(anonymous_5)
FNDA:0,(anonymous_6)
FNDA:0,(anonymous_7)
DA:3,1
DA:5,1
DA:6,0
DA:8,1
DA:9,0
DA:15,1
DA:16,0
DA:18,1
DA:19,0
DA:20,0
DA:22,0
DA:24,0
DA:27,0
LF:13
LH:5
BRDA:6,0,0,0
BRDA:6,0,1,0
BRDA:9,1,0,0
BRDA:9,1,1,0
BRDA:20,2,0,0
BRDA:20,2,1,0
BRDA:20,2,2,0
BRDA:20,2,3,0
BRF:8
BRH:0
end_of_record
TN:
SF:/Users/hezronkimutai/SIMS/REACT/pplfrontend/src/redux/store.js
FNF:0
FNH:0
LF:0
LH:0
BRF:0
BRH:0
end_of_record
TN:
SF:/Users/hezronkimutai/SIMS/REACT/pplfrontend/src/redux/reducers/index.js
FNF:0
FNH:0
LF:0
LH:0
BRF:0
BRH:0
end_of_record
TN:
SF:/Users/hezronkimutai/SIMS/REACT/pplfrontend/src/redux/reducers/todos.js
FN:8,(anonymous_0)
FNF:1
FNH:0
FNDA:0,(anonymous_0)
DA:3,0
DA:9,0
DA:11,0
DA:12,0
DA:25,0
DA:26,0
DA:38,0
LF:7
LH:0
BRDA:8,0,0,0
BRDA:9,1,0,0
BRDA:9,1,1,0
BRDA:9,1,2,0
BRF:4
BRH:0
end_of_record
TN:
SF:/Users/hezronkimutai/SIMS/REACT/pplfrontend/src/redux/reducers/visibilityFilter.js
FN:6,(anonymous_0)
FNF:1
FNH:0
FNDA:0,(anonymous_0)
DA:4,0
DA:6,0
DA:7,0
DA:9,0
DA:12,0
LF:5
LH:0
BRDA:6,0,0,0
BRDA:7,1,0,0
BRDA:7,1,1,0
BRF:3
BRH:0
end_of_record
